=== Job started at Fri Apr 17 02:02:04 EDT 2026 ===
Node: b-19-34 | GPU: 0
Config: configs/jepa_small.yaml
Fri Apr 17 02:02:05 2026       
+-----------------------------------------------------------------------------------------+
| NVIDIA-SMI 580.126.09             Driver Version: 580.126.09     CUDA Version: 13.0     |
+-----------------------------------------+------------------------+----------------------+
| GPU  Name                 Persistence-M | Bus-Id          Disp.A | Volatile Uncorr. ECC |
| Fan  Temp   Perf          Pwr:Usage/Cap |           Memory-Usage | GPU-Util  Compute M. |
|                                         |                        |               MIG M. |
|=========================================+========================+======================|
|   0  NVIDIA A100-SXM4-40GB          On  |   00000000:00:04.0 Off |                    0 |
| N/A   31C    P0             44W /  400W |       0MiB /  40960MiB |      0%      Default |
|                                         |                        |             Disabled |
+-----------------------------------------+------------------------+----------------------+

+-----------------------------------------------------------------------------------------+
| Processes:                                                                              |
|  GPU   GI   CI              PID   Type   Process name                        GPU Memory |
|        ID   ID                                                               Usage      |
|=========================================================================================|
|  No running processes found                                                             |
+-----------------------------------------------------------------------------------------+
wandb: [wandb.login()] Loaded credentials for https://api.wandb.ai from WANDB_API_KEY.
wandb: Currently logged in as: psp8502 (psp8502-new-york-university) to https://api.wandb.ai. Use `wandb login --relogin` to force relogin
wandb: setting up run 5o75q188
wandb: Tracking run with wandb version 0.25.1
wandb: Run data is saved locally in /scratch/psp8502/dl-active-matter/wandb/run-20260417_020239-5o75q188
wandb: Run `wandb offline` to turn off syncing.
wandb: Syncing run fluent-hill-5
wandb: ⭐️ View project at https://wandb.ai/psp8502-new-york-university/dl-active-matter
wandb: 🚀 View run at https://wandb.ai/psp8502-new-york-university/dl-active-matter/runs/5o75q188
============================================================
EXPERIMENT: jepa_small
Checkpoints → /scratch/psp8502/checkpoints/jepa_small
============================================================
[train] 45 HDF5 files → 8750 samples (32 frames, 224×224 crop, stride=1)
[val] 16 HDF5 files → 1200 samples (32 frames, 224×224 crop, stride=1)
Total parameters: 15,979,776 (15.98M)
Auto-resumed from epoch 2
  Epoch 2 | Batch 0 | Total: 0.6086 | MSE: 0.3574 | VarLoss: 0.2512 | TargetStd: 0.6963
  Epoch 2 | Batch 50 | Total: 0.6118 | MSE: 0.3845 | VarLoss: 0.2273 | TargetStd: 0.6323
  Epoch 2 | Batch 100 | Total: 0.7940 | MSE: 0.5935 | VarLoss: 0.2006 | TargetStd: 0.8046
  Epoch 2 | Batch 150 | Total: 0.9364 | MSE: 0.6080 | VarLoss: 0.3284 | TargetStd: 0.8506
  Epoch 2 | Batch 200 | Total: 0.9272 | MSE: 0.4458 | VarLoss: 0.4814 | TargetStd: 0.6123
  Epoch 2 | Batch 250 | Total: 0.6313 | MSE: 0.2993 | VarLoss: 0.3320 | TargetStd: 0.6501
  Epoch 2 | Batch 300 | Total: 0.6293 | MSE: 0.4419 | VarLoss: 0.1874 | TargetStd: 0.7701
  Epoch 2 | Batch 350 | Total: 0.6644 | MSE: 0.4753 | VarLoss: 0.1891 | TargetStd: 0.8619
  Epoch 2 | Batch 400 | Total: 0.8347 | MSE: 0.3942 | VarLoss: 0.4404 | TargetStd: 0.5656
  Epoch 2 | Batch 450 | Total: 1.0226 | MSE: 0.4098 | VarLoss: 0.6128 | TargetStd: 0.5507
  Epoch 2 | Batch 500 | Total: 0.9208 | MSE: 0.5069 | VarLoss: 0.4138 | TargetStd: 0.5411
  Epoch 2 | Batch 550 | Total: 0.5021 | MSE: 0.2680 | VarLoss: 0.2341 | TargetStd: 0.6796
  Epoch 2 | Batch 600 | Total: 0.5621 | MSE: 0.4014 | VarLoss: 0.1606 | TargetStd: 0.7743
  Epoch 2 | Batch 650 | Total: 0.5598 | MSE: 0.2763 | VarLoss: 0.2834 | TargetStd: 0.7027
  Epoch 2 | Batch 700 | Total: 0.4913 | MSE: 0.2614 | VarLoss: 0.2299 | TargetStd: 0.6030
  Epoch 2 | Batch 750 | Total: 0.5724 | MSE: 0.4274 | VarLoss: 0.1450 | TargetStd: 0.7756
  Epoch 2 | Batch 800 | Total: 0.7198 | MSE: 0.4841 | VarLoss: 0.2357 | TargetStd: 0.8092
  Epoch 2 | Batch 850 | Total: 0.7076 | MSE: 0.5583 | VarLoss: 0.1493 | TargetStd: 0.8318
  Epoch 2 | Batch 900 | Total: 0.6334 | MSE: 0.4426 | VarLoss: 0.1908 | TargetStd: 0.7215
  Epoch 2 | Batch 950 | Total: 0.6655 | MSE: 0.3698 | VarLoss: 0.2957 | TargetStd: 0.7196
  Epoch 2 | Batch 1000 | Total: 1.0184 | MSE: 0.5882 | VarLoss: 0.4302 | TargetStd: 0.6472
  Epoch 2 | Batch 1050 | Total: 0.8506 | MSE: 0.3789 | VarLoss: 0.4717 | TargetStd: 0.6039
  Epoch 2 | Batch 1100 | Total: 1.1780 | MSE: 0.7051 | VarLoss: 0.4729 | TargetStd: 0.7685
  Epoch 2 | Batch 1150 | Total: 0.8811 | MSE: 0.4666 | VarLoss: 0.4146 | TargetStd: 0.6852
  Epoch 2 | Batch 1200 | Total: 0.6901 | MSE: 0.3519 | VarLoss: 0.3381 | TargetStd: 0.6113
  Epoch 2 | Batch 1250 | Total: 0.5315 | MSE: 0.3746 | VarLoss: 0.1569 | TargetStd: 0.7513
  Epoch 2 | Batch 1300 | Total: 0.6873 | MSE: 0.3885 | VarLoss: 0.2988 | TargetStd: 0.5561
  Epoch 2 | Batch 1350 | Total: 0.8130 | MSE: 0.3056 | VarLoss: 0.5073 | TargetStd: 0.4189
  Epoch 2 | Batch 1400 | Total: 1.3772 | MSE: 0.9866 | VarLoss: 0.3906 | TargetStd: 0.8417
  Epoch 2 | Batch 1450 | Total: 0.8293 | MSE: 0.2761 | VarLoss: 0.5532 | TargetStd: 0.3998
  Epoch 2 | Batch 1500 | Total: 0.7665 | MSE: 0.4223 | VarLoss: 0.3442 | TargetStd: 0.5761
  Epoch 2 | Batch 1550 | Total: 0.7653 | MSE: 0.4750 | VarLoss: 0.2903 | TargetStd: 0.5914
  Epoch 2 | Batch 1600 | Total: 0.6301 | MSE: 0.3633 | VarLoss: 0.2668 | TargetStd: 0.6598
  Epoch 2 | Batch 1650 | Total: 0.9947 | MSE: 0.5699 | VarLoss: 0.4248 | TargetStd: 0.7628
  Epoch 2 | Batch 1700 | Total: 0.8379 | MSE: 0.3296 | VarLoss: 0.5083 | TargetStd: 0.4753
  Epoch 2 | Batch 1750 | Total: 0.7033 | MSE: 0.4910 | VarLoss: 0.2123 | TargetStd: 0.7911
  Epoch 2 | Batch 1800 | Total: 0.6315 | MSE: 0.3537 | VarLoss: 0.2778 | TargetStd: 0.6803
  Epoch 2 | Batch 1850 | Total: 0.8752 | MSE: 0.3210 | VarLoss: 0.5542 | TargetStd: 0.4719
  Epoch 2 | Batch 1900 | Total: 1.1276 | MSE: 0.5753 | VarLoss: 0.5522 | TargetStd: 0.6798
  Epoch 2 | Batch 1950 | Total: 0.5823 | MSE: 0.3847 | VarLoss: 0.1976 | TargetStd: 0.8051
  Epoch 2 | Batch 2000 | Total: 0.5469 | MSE: 0.3334 | VarLoss: 0.2135 | TargetStd: 0.5754
  Epoch 2 | Batch 2050 | Total: 0.5851 | MSE: 0.3082 | VarLoss: 0.2769 | TargetStd: 0.6297
  Epoch 2 | Batch 2100 | Total: 0.5585 | MSE: 0.3787 | VarLoss: 0.1798 | TargetStd: 0.7659
  Epoch 2 | Batch 2150 | Total: 0.9684 | MSE: 0.6376 | VarLoss: 0.3308 | TargetStd: 0.8705
Epoch 2 | Train Loss: 0.7155 | Val Loss: 1.2343
  -> New best val loss: 1.2343
  Epoch 3 | Batch 0 | Total: 0.7163 | MSE: 0.3969 | VarLoss: 0.3193 | TargetStd: 0.6281
  Epoch 3 | Batch 50 | Total: 0.6431 | MSE: 0.4101 | VarLoss: 0.2330 | TargetStd: 0.7663
  Epoch 3 | Batch 100 | Total: 0.5679 | MSE: 0.4149 | VarLoss: 0.1530 | TargetStd: 0.7666
  Epoch 3 | Batch 150 | Total: 0.8596 | MSE: 0.3391 | VarLoss: 0.5205 | TargetStd: 0.3478
  Epoch 3 | Batch 200 | Total: 0.6793 | MSE: 0.4667 | VarLoss: 0.2126 | TargetStd: 0.7433
  Epoch 3 | Batch 250 | Total: 0.7102 | MSE: 0.4428 | VarLoss: 0.2673 | TargetStd: 0.7389
  Epoch 3 | Batch 300 | Total: 0.5980 | MSE: 0.3449 | VarLoss: 0.2532 | TargetStd: 0.6344
  Epoch 3 | Batch 350 | Total: 0.6035 | MSE: 0.4267 | VarLoss: 0.1768 | TargetStd: 0.7335
  Epoch 3 | Batch 400 | Total: 0.5231 | MSE: 0.3571 | VarLoss: 0.1660 | TargetStd: 0.6819
  Epoch 3 | Batch 450 | Total: 0.6254 | MSE: 0.4116 | VarLoss: 0.2139 | TargetStd: 0.7311
  Epoch 3 | Batch 500 | Total: 0.5943 | MSE: 0.3204 | VarLoss: 0.2739 | TargetStd: 0.6669
  Epoch 3 | Batch 550 | Total: 0.7893 | MSE: 0.3608 | VarLoss: 0.4285 | TargetStd: 0.4928
  Epoch 3 | Batch 600 | Total: 0.6563 | MSE: 0.4749 | VarLoss: 0.1814 | TargetStd: 0.7027
  Epoch 3 | Batch 650 | Total: 0.5406 | MSE: 0.2835 | VarLoss: 0.2571 | TargetStd: 0.6129
  Epoch 3 | Batch 700 | Total: 1.0313 | MSE: 0.4946 | VarLoss: 0.5366 | TargetStd: 0.6439
  Epoch 3 | Batch 750 | Total: 0.8588 | MSE: 0.5158 | VarLoss: 0.3430 | TargetStd: 0.6973
  Epoch 3 | Batch 800 | Total: 0.8932 | MSE: 0.4052 | VarLoss: 0.4880 | TargetStd: 0.6294
  Epoch 3 | Batch 850 | Total: 0.8737 | MSE: 0.3307 | VarLoss: 0.5430 | TargetStd: 0.4117
  Epoch 3 | Batch 900 | Total: 0.5436 | MSE: 0.3736 | VarLoss: 0.1700 | TargetStd: 0.7357
  Epoch 3 | Batch 950 | Total: 0.9205 | MSE: 0.4469 | VarLoss: 0.4736 | TargetStd: 0.6662
  Epoch 3 | Batch 1000 | Total: 0.6104 | MSE: 0.4835 | VarLoss: 0.1270 | TargetStd: 0.6925
  Epoch 3 | Batch 1050 | Total: 0.6050 | MSE: 0.4481 | VarLoss: 0.1570 | TargetStd: 0.7668
  Epoch 3 | Batch 1100 | Total: 0.4787 | MSE: 0.3466 | VarLoss: 0.1321 | TargetStd: 0.7280
  Epoch 3 | Batch 1150 | Total: 0.5854 | MSE: 0.3881 | VarLoss: 0.1973 | TargetStd: 0.7241
  Epoch 3 | Batch 1200 | Total: 0.7652 | MSE: 0.5228 | VarLoss: 0.2424 | TargetStd: 0.8333
  Epoch 3 | Batch 1250 | Total: 0.7957 | MSE: 0.5267 | VarLoss: 0.2690 | TargetStd: 0.7775
  Epoch 3 | Batch 1300 | Total: 0.7748 | MSE: 0.3961 | VarLoss: 0.3787 | TargetStd: 0.5383
  Epoch 3 | Batch 1350 | Total: 0.6217 | MSE: 0.3297 | VarLoss: 0.2920 | TargetStd: 0.5803
  Epoch 3 | Batch 1400 | Total: 0.6930 | MSE: 0.5336 | VarLoss: 0.1594 | TargetStd: 0.8121
  Epoch 3 | Batch 1450 | Total: 0.6197 | MSE: 0.3502 | VarLoss: 0.2695 | TargetStd: 0.6400
  Epoch 3 | Batch 1500 | Total: 0.5562 | MSE: 0.3146 | VarLoss: 0.2416 | TargetStd: 0.5465
  Epoch 3 | Batch 1550 | Total: 0.5616 | MSE: 0.3946 | VarLoss: 0.1670 | TargetStd: 0.7828
  Epoch 3 | Batch 1600 | Total: 0.7744 | MSE: 0.3987 | VarLoss: 0.3757 | TargetStd: 0.5149
  Epoch 3 | Batch 1650 | Total: 0.6472 | MSE: 0.4382 | VarLoss: 0.2090 | TargetStd: 0.6445
  Epoch 3 | Batch 1700 | Total: 0.8364 | MSE: 0.5073 | VarLoss: 0.3291 | TargetStd: 0.6249
  Epoch 3 | Batch 1750 | Total: 0.6704 | MSE: 0.3985 | VarLoss: 0.2720 | TargetStd: 0.6599
  Epoch 3 | Batch 1800 | Total: 0.5776 | MSE: 0.3173 | VarLoss: 0.2603 | TargetStd: 0.5440
  Epoch 3 | Batch 1850 | Total: 0.6010 | MSE: 0.2767 | VarLoss: 0.3242 | TargetStd: 0.5534
  Epoch 3 | Batch 1900 | Total: 0.7853 | MSE: 0.4789 | VarLoss: 0.3064 | TargetStd: 0.6584
  Epoch 3 | Batch 1950 | Total: 0.5112 | MSE: 0.3227 | VarLoss: 0.1885 | TargetStd: 0.5734
  Epoch 3 | Batch 2000 | Total: 0.7829 | MSE: 0.4262 | VarLoss: 0.3567 | TargetStd: 0.6227
  Epoch 3 | Batch 2050 | Total: 0.7240 | MSE: 0.3851 | VarLoss: 0.3389 | TargetStd: 0.4821
  Epoch 3 | Batch 2100 | Total: 0.7235 | MSE: 0.3143 | VarLoss: 0.4092 | TargetStd: 0.5809
  Epoch 3 | Batch 2150 | Total: 0.6997 | MSE: 0.3853 | VarLoss: 0.3145 | TargetStd: 0.6828
Epoch 3 | Train Loss: 0.7284 | Val Loss: 1.2179
  -> New best val loss: 1.2179
  Epoch 4 | Batch 0 | Total: 0.6409 | MSE: 0.5048 | VarLoss: 0.1361 | TargetStd: 0.7707
  Epoch 4 | Batch 50 | Total: 0.6878 | MSE: 0.4244 | VarLoss: 0.2634 | TargetStd: 0.7525
  Epoch 4 | Batch 100 | Total: 0.6956 | MSE: 0.5233 | VarLoss: 0.1724 | TargetStd: 0.8138
  Epoch 4 | Batch 150 | Total: 0.8332 | MSE: 0.4416 | VarLoss: 0.3916 | TargetStd: 0.6092
  Epoch 4 | Batch 200 | Total: 0.7569 | MSE: 0.3209 | VarLoss: 0.4360 | TargetStd: 0.5878
  Epoch 4 | Batch 250 | Total: 0.6914 | MSE: 0.4067 | VarLoss: 0.2847 | TargetStd: 0.6304
  Epoch 4 | Batch 300 | Total: 0.8395 | MSE: 0.4059 | VarLoss: 0.4336 | TargetStd: 0.6833
  Epoch 4 | Batch 350 | Total: 0.7611 | MSE: 0.4315 | VarLoss: 0.3296 | TargetStd: 0.7080
  Epoch 4 | Batch 400 | Total: 0.6506 | MSE: 0.4553 | VarLoss: 0.1953 | TargetStd: 0.7523
  Epoch 4 | Batch 450 | Total: 0.7873 | MSE: 0.4052 | VarLoss: 0.3821 | TargetStd: 0.5334
  Epoch 4 | Batch 500 | Total: 0.8040 | MSE: 0.5914 | VarLoss: 0.2126 | TargetStd: 0.7583
  Epoch 4 | Batch 550 | Total: 0.6912 | MSE: 0.4224 | VarLoss: 0.2688 | TargetStd: 0.6436
  Epoch 4 | Batch 600 | Total: 0.7158 | MSE: 0.3992 | VarLoss: 0.3167 | TargetStd: 0.7017
  Epoch 4 | Batch 650 | Total: 0.7499 | MSE: 0.3642 | VarLoss: 0.3857 | TargetStd: 0.4677
  Epoch 4 | Batch 700 | Total: 0.7329 | MSE: 0.4929 | VarLoss: 0.2400 | TargetStd: 0.7722
  Epoch 4 | Batch 750 | Total: 0.7449 | MSE: 0.3528 | VarLoss: 0.3921 | TargetStd: 0.4726
  Epoch 4 | Batch 800 | Total: 0.9225 | MSE: 0.4603 | VarLoss: 0.4622 | TargetStd: 0.6815
  Epoch 4 | Batch 850 | Total: 0.6094 | MSE: 0.3881 | VarLoss: 0.2213 | TargetStd: 0.6987
  Epoch 4 | Batch 900 | Total: 0.5787 | MSE: 0.2714 | VarLoss: 0.3074 | TargetStd: 0.5198
  Epoch 4 | Batch 950 | Total: 0.7073 | MSE: 0.3977 | VarLoss: 0.3096 | TargetStd: 0.5459
  Epoch 4 | Batch 1000 | Total: 0.7250 | MSE: 0.4276 | VarLoss: 0.2974 | TargetStd: 0.6173
  Epoch 4 | Batch 1050 | Total: 0.6550 | MSE: 0.4320 | VarLoss: 0.2230 | TargetStd: 0.7414
  Epoch 4 | Batch 1100 | Total: 0.5390 | MSE: 0.3895 | VarLoss: 0.1495 | TargetStd: 0.7229
  Epoch 4 | Batch 1150 | Total: 0.6201 | MSE: 0.3960 | VarLoss: 0.2241 | TargetStd: 0.6327
  Epoch 4 | Batch 1200 | Total: 0.6213 | MSE: 0.4469 | VarLoss: 0.1744 | TargetStd: 0.7467
  Epoch 4 | Batch 1250 | Total: 0.8146 | MSE: 0.5758 | VarLoss: 0.2388 | TargetStd: 0.7694
  Epoch 4 | Batch 1300 | Total: 0.5818 | MSE: 0.4189 | VarLoss: 0.1630 | TargetStd: 0.7578
  Epoch 4 | Batch 1350 | Total: 0.6552 | MSE: 0.4332 | VarLoss: 0.2220 | TargetStd: 0.7060
  Epoch 4 | Batch 1400 | Total: 0.9095 | MSE: 0.5777 | VarLoss: 0.3318 | TargetStd: 0.8131
  Epoch 4 | Batch 1450 | Total: 0.6594 | MSE: 0.4585 | VarLoss: 0.2009 | TargetStd: 0.7500
  Epoch 4 | Batch 1500 | Total: 0.7213 | MSE: 0.5091 | VarLoss: 0.2122 | TargetStd: 0.7906
  Epoch 4 | Batch 1550 | Total: 0.8011 | MSE: 0.3167 | VarLoss: 0.4844 | TargetStd: 0.4124
  Epoch 4 | Batch 1600 | Total: 0.7358 | MSE: 0.4685 | VarLoss: 0.2673 | TargetStd: 0.7501
  Epoch 4 | Batch 1650 | Total: 0.6908 | MSE: 0.4840 | VarLoss: 0.2068 | TargetStd: 0.5663
  Epoch 4 | Batch 1700 | Total: 0.7557 | MSE: 0.3465 | VarLoss: 0.4092 | TargetStd: 0.6307
  Epoch 4 | Batch 1750 | Total: 0.6091 | MSE: 0.4343 | VarLoss: 0.1748 | TargetStd: 0.7279
  Epoch 4 | Batch 1800 | Total: 0.6146 | MSE: 0.3251 | VarLoss: 0.2896 | TargetStd: 0.5675
  Epoch 4 | Batch 1850 | Total: 0.8806 | MSE: 0.4277 | VarLoss: 0.4529 | TargetStd: 0.6521
  Epoch 4 | Batch 1900 | Total: 0.6264 | MSE: 0.4894 | VarLoss: 0.1370 | TargetStd: 0.7244
  Epoch 4 | Batch 1950 | Total: 0.7804 | MSE: 0.5201 | VarLoss: 0.2603 | TargetStd: 0.7171
  Epoch 4 | Batch 2000 | Total: 0.6138 | MSE: 0.3091 | VarLoss: 0.3047 | TargetStd: 0.6163
  Epoch 4 | Batch 2050 | Total: 0.7688 | MSE: 0.3484 | VarLoss: 0.4204 | TargetStd: 0.5231
  Epoch 4 | Batch 2100 | Total: 0.8844 | MSE: 0.6112 | VarLoss: 0.2732 | TargetStd: 0.7628
  Epoch 4 | Batch 2150 | Total: 0.5737 | MSE: 0.2734 | VarLoss: 0.3003 | TargetStd: 0.5711
Epoch 4 | Train Loss: 0.7240 | Val Loss: 1.1461
  -> New best val loss: 1.1461
  Epoch 5 | Batch 0 | Total: 0.5861 | MSE: 0.3411 | VarLoss: 0.2450 | TargetStd: 0.5968
  Epoch 5 | Batch 50 | Total: 1.3132 | MSE: 0.7234 | VarLoss: 0.5898 | TargetStd: 0.6515
  Epoch 5 | Batch 100 | Total: 0.7347 | MSE: 0.4938 | VarLoss: 0.2408 | TargetStd: 0.7135
  Epoch 5 | Batch 150 | Total: 0.6074 | MSE: 0.3047 | VarLoss: 0.3027 | TargetStd: 0.6035
  Epoch 5 | Batch 200 | Total: 1.3014 | MSE: 0.6193 | VarLoss: 0.6821 | TargetStd: 0.6710
  Epoch 5 | Batch 250 | Total: 0.5490 | MSE: 0.2594 | VarLoss: 0.2896 | TargetStd: 0.5735
  Epoch 5 | Batch 300 | Total: 0.5469 | MSE: 0.3665 | VarLoss: 0.1804 | TargetStd: 0.6291
  Epoch 5 | Batch 350 | Total: 0.6448 | MSE: 0.2702 | VarLoss: 0.3745 | TargetStd: 0.5246
  Epoch 5 | Batch 400 | Total: 0.7038 | MSE: 0.4834 | VarLoss: 0.2203 | TargetStd: 0.7632
  Epoch 5 | Batch 450 | Total: 0.6428 | MSE: 0.3742 | VarLoss: 0.2686 | TargetStd: 0.6083
  Epoch 5 | Batch 500 | Total: 0.5959 | MSE: 0.3895 | VarLoss: 0.2064 | TargetStd: 0.6602
  Epoch 5 | Batch 550 | Total: 0.8497 | MSE: 0.5369 | VarLoss: 0.3127 | TargetStd: 0.7639
  Epoch 5 | Batch 600 | Total: 0.5891 | MSE: 0.2795 | VarLoss: 0.3096 | TargetStd: 0.5346
  Epoch 5 | Batch 650 | Total: 0.8173 | MSE: 0.4843 | VarLoss: 0.3330 | TargetStd: 0.6471
  Epoch 5 | Batch 700 | Total: 0.8198 | MSE: 0.2846 | VarLoss: 0.5352 | TargetStd: 0.3352
  Epoch 5 | Batch 750 | Total: 0.6579 | MSE: 0.3483 | VarLoss: 0.3096 | TargetStd: 0.6549
  Epoch 5 | Batch 800 | Total: 0.5960 | MSE: 0.3501 | VarLoss: 0.2458 | TargetStd: 0.6782
  Epoch 5 | Batch 850 | Total: 0.6327 | MSE: 0.2878 | VarLoss: 0.3450 | TargetStd: 0.5401
  Epoch 5 | Batch 900 | Total: 0.9013 | MSE: 0.4161 | VarLoss: 0.4851 | TargetStd: 0.5965
  Epoch 5 | Batch 950 | Total: 0.7246 | MSE: 0.3779 | VarLoss: 0.3467 | TargetStd: 0.6008
  Epoch 5 | Batch 1000 | Total: 0.8418 | MSE: 0.5140 | VarLoss: 0.3279 | TargetStd: 0.7891
  Epoch 5 | Batch 1050 | Total: 0.7979 | MSE: 0.4680 | VarLoss: 0.3298 | TargetStd: 0.6147
  Epoch 5 | Batch 1100 | Total: 0.6293 | MSE: 0.3678 | VarLoss: 0.2615 | TargetStd: 0.6484
  Epoch 5 | Batch 1150 | Total: 0.7193 | MSE: 0.4904 | VarLoss: 0.2289 | TargetStd: 0.7911
  Epoch 5 | Batch 1200 | Total: 0.6196 | MSE: 0.3503 | VarLoss: 0.2693 | TargetStd: 0.6990
  Epoch 5 | Batch 1250 | Total: 0.7839 | MSE: 0.4885 | VarLoss: 0.2954 | TargetStd: 0.6818
  Epoch 5 | Batch 1300 | Total: 0.6121 | MSE: 0.3947 | VarLoss: 0.2174 | TargetStd: 0.7110
  Epoch 5 | Batch 1350 | Total: 0.6486 | MSE: 0.3928 | VarLoss: 0.2559 | TargetStd: 0.6391
  Epoch 5 | Batch 1400 | Total: 0.8454 | MSE: 0.2756 | VarLoss: 0.5698 | TargetStd: 0.3156
  Epoch 5 | Batch 1450 | Total: 0.5889 | MSE: 0.4269 | VarLoss: 0.1620 | TargetStd: 0.6693
  Epoch 5 | Batch 1500 | Total: 0.5860 | MSE: 0.4088 | VarLoss: 0.1772 | TargetStd: 0.7218
  Epoch 5 | Batch 1550 | Total: 0.7084 | MSE: 0.4607 | VarLoss: 0.2477 | TargetStd: 0.7641
  Epoch 5 | Batch 1600 | Total: 0.8988 | MSE: 0.5311 | VarLoss: 0.3677 | TargetStd: 0.7456
  Epoch 5 | Batch 1650 | Total: 0.6120 | MSE: 0.3468 | VarLoss: 0.2651 | TargetStd: 0.6258
  Epoch 5 | Batch 1700 | Total: 0.7867 | MSE: 0.3531 | VarLoss: 0.4336 | TargetStd: 0.4348
  Epoch 5 | Batch 1750 | Total: 0.7727 | MSE: 0.4731 | VarLoss: 0.2996 | TargetStd: 0.7887
  Epoch 5 | Batch 1800 | Total: 0.7036 | MSE: 0.3256 | VarLoss: 0.3779 | TargetStd: 0.6011
  Epoch 5 | Batch 1850 | Total: 0.8708 | MSE: 0.2546 | VarLoss: 0.6162 | TargetStd: 0.4018
  Epoch 5 | Batch 1900 | Total: 0.6063 | MSE: 0.4318 | VarLoss: 0.1746 | TargetStd: 0.7809
  Epoch 5 | Batch 1950 | Total: 0.6893 | MSE: 0.5184 | VarLoss: 0.1709 | TargetStd: 0.7907
  Epoch 5 | Batch 2000 | Total: 0.6344 | MSE: 0.3309 | VarLoss: 0.3035 | TargetStd: 0.6075
  Epoch 5 | Batch 2050 | Total: 1.2243 | MSE: 0.7758 | VarLoss: 0.4485 | TargetStd: 0.5724
  Epoch 5 | Batch 2100 | Total: 0.7695 | MSE: 0.3498 | VarLoss: 0.4197 | TargetStd: 0.4882
  Epoch 5 | Batch 2150 | Total: 0.7017 | MSE: 0.5145 | VarLoss: 0.1873 | TargetStd: 0.7832
Epoch 5 | Train Loss: 0.6893 | Val Loss: 1.1554
  Epoch 6 | Batch 0 | Total: 0.7217 | MSE: 0.4375 | VarLoss: 0.2842 | TargetStd: 0.6659
  Epoch 6 | Batch 50 | Total: 0.6562 | MSE: 0.5054 | VarLoss: 0.1508 | TargetStd: 0.7956
  Epoch 6 | Batch 100 | Total: 0.6097 | MSE: 0.3812 | VarLoss: 0.2285 | TargetStd: 0.7174
  Epoch 6 | Batch 150 | Total: 0.7544 | MSE: 0.5159 | VarLoss: 0.2385 | TargetStd: 0.7107
  Epoch 6 | Batch 200 | Total: 0.7838 | MSE: 0.3075 | VarLoss: 0.4763 | TargetStd: 0.5838
  Epoch 6 | Batch 250 | Total: 0.6221 | MSE: 0.3835 | VarLoss: 0.2386 | TargetStd: 0.6479
  Epoch 6 | Batch 300 | Total: 0.6792 | MSE: 0.3367 | VarLoss: 0.3425 | TargetStd: 0.5415
  Epoch 6 | Batch 350 | Total: 0.8075 | MSE: 0.2923 | VarLoss: 0.5151 | TargetStd: 0.5052
  Epoch 6 | Batch 400 | Total: 0.5622 | MSE: 0.3835 | VarLoss: 0.1787 | TargetStd: 0.7708
  Epoch 6 | Batch 450 | Total: 0.6876 | MSE: 0.4853 | VarLoss: 0.2023 | TargetStd: 0.7900
  Epoch 6 | Batch 500 | Total: 0.6322 | MSE: 0.3751 | VarLoss: 0.2571 | TargetStd: 0.7228
  Epoch 6 | Batch 550 | Total: 0.7132 | MSE: 0.4457 | VarLoss: 0.2676 | TargetStd: 0.5868
  Epoch 6 | Batch 600 | Total: 0.7545 | MSE: 0.4445 | VarLoss: 0.3101 | TargetStd: 0.7349
  Epoch 6 | Batch 650 | Total: 0.9326 | MSE: 0.5405 | VarLoss: 0.3921 | TargetStd: 0.7630
  Epoch 6 | Batch 700 | Total: 0.6216 | MSE: 0.4423 | VarLoss: 0.1793 | TargetStd: 0.7718
  Epoch 6 | Batch 750 | Total: 0.5415 | MSE: 0.3936 | VarLoss: 0.1478 | TargetStd: 0.7209
  Epoch 6 | Batch 800 | Total: 0.6111 | MSE: 0.3689 | VarLoss: 0.2422 | TargetStd: 0.5847
  Epoch 6 | Batch 850 | Total: 0.6394 | MSE: 0.4596 | VarLoss: 0.1798 | TargetStd: 0.6858
  Epoch 6 | Batch 900 | Total: 0.6337 | MSE: 0.3319 | VarLoss: 0.3018 | TargetStd: 0.5918
  Epoch 6 | Batch 950 | Total: 0.6026 | MSE: 0.3409 | VarLoss: 0.2617 | TargetStd: 0.5547
  Epoch 6 | Batch 1000 | Total: 0.5661 | MSE: 0.2932 | VarLoss: 0.2729 | TargetStd: 0.6039
  Epoch 6 | Batch 1050 | Total: 0.6336 | MSE: 0.4615 | VarLoss: 0.1721 | TargetStd: 0.7847
  Epoch 6 | Batch 1100 | Total: 0.6713 | MSE: 0.3976 | VarLoss: 0.2737 | TargetStd: 0.6655
  Epoch 6 | Batch 1150 | Total: 0.8067 | MSE: 0.4803 | VarLoss: 0.3264 | TargetStd: 0.7625
  Epoch 6 | Batch 1200 | Total: 0.7555 | MSE: 0.3810 | VarLoss: 0.3745 | TargetStd: 0.5101
  Epoch 6 | Batch 1250 | Total: 0.5319 | MSE: 0.2718 | VarLoss: 0.2600 | TargetStd: 0.6223
  Epoch 6 | Batch 1300 | Total: 0.6169 | MSE: 0.3642 | VarLoss: 0.2527 | TargetStd: 0.5935
  Epoch 6 | Batch 1350 | Total: 0.6159 | MSE: 0.2475 | VarLoss: 0.3684 | TargetStd: 0.5444
  Epoch 6 | Batch 1400 | Total: 0.5801 | MSE: 0.4233 | VarLoss: 0.1567 | TargetStd: 0.7812
  Epoch 6 | Batch 1450 | Total: 0.9074 | MSE: 0.4667 | VarLoss: 0.4407 | TargetStd: 0.6923
  Epoch 6 | Batch 1500 | Total: 0.7782 | MSE: 0.4068 | VarLoss: 0.3713 | TargetStd: 0.5774
  Epoch 6 | Batch 1550 | Total: 0.6260 | MSE: 0.4109 | VarLoss: 0.2151 | TargetStd: 0.6630
  Epoch 6 | Batch 1600 | Total: 0.5963 | MSE: 0.2882 | VarLoss: 0.3081 | TargetStd: 0.5739
  Epoch 6 | Batch 1650 | Total: 0.7790 | MSE: 0.3767 | VarLoss: 0.4023 | TargetStd: 0.5627
  Epoch 6 | Batch 1700 | Total: 0.8979 | MSE: 0.4270 | VarLoss: 0.4709 | TargetStd: 0.5544
  Epoch 6 | Batch 1750 | Total: 0.8378 | MSE: 0.5009 | VarLoss: 0.3369 | TargetStd: 0.7562
  Epoch 6 | Batch 1800 | Total: 0.7486 | MSE: 0.5224 | VarLoss: 0.2262 | TargetStd: 0.7938
  Epoch 6 | Batch 1850 | Total: 0.6195 | MSE: 0.3849 | VarLoss: 0.2346 | TargetStd: 0.7429
  Epoch 6 | Batch 1900 | Total: 0.5770 | MSE: 0.3297 | VarLoss: 0.2473 | TargetStd: 0.6245
  Epoch 6 | Batch 1950 | Total: 0.7399 | MSE: 0.4931 | VarLoss: 0.2468 | TargetStd: 0.7432
  Epoch 6 | Batch 2000 | Total: 1.1698 | MSE: 0.8466 | VarLoss: 0.3232 | TargetStd: 0.6307
  Epoch 6 | Batch 2050 | Total: 0.6098 | MSE: 0.2478 | VarLoss: 0.3621 | TargetStd: 0.5223
  Epoch 6 | Batch 2100 | Total: 0.5311 | MSE: 0.3373 | VarLoss: 0.1938 | TargetStd: 0.6271
  Epoch 6 | Batch 2150 | Total: 0.6236 | MSE: 0.3500 | VarLoss: 0.2737 | TargetStd: 0.6300
Epoch 6 | Train Loss: 0.6858 | Val Loss: 1.1442
  -> New best val loss: 1.1442
  Epoch 7 | Batch 0 | Total: 0.5673 | MSE: 0.2562 | VarLoss: 0.3110 | TargetStd: 0.5202
  Epoch 7 | Batch 50 | Total: 1.1174 | MSE: 0.5798 | VarLoss: 0.5376 | TargetStd: 0.6927
  Epoch 7 | Batch 100 | Total: 0.6774 | MSE: 0.3569 | VarLoss: 0.3206 | TargetStd: 0.6060
  Epoch 7 | Batch 150 | Total: 0.7088 | MSE: 0.4459 | VarLoss: 0.2629 | TargetStd: 0.7386
  Epoch 7 | Batch 200 | Total: 0.6415 | MSE: 0.4354 | VarLoss: 0.2062 | TargetStd: 0.6626
  Epoch 7 | Batch 250 | Total: 0.6347 | MSE: 0.3635 | VarLoss: 0.2712 | TargetStd: 0.6616
  Epoch 7 | Batch 300 | Total: 0.5347 | MSE: 0.2907 | VarLoss: 0.2440 | TargetStd: 0.5377
  Epoch 7 | Batch 350 | Total: 0.5495 | MSE: 0.3450 | VarLoss: 0.2045 | TargetStd: 0.7433
  Epoch 7 | Batch 400 | Total: 0.5532 | MSE: 0.2602 | VarLoss: 0.2930 | TargetStd: 0.5497
  Epoch 7 | Batch 450 | Total: 0.7638 | MSE: 0.3954 | VarLoss: 0.3684 | TargetStd: 0.5546
  Epoch 7 | Batch 500 | Total: 0.5797 | MSE: 0.3800 | VarLoss: 0.1997 | TargetStd: 0.6604
  Epoch 7 | Batch 550 | Total: 0.6607 | MSE: 0.2562 | VarLoss: 0.4045 | TargetStd: 0.5447
  Epoch 7 | Batch 600 | Total: 0.5403 | MSE: 0.4059 | VarLoss: 0.1344 | TargetStd: 0.7560
  Epoch 7 | Batch 650 | Total: 0.8195 | MSE: 0.3942 | VarLoss: 0.4253 | TargetStd: 0.6034
  Epoch 7 | Batch 700 | Total: 1.0152 | MSE: 0.5265 | VarLoss: 0.4888 | TargetStd: 0.7057
  Epoch 7 | Batch 750 | Total: 0.6803 | MSE: 0.4766 | VarLoss: 0.2037 | TargetStd: 0.7066
  Epoch 7 | Batch 800 | Total: 0.5625 | MSE: 0.2823 | VarLoss: 0.2803 | TargetStd: 0.5270
  Epoch 7 | Batch 850 | Total: 0.6143 | MSE: 0.3599 | VarLoss: 0.2544 | TargetStd: 0.7142
  Epoch 7 | Batch 900 | Total: 0.7150 | MSE: 0.3354 | VarLoss: 0.3796 | TargetStd: 0.4985
  Epoch 7 | Batch 950 | Total: 0.5722 | MSE: 0.3262 | VarLoss: 0.2460 | TargetStd: 0.6360
  Epoch 7 | Batch 1000 | Total: 0.5471 | MSE: 0.2619 | VarLoss: 0.2852 | TargetStd: 0.4924
  Epoch 7 | Batch 1050 | Total: 0.7139 | MSE: 0.2969 | VarLoss: 0.4170 | TargetStd: 0.6137
  Epoch 7 | Batch 1100 | Total: 0.5370 | MSE: 0.3651 | VarLoss: 0.1719 | TargetStd: 0.7057
  Epoch 7 | Batch 1150 | Total: 0.6303 | MSE: 0.3911 | VarLoss: 0.2393 | TargetStd: 0.6919
  Epoch 7 | Batch 1200 | Total: 0.5488 | MSE: 0.2966 | VarLoss: 0.2522 | TargetStd: 0.6478
  Epoch 7 | Batch 1250 | Total: 0.7560 | MSE: 0.4342 | VarLoss: 0.3218 | TargetStd: 0.6905
  Epoch 7 | Batch 1300 | Total: 0.6406 | MSE: 0.4377 | VarLoss: 0.2029 | TargetStd: 0.7711
  Epoch 7 | Batch 1350 | Total: 0.6607 | MSE: 0.3076 | VarLoss: 0.3530 | TargetStd: 0.3508
  Epoch 7 | Batch 1400 | Total: 0.6584 | MSE: 0.4598 | VarLoss: 0.1986 | TargetStd: 0.7597
  Epoch 7 | Batch 1450 | Total: 0.7562 | MSE: 0.3043 | VarLoss: 0.4519 | TargetStd: 0.5383
  Epoch 7 | Batch 1500 | Total: 0.6231 | MSE: 0.3764 | VarLoss: 0.2467 | TargetStd: 0.6027
  Epoch 7 | Batch 1550 | Total: 0.6377 | MSE: 0.3647 | VarLoss: 0.2729 | TargetStd: 0.6469
  Epoch 7 | Batch 1600 | Total: 0.5257 | MSE: 0.2851 | VarLoss: 0.2406 | TargetStd: 0.6172
  Epoch 7 | Batch 1650 | Total: 0.6015 | MSE: 0.3583 | VarLoss: 0.2432 | TargetStd: 0.6172
  Epoch 7 | Batch 1700 | Total: 0.6787 | MSE: 0.4401 | VarLoss: 0.2385 | TargetStd: 0.7172
  Epoch 7 | Batch 1750 | Total: 0.4629 | MSE: 0.3060 | VarLoss: 0.1570 | TargetStd: 0.6953
  Epoch 7 | Batch 1800 | Total: 0.4769 | MSE: 0.3251 | VarLoss: 0.1519 | TargetStd: 0.6848
  Epoch 7 | Batch 1850 | Total: 0.5651 | MSE: 0.2455 | VarLoss: 0.3196 | TargetStd: 0.5031
  Epoch 7 | Batch 1900 | Total: 0.7678 | MSE: 0.3642 | VarLoss: 0.4036 | TargetStd: 0.5330
  Epoch 7 | Batch 1950 | Total: 0.7113 | MSE: 0.2909 | VarLoss: 0.4204 | TargetStd: 0.4998
  Epoch 7 | Batch 2000 | Total: 0.8310 | MSE: 0.4645 | VarLoss: 0.3665 | TargetStd: 0.7228
  Epoch 7 | Batch 2050 | Total: 0.5165 | MSE: 0.3619 | VarLoss: 0.1547 | TargetStd: 0.6521
  Epoch 7 | Batch 2100 | Total: 0.5730 | MSE: 0.3481 | VarLoss: 0.2250 | TargetStd: 0.6507
  Epoch 7 | Batch 2150 | Total: 0.5920 | MSE: 0.3925 | VarLoss: 0.1995 | TargetStd: 0.7247
Epoch 7 | Train Loss: 0.6601 | Val Loss: 1.1380
  -> New best val loss: 1.1380
  Epoch 8 | Batch 0 | Total: 0.5582 | MSE: 0.3309 | VarLoss: 0.2273 | TargetStd: 0.6296
  Epoch 8 | Batch 50 | Total: 0.6499 | MSE: 0.3072 | VarLoss: 0.3428 | TargetStd: 0.6087
  Epoch 8 | Batch 100 | Total: 0.4953 | MSE: 0.3027 | VarLoss: 0.1925 | TargetStd: 0.6306
  Epoch 8 | Batch 150 | Total: 0.6838 | MSE: 0.2705 | VarLoss: 0.4133 | TargetStd: 0.3965
  Epoch 8 | Batch 200 | Total: 0.5045 | MSE: 0.3071 | VarLoss: 0.1974 | TargetStd: 0.5928
  Epoch 8 | Batch 250 | Total: 0.6829 | MSE: 0.2830 | VarLoss: 0.3999 | TargetStd: 0.4887
  Epoch 8 | Batch 300 | Total: 0.5401 | MSE: 0.3296 | VarLoss: 0.2104 | TargetStd: 0.6014
  Epoch 8 | Batch 350 | Total: 0.4234 | MSE: 0.2370 | VarLoss: 0.1864 | TargetStd: 0.6130
  Epoch 8 | Batch 400 | Total: 0.7030 | MSE: 0.3288 | VarLoss: 0.3743 | TargetStd: 0.5069
  Epoch 8 | Batch 450 | Total: 0.6096 | MSE: 0.3196 | VarLoss: 0.2900 | TargetStd: 0.6276
  Epoch 8 | Batch 500 | Total: 0.6468 | MSE: 0.4125 | VarLoss: 0.2343 | TargetStd: 0.7107
  Epoch 8 | Batch 550 | Total: 0.9028 | MSE: 0.5920 | VarLoss: 0.3108 | TargetStd: 0.5519
  Epoch 8 | Batch 600 | Total: 0.5068 | MSE: 0.3305 | VarLoss: 0.1763 | TargetStd: 0.6879
  Epoch 8 | Batch 650 | Total: 0.6193 | MSE: 0.3688 | VarLoss: 0.2505 | TargetStd: 0.6273
  Epoch 8 | Batch 700 | Total: 0.6850 | MSE: 0.4623 | VarLoss: 0.2227 | TargetStd: 0.7514
  Epoch 8 | Batch 750 | Total: 0.5668 | MSE: 0.3320 | VarLoss: 0.2347 | TargetStd: 0.7139
  Epoch 8 | Batch 800 | Total: 0.5489 | MSE: 0.3541 | VarLoss: 0.1948 | TargetStd: 0.6594
  Epoch 8 | Batch 850 | Total: 0.8231 | MSE: 0.4516 | VarLoss: 0.3716 | TargetStd: 0.6224
  Epoch 8 | Batch 900 | Total: 0.6497 | MSE: 0.4242 | VarLoss: 0.2255 | TargetStd: 0.6855
  Epoch 8 | Batch 950 | Total: 0.6740 | MSE: 0.4057 | VarLoss: 0.2683 | TargetStd: 0.6365
  Epoch 8 | Batch 1000 | Total: 0.8715 | MSE: 0.4731 | VarLoss: 0.3984 | TargetStd: 0.5204
  Epoch 8 | Batch 1050 | Total: 0.7701 | MSE: 0.3307 | VarLoss: 0.4395 | TargetStd: 0.5297
  Epoch 8 | Batch 1100 | Total: 0.6233 | MSE: 0.3601 | VarLoss: 0.2632 | TargetStd: 0.6346
  Epoch 8 | Batch 1150 | Total: 0.6368 | MSE: 0.3724 | VarLoss: 0.2644 | TargetStd: 0.6816
  Epoch 8 | Batch 1200 | Total: 0.6406 | MSE: 0.3682 | VarLoss: 0.2725 | TargetStd: 0.6971
  Epoch 8 | Batch 1250 | Total: 0.6071 | MSE: 0.3672 | VarLoss: 0.2399 | TargetStd: 0.6533
  Epoch 8 | Batch 1300 | Total: 0.4785 | MSE: 0.3229 | VarLoss: 0.1556 | TargetStd: 0.6465
  Epoch 8 | Batch 1350 | Total: 0.5488 | MSE: 0.4079 | VarLoss: 0.1409 | TargetStd: 0.7022
  Epoch 8 | Batch 1400 | Total: 0.7025 | MSE: 0.4993 | VarLoss: 0.2032 | TargetStd: 0.7357
  Epoch 8 | Batch 1450 | Total: 0.7668 | MSE: 0.3017 | VarLoss: 0.4651 | TargetStd: 0.5066
  Epoch 8 | Batch 1500 | Total: 0.7038 | MSE: 0.3817 | VarLoss: 0.3220 | TargetStd: 0.6415
  Epoch 8 | Batch 1550 | Total: 0.6689 | MSE: 0.4018 | VarLoss: 0.2671 | TargetStd: 0.7079
  Epoch 8 | Batch 1600 | Total: 0.6899 | MSE: 0.3413 | VarLoss: 0.3486 | TargetStd: 0.5297
  Epoch 8 | Batch 1650 | Total: 0.7028 | MSE: 0.2983 | VarLoss: 0.4045 | TargetStd: 0.4848
  Epoch 8 | Batch 1700 | Total: 0.5704 | MSE: 0.2857 | VarLoss: 0.2847 | TargetStd: 0.5650
  Epoch 8 | Batch 1750 | Total: 0.7850 | MSE: 0.4295 | VarLoss: 0.3555 | TargetStd: 0.5585
  Epoch 8 | Batch 1800 | Total: 0.7054 | MSE: 0.3881 | VarLoss: 0.3174 | TargetStd: 0.5525
  Epoch 8 | Batch 1850 | Total: 0.5008 | MSE: 0.3379 | VarLoss: 0.1630 | TargetStd: 0.7076
  Epoch 8 | Batch 1900 | Total: 0.5790 | MSE: 0.4002 | VarLoss: 0.1788 | TargetStd: 0.7347
  Epoch 8 | Batch 1950 | Total: 0.5407 | MSE: 0.2531 | VarLoss: 0.2876 | TargetStd: 0.5770
  Epoch 8 | Batch 2000 | Total: 0.6300 | MSE: 0.3197 | VarLoss: 0.3103 | TargetStd: 0.5982
  Epoch 8 | Batch 2050 | Total: 0.6695 | MSE: 0.3123 | VarLoss: 0.3572 | TargetStd: 0.5954
  Epoch 8 | Batch 2100 | Total: 0.8174 | MSE: 0.2900 | VarLoss: 0.5273 | TargetStd: 0.3492
  Epoch 8 | Batch 2150 | Total: 0.6116 | MSE: 0.3622 | VarLoss: 0.2494 | TargetStd: 0.6778
Epoch 8 | Train Loss: 0.6506 | Val Loss: 1.1291
  -> New best val loss: 1.1291
  Epoch 9 | Batch 0 | Total: 0.5556 | MSE: 0.3306 | VarLoss: 0.2250 | TargetStd: 0.5967
  Epoch 9 | Batch 50 | Total: 0.6092 | MSE: 0.3497 | VarLoss: 0.2595 | TargetStd: 0.6251
  Epoch 9 | Batch 100 | Total: 0.5417 | MSE: 0.3475 | VarLoss: 0.1942 | TargetStd: 0.6745
  Epoch 9 | Batch 150 | Total: 0.6113 | MSE: 0.3691 | VarLoss: 0.2422 | TargetStd: 0.5890
  Epoch 9 | Batch 200 | Total: 0.5100 | MSE: 0.2628 | VarLoss: 0.2472 | TargetStd: 0.6731
  Epoch 9 | Batch 250 | Total: 0.6798 | MSE: 0.3886 | VarLoss: 0.2913 | TargetStd: 0.6980
  Epoch 9 | Batch 300 | Total: 0.5121 | MSE: 0.3303 | VarLoss: 0.1818 | TargetStd: 0.6979
  Epoch 9 | Batch 350 | Total: 0.7272 | MSE: 0.3895 | VarLoss: 0.3376 | TargetStd: 0.6238
  Epoch 9 | Batch 400 | Total: 0.5689 | MSE: 0.3940 | VarLoss: 0.1749 | TargetStd: 0.7227
  Epoch 9 | Batch 450 | Total: 0.7537 | MSE: 0.2637 | VarLoss: 0.4900 | TargetStd: 0.4378
  Epoch 9 | Batch 500 | Total: 0.6545 | MSE: 0.4167 | VarLoss: 0.2378 | TargetStd: 0.6568
  Epoch 9 | Batch 550 | Total: 0.5787 | MSE: 0.3599 | VarLoss: 0.2188 | TargetStd: 0.7039
  Epoch 9 | Batch 600 | Total: 0.7649 | MSE: 0.3269 | VarLoss: 0.4380 | TargetStd: 0.4296
  Epoch 9 | Batch 650 | Total: 0.7338 | MSE: 0.4283 | VarLoss: 0.3054 | TargetStd: 0.6710
  Epoch 9 | Batch 700 | Total: 0.7462 | MSE: 0.3751 | VarLoss: 0.3711 | TargetStd: 0.6072
  Epoch 9 | Batch 750 | Total: 0.5767 | MSE: 0.3544 | VarLoss: 0.2223 | TargetStd: 0.6782
  Epoch 9 | Batch 800 | Total: 0.7029 | MSE: 0.4463 | VarLoss: 0.2566 | TargetStd: 0.7177
  Epoch 9 | Batch 850 | Total: 0.5754 | MSE: 0.3267 | VarLoss: 0.2487 | TargetStd: 0.6513
  Epoch 9 | Batch 900 | Total: 0.6167 | MSE: 0.4120 | VarLoss: 0.2047 | TargetStd: 0.6796
  Epoch 9 | Batch 950 | Total: 0.5582 | MSE: 0.2984 | VarLoss: 0.2598 | TargetStd: 0.6465
  Epoch 9 | Batch 1000 | Total: 0.7017 | MSE: 0.3617 | VarLoss: 0.3401 | TargetStd: 0.5468
  Epoch 9 | Batch 1050 | Total: 0.7662 | MSE: 0.2613 | VarLoss: 0.5049 | TargetStd: 0.3239
  Epoch 9 | Batch 1100 | Total: 0.7161 | MSE: 0.4561 | VarLoss: 0.2600 | TargetStd: 0.5783
  Epoch 9 | Batch 1150 | Total: 0.5816 | MSE: 0.2948 | VarLoss: 0.2869 | TargetStd: 0.5945
  Epoch 9 | Batch 1200 | Total: 0.6736 | MSE: 0.3338 | VarLoss: 0.3398 | TargetStd: 0.4920
  Epoch 9 | Batch 1250 | Total: 0.5657 | MSE: 0.3836 | VarLoss: 0.1821 | TargetStd: 0.6561
  Epoch 9 | Batch 1300 | Total: 0.5397 | MSE: 0.3450 | VarLoss: 0.1947 | TargetStd: 0.6317
  Epoch 9 | Batch 1350 | Total: 0.7874 | MSE: 0.2269 | VarLoss: 0.5605 | TargetStd: 0.2886
  Epoch 9 | Batch 1400 | Total: 0.5244 | MSE: 0.3562 | VarLoss: 0.1682 | TargetStd: 0.6413
  Epoch 9 | Batch 1450 | Total: 0.5763 | MSE: 0.2653 | VarLoss: 0.3110 | TargetStd: 0.5000
  Epoch 9 | Batch 1500 | Total: 0.5155 | MSE: 0.3249 | VarLoss: 0.1906 | TargetStd: 0.6066
  Epoch 9 | Batch 1550 | Total: 0.5648 | MSE: 0.3881 | VarLoss: 0.1766 | TargetStd: 0.6622
  Epoch 9 | Batch 1600 | Total: 0.6234 | MSE: 0.2840 | VarLoss: 0.3394 | TargetStd: 0.5496
  Epoch 9 | Batch 1650 | Total: 0.6433 | MSE: 0.3728 | VarLoss: 0.2705 | TargetStd: 0.6721
  Epoch 9 | Batch 1700 | Total: 0.5128 | MSE: 0.2513 | VarLoss: 0.2615 | TargetStd: 0.5086
  Epoch 9 | Batch 1750 | Total: 0.6729 | MSE: 0.3829 | VarLoss: 0.2900 | TargetStd: 0.5613
  Epoch 9 | Batch 1800 | Total: 0.7520 | MSE: 0.4111 | VarLoss: 0.3408 | TargetStd: 0.6819
  Epoch 9 | Batch 1850 | Total: 0.7050 | MSE: 0.4397 | VarLoss: 0.2654 | TargetStd: 0.7059
  Epoch 9 | Batch 1900 | Total: 0.8809 | MSE: 0.4166 | VarLoss: 0.4644 | TargetStd: 0.5770
  Epoch 9 | Batch 1950 | Total: 0.7691 | MSE: 0.2476 | VarLoss: 0.5215 | TargetStd: 0.3220
  Epoch 9 | Batch 2000 | Total: 0.6421 | MSE: 0.3735 | VarLoss: 0.2686 | TargetStd: 0.6097
  Epoch 9 | Batch 2050 | Total: 0.7381 | MSE: 0.3660 | VarLoss: 0.3721 | TargetStd: 0.5430
  Epoch 9 | Batch 2100 | Total: 0.6025 | MSE: 0.3459 | VarLoss: 0.2566 | TargetStd: 0.6194
  Epoch 9 | Batch 2150 | Total: 0.5366 | MSE: 0.3037 | VarLoss: 0.2329 | TargetStd: 0.6205
Epoch 9 | Train Loss: 0.6540 | Val Loss: 1.1205
  -> New best val loss: 1.1205
  -> Saved periodic checkpoint: epoch_10.pt
  Epoch 10 | Batch 0 | Total: 0.8650 | MSE: 0.5408 | VarLoss: 0.3242 | TargetStd: 0.7114
  Epoch 10 | Batch 50 | Total: 0.7085 | MSE: 0.4019 | VarLoss: 0.3066 | TargetStd: 0.6665
  Epoch 10 | Batch 100 | Total: 0.8545 | MSE: 0.5096 | VarLoss: 0.3450 | TargetStd: 0.6616
  Epoch 10 | Batch 150 | Total: 0.6006 | MSE: 0.4610 | VarLoss: 0.1395 | TargetStd: 0.7371
  Epoch 10 | Batch 200 | Total: 0.7271 | MSE: 0.3965 | VarLoss: 0.3306 | TargetStd: 0.6319
  Epoch 10 | Batch 250 | Total: 0.7393 | MSE: 0.3289 | VarLoss: 0.4104 | TargetStd: 0.5677
  Epoch 10 | Batch 300 | Total: 0.4663 | MSE: 0.2845 | VarLoss: 0.1819 | TargetStd: 0.6414
  Epoch 10 | Batch 350 | Total: 0.5349 | MSE: 0.4054 | VarLoss: 0.1295 | TargetStd: 0.6294
  Epoch 10 | Batch 400 | Total: 0.7478 | MSE: 0.3059 | VarLoss: 0.4419 | TargetStd: 0.4753
  Epoch 10 | Batch 450 | Total: 0.4827 | MSE: 0.3507 | VarLoss: 0.1320 | TargetStd: 0.7352
  Epoch 10 | Batch 500 | Total: 0.5533 | MSE: 0.3292 | VarLoss: 0.2241 | TargetStd: 0.6066
  Epoch 10 | Batch 550 | Total: 0.5802 | MSE: 0.3330 | VarLoss: 0.2472 | TargetStd: 0.5937
  Epoch 10 | Batch 600 | Total: 0.9226 | MSE: 0.4543 | VarLoss: 0.4683 | TargetStd: 0.6725
  Epoch 10 | Batch 650 | Total: 0.6077 | MSE: 0.3402 | VarLoss: 0.2676 | TargetStd: 0.6339
  Epoch 10 | Batch 700 | Total: 0.7030 | MSE: 0.3043 | VarLoss: 0.3987 | TargetStd: 0.5435
  Epoch 10 | Batch 750 | Total: 0.8101 | MSE: 0.2710 | VarLoss: 0.5391 | TargetStd: 0.3683
  Epoch 10 | Batch 800 | Total: 0.5761 | MSE: 0.3791 | VarLoss: 0.1970 | TargetStd: 0.6871
  Epoch 10 | Batch 850 | Total: 0.6574 | MSE: 0.4177 | VarLoss: 0.2396 | TargetStd: 0.6776
  Epoch 10 | Batch 900 | Total: 0.5667 | MSE: 0.4043 | VarLoss: 0.1624 | TargetStd: 0.7374
  Epoch 10 | Batch 950 | Total: 0.6333 | MSE: 0.3708 | VarLoss: 0.2625 | TargetStd: 0.6467
  Epoch 10 | Batch 1000 | Total: 0.7403 | MSE: 0.3619 | VarLoss: 0.3784 | TargetStd: 0.6131
  Epoch 10 | Batch 1050 | Total: 0.7960 | MSE: 0.4998 | VarLoss: 0.2961 | TargetStd: 0.7020
  Epoch 10 | Batch 1100 | Total: 0.7191 | MSE: 0.4029 | VarLoss: 0.3162 | TargetStd: 0.6631
  Epoch 10 | Batch 1150 | Total: 0.5260 | MSE: 0.2861 | VarLoss: 0.2399 | TargetStd: 0.6175
  Epoch 10 | Batch 1200 | Total: 0.5764 | MSE: 0.3673 | VarLoss: 0.2091 | TargetStd: 0.6574
  Epoch 10 | Batch 1250 | Total: 0.5716 | MSE: 0.2826 | VarLoss: 0.2891 | TargetStd: 0.5641
  Epoch 10 | Batch 1300 | Total: 0.7155 | MSE: 0.3745 | VarLoss: 0.3411 | TargetStd: 0.5244
  Epoch 10 | Batch 1350 | Total: 0.5702 | MSE: 0.3415 | VarLoss: 0.2286 | TargetStd: 0.5507
  Epoch 10 | Batch 1400 | Total: 0.6669 | MSE: 0.3993 | VarLoss: 0.2676 | TargetStd: 0.6530
  Epoch 10 | Batch 1450 | Total: 0.7560 | MSE: 0.4362 | VarLoss: 0.3198 | TargetStd: 0.7096
  Epoch 10 | Batch 1500 | Total: 0.7165 | MSE: 0.3041 | VarLoss: 0.4124 | TargetStd: 0.4970
  Epoch 10 | Batch 1550 | Total: 0.5233 | MSE: 0.3304 | VarLoss: 0.1929 | TargetStd: 0.6674
  Epoch 10 | Batch 1600 | Total: 0.5820 | MSE: 0.4125 | VarLoss: 0.1694 | TargetStd: 0.7483
  Epoch 10 | Batch 1650 | Total: 0.9183 | MSE: 0.3225 | VarLoss: 0.5957 | TargetStd: 0.5156
  Epoch 10 | Batch 1700 | Total: 0.5275 | MSE: 0.3648 | VarLoss: 0.1627 | TargetStd: 0.6593
  Epoch 10 | Batch 1750 | Total: 0.5119 | MSE: 0.2904 | VarLoss: 0.2214 | TargetStd: 0.5971
  Epoch 10 | Batch 1800 | Total: 0.6777 | MSE: 0.4530 | VarLoss: 0.2247 | TargetStd: 0.7219
  Epoch 10 | Batch 1850 | Total: 0.5544 | MSE: 0.3347 | VarLoss: 0.2197 | TargetStd: 0.6427
  Epoch 10 | Batch 1900 | Total: 0.6038 | MSE: 0.3389 | VarLoss: 0.2649 | TargetStd: 0.6562
  Epoch 10 | Batch 1950 | Total: 0.7015 | MSE: 0.2889 | VarLoss: 0.4126 | TargetStd: 0.5315
  Epoch 10 | Batch 2000 | Total: 0.5024 | MSE: 0.3048 | VarLoss: 0.1975 | TargetStd: 0.6219
  Epoch 10 | Batch 2050 | Total: 0.5844 | MSE: 0.3601 | VarLoss: 0.2242 | TargetStd: 0.6718
  Epoch 10 | Batch 2100 | Total: 0.5770 | MSE: 0.3367 | VarLoss: 0.2402 | TargetStd: 0.5730
  Epoch 10 | Batch 2150 | Total: 0.5248 | MSE: 0.3431 | VarLoss: 0.1818 | TargetStd: 0.6147
Epoch 10 | Train Loss: 0.6449 | Val Loss: 1.0980
  -> New best val loss: 1.0980
  Epoch 11 | Batch 0 | Total: 0.6309 | MSE: 0.4397 | VarLoss: 0.1913 | TargetStd: 0.7271
  Epoch 11 | Batch 50 | Total: 0.4994 | MSE: 0.3173 | VarLoss: 0.1821 | TargetStd: 0.6301
  Epoch 11 | Batch 100 | Total: 0.6261 | MSE: 0.2934 | VarLoss: 0.3328 | TargetStd: 0.5326
  Epoch 11 | Batch 150 | Total: 0.6829 | MSE: 0.3721 | VarLoss: 0.3108 | TargetStd: 0.6361
  Epoch 11 | Batch 200 | Total: 0.7547 | MSE: 0.2893 | VarLoss: 0.4653 | TargetStd: 0.3921
  Epoch 11 | Batch 250 | Total: 0.7433 | MSE: 0.4081 | VarLoss: 0.3352 | TargetStd: 0.6912
  Epoch 11 | Batch 300 | Total: 0.5030 | MSE: 0.3183 | VarLoss: 0.1847 | TargetStd: 0.6375
  Epoch 11 | Batch 350 | Total: 0.6445 | MSE: 0.3769 | VarLoss: 0.2676 | TargetStd: 0.6388
  Epoch 11 | Batch 400 | Total: 0.6341 | MSE: 0.4716 | VarLoss: 0.1625 | TargetStd: 0.7191
  Epoch 11 | Batch 450 | Total: 0.6164 | MSE: 0.4005 | VarLoss: 0.2158 | TargetStd: 0.6722
  Epoch 11 | Batch 500 | Total: 0.5084 | MSE: 0.2474 | VarLoss: 0.2610 | TargetStd: 0.5509
  Epoch 11 | Batch 550 | Total: 0.4990 | MSE: 0.2881 | VarLoss: 0.2109 | TargetStd: 0.5274
  Epoch 11 | Batch 600 | Total: 0.6050 | MSE: 0.4166 | VarLoss: 0.1884 | TargetStd: 0.6514
  Epoch 11 | Batch 650 | Total: 0.7379 | MSE: 0.2589 | VarLoss: 0.4790 | TargetStd: 0.4228
  Epoch 11 | Batch 700 | Total: 0.8500 | MSE: 0.3912 | VarLoss: 0.4587 | TargetStd: 0.5646
  Epoch 11 | Batch 750 | Total: 0.5463 | MSE: 0.3212 | VarLoss: 0.2251 | TargetStd: 0.6038
  Epoch 11 | Batch 800 | Total: 0.8188 | MSE: 0.2905 | VarLoss: 0.5283 | TargetStd: 0.4735
  Epoch 11 | Batch 850 | Total: 0.6878 | MSE: 0.4237 | VarLoss: 0.2642 | TargetStd: 0.6085
  Epoch 11 | Batch 900 | Total: 0.6182 | MSE: 0.3795 | VarLoss: 0.2386 | TargetStd: 0.7083
  Epoch 11 | Batch 950 | Total: 0.5916 | MSE: 0.3554 | VarLoss: 0.2362 | TargetStd: 0.6464
  Epoch 11 | Batch 1000 | Total: 0.6734 | MSE: 0.3380 | VarLoss: 0.3354 | TargetStd: 0.5225
  Epoch 11 | Batch 1050 | Total: 0.5645 | MSE: 0.3469 | VarLoss: 0.2177 | TargetStd: 0.6013
  Epoch 11 | Batch 1100 | Total: 0.6084 | MSE: 0.3916 | VarLoss: 0.2168 | TargetStd: 0.6834
  Epoch 11 | Batch 1150 | Total: 0.5383 | MSE: 0.2896 | VarLoss: 0.2488 | TargetStd: 0.6021
  Epoch 11 | Batch 1200 | Total: 0.6499 | MSE: 0.4069 | VarLoss: 0.2429 | TargetStd: 0.6258
  Epoch 11 | Batch 1250 | Total: 0.8084 | MSE: 0.2747 | VarLoss: 0.5337 | TargetStd: 0.3390
  Epoch 11 | Batch 1300 | Total: 0.5469 | MSE: 0.3681 | VarLoss: 0.1788 | TargetStd: 0.6754
  Epoch 11 | Batch 1350 | Total: 0.6389 | MSE: 0.4036 | VarLoss: 0.2352 | TargetStd: 0.6527
  Epoch 11 | Batch 1400 | Total: 0.6447 | MSE: 0.3493 | VarLoss: 0.2954 | TargetStd: 0.6437
  Epoch 11 | Batch 1450 | Total: 0.8105 | MSE: 0.3415 | VarLoss: 0.4690 | TargetStd: 0.4835
  Epoch 11 | Batch 1500 | Total: 0.7742 | MSE: 0.3179 | VarLoss: 0.4563 | TargetStd: 0.4929
  Epoch 11 | Batch 1550 | Total: 0.6840 | MSE: 0.2929 | VarLoss: 0.3911 | TargetStd: 0.5556
  Epoch 11 | Batch 1600 | Total: 0.7645 | MSE: 0.4030 | VarLoss: 0.3616 | TargetStd: 0.6222
  Epoch 11 | Batch 1650 | Total: 0.8034 | MSE: 0.3131 | VarLoss: 0.4902 | TargetStd: 0.4325
  Epoch 11 | Batch 1700 | Total: 0.5910 | MSE: 0.2636 | VarLoss: 0.3274 | TargetStd: 0.4727
  Epoch 11 | Batch 1750 | Total: 0.5831 | MSE: 0.3353 | VarLoss: 0.2478 | TargetStd: 0.6665
  Epoch 11 | Batch 1800 | Total: 0.5426 | MSE: 0.2716 | VarLoss: 0.2710 | TargetStd: 0.5295
  Epoch 11 | Batch 1850 | Total: 0.5929 | MSE: 0.2909 | VarLoss: 0.3020 | TargetStd: 0.5318
  Epoch 11 | Batch 1900 | Total: 0.5732 | MSE: 0.3132 | VarLoss: 0.2600 | TargetStd: 0.5325
  Epoch 11 | Batch 1950 | Total: 0.6046 | MSE: 0.3097 | VarLoss: 0.2949 | TargetStd: 0.5928
  Epoch 11 | Batch 2000 | Total: 0.5671 | MSE: 0.3413 | VarLoss: 0.2258 | TargetStd: 0.6145
  Epoch 11 | Batch 2050 | Total: 0.5926 | MSE: 0.3783 | VarLoss: 0.2144 | TargetStd: 0.6164
  Epoch 11 | Batch 2100 | Total: 0.5723 | MSE: 0.3153 | VarLoss: 0.2571 | TargetStd: 0.5853
  Epoch 11 | Batch 2150 | Total: 0.5775 | MSE: 0.3063 | VarLoss: 0.2712 | TargetStd: 0.5686
Epoch 11 | Train Loss: 0.6409 | Val Loss: 1.0813
  -> New best val loss: 1.0813
  Epoch 12 | Batch 0 | Total: 0.6639 | MSE: 0.3624 | VarLoss: 0.3015 | TargetStd: 0.6546
  Epoch 12 | Batch 50 | Total: 0.5375 | MSE: 0.3211 | VarLoss: 0.2164 | TargetStd: 0.5802
  Epoch 12 | Batch 100 | Total: 0.6575 | MSE: 0.3818 | VarLoss: 0.2756 | TargetStd: 0.6624
  Epoch 12 | Batch 150 | Total: 0.6063 | MSE: 0.3834 | VarLoss: 0.2229 | TargetStd: 0.6054
  Epoch 12 | Batch 200 | Total: 0.6520 | MSE: 0.3781 | VarLoss: 0.2739 | TargetStd: 0.6363
  Epoch 12 | Batch 250 | Total: 0.6758 | MSE: 0.3391 | VarLoss: 0.3367 | TargetStd: 0.5110
  Epoch 12 | Batch 300 | Total: 0.5346 | MSE: 0.3014 | VarLoss: 0.2332 | TargetStd: 0.5507
  Epoch 12 | Batch 350 | Total: 0.5753 | MSE: 0.3980 | VarLoss: 0.1774 | TargetStd: 0.6939
  Epoch 12 | Batch 400 | Total: 0.6010 | MSE: 0.3721 | VarLoss: 0.2289 | TargetStd: 0.6952
  Epoch 12 | Batch 450 | Total: 0.8161 | MSE: 0.4162 | VarLoss: 0.3999 | TargetStd: 0.6648
  Epoch 12 | Batch 500 | Total: 0.6811 | MSE: 0.2907 | VarLoss: 0.3904 | TargetStd: 0.4936
  Epoch 12 | Batch 550 | Total: 0.5777 | MSE: 0.3067 | VarLoss: 0.2710 | TargetStd: 0.5669
  Epoch 12 | Batch 600 | Total: 0.5863 | MSE: 0.2860 | VarLoss: 0.3003 | TargetStd: 0.5186
  Epoch 12 | Batch 650 | Total: 0.6417 | MSE: 0.3158 | VarLoss: 0.3259 | TargetStd: 0.5230
  Epoch 12 | Batch 700 | Total: 0.6120 | MSE: 0.3376 | VarLoss: 0.2744 | TargetStd: 0.6018
  Epoch 12 | Batch 750 | Total: 0.6730 | MSE: 0.3483 | VarLoss: 0.3247 | TargetStd: 0.5993
  Epoch 12 | Batch 800 | Total: 0.7467 | MSE: 0.3404 | VarLoss: 0.4062 | TargetStd: 0.5086
  Epoch 12 | Batch 850 | Total: 0.7484 | MSE: 0.3456 | VarLoss: 0.4028 | TargetStd: 0.5643
  Epoch 12 | Batch 900 | Total: 0.7356 | MSE: 0.3718 | VarLoss: 0.3638 | TargetStd: 0.6794
  Epoch 12 | Batch 950 | Total: 0.5727 | MSE: 0.2377 | VarLoss: 0.3350 | TargetStd: 0.5012
  Epoch 12 | Batch 1000 | Total: 0.5154 | MSE: 0.3619 | VarLoss: 0.1534 | TargetStd: 0.6601
  Epoch 12 | Batch 1050 | Total: 0.6704 | MSE: 0.3274 | VarLoss: 0.3430 | TargetStd: 0.5696
  Epoch 12 | Batch 1100 | Total: 0.6271 | MSE: 0.3395 | VarLoss: 0.2876 | TargetStd: 0.5600
  Epoch 12 | Batch 1150 | Total: 0.6747 | MSE: 0.3888 | VarLoss: 0.2859 | TargetStd: 0.5714
  Epoch 12 | Batch 1200 | Total: 0.7800 | MSE: 0.4214 | VarLoss: 0.3586 | TargetStd: 0.6418
  Epoch 12 | Batch 1250 | Total: 0.6696 | MSE: 0.3390 | VarLoss: 0.3306 | TargetStd: 0.5191
  Epoch 12 | Batch 1300 | Total: 0.5881 | MSE: 0.3485 | VarLoss: 0.2396 | TargetStd: 0.6444
  Epoch 12 | Batch 1350 | Total: 0.5423 | MSE: 0.2923 | VarLoss: 0.2500 | TargetStd: 0.5811
  Epoch 12 | Batch 1400 | Total: 0.5382 | MSE: 0.3401 | VarLoss: 0.1981 | TargetStd: 0.7007
  Epoch 12 | Batch 1450 | Total: 0.7700 | MSE: 0.2883 | VarLoss: 0.4817 | TargetStd: 0.2806
  Epoch 12 | Batch 1500 | Total: 0.5845 | MSE: 0.3587 | VarLoss: 0.2258 | TargetStd: 0.6545
  Epoch 12 | Batch 1550 | Total: 0.5784 | MSE: 0.3121 | VarLoss: 0.2664 | TargetStd: 0.5838
  Epoch 12 | Batch 1600 | Total: 0.6140 | MSE: 0.3198 | VarLoss: 0.2942 | TargetStd: 0.6233
  Epoch 12 | Batch 1650 | Total: 0.7272 | MSE: 0.3119 | VarLoss: 0.4153 | TargetStd: 0.4864
  Epoch 12 | Batch 1700 | Total: 0.5966 | MSE: 0.2731 | VarLoss: 0.3235 | TargetStd: 0.4467
  Epoch 12 | Batch 1750 | Total: 0.7174 | MSE: 0.2785 | VarLoss: 0.4390 | TargetStd: 0.4201
  Epoch 12 | Batch 1800 | Total: 0.7014 | MSE: 0.3614 | VarLoss: 0.3401 | TargetStd: 0.4630
  Epoch 12 | Batch 1850 | Total: 0.5765 | MSE: 0.3317 | VarLoss: 0.2448 | TargetStd: 0.5565
  Epoch 12 | Batch 1900 | Total: 0.5766 | MSE: 0.3278 | VarLoss: 0.2488 | TargetStd: 0.4986
  Epoch 12 | Batch 1950 | Total: 0.6255 | MSE: 0.3594 | VarLoss: 0.2661 | TargetStd: 0.4467
  Epoch 12 | Batch 2000 | Total: 0.5611 | MSE: 0.3706 | VarLoss: 0.1904 | TargetStd: 0.6783
  Epoch 12 | Batch 2050 | Total: 0.6597 | MSE: 0.3709 | VarLoss: 0.2888 | TargetStd: 0.5810
  Epoch 12 | Batch 2100 | Total: 0.5969 | MSE: 0.3515 | VarLoss: 0.2454 | TargetStd: 0.6430
  Epoch 12 | Batch 2150 | Total: 0.8004 | MSE: 0.4208 | VarLoss: 0.3796 | TargetStd: 0.5909
Epoch 12 | Train Loss: 0.6377 | Val Loss: 1.0953
  Epoch 13 | Batch 0 | Total: 0.5986 | MSE: 0.3354 | VarLoss: 0.2632 | TargetStd: 0.5582
  Epoch 13 | Batch 50 | Total: 0.5202 | MSE: 0.3307 | VarLoss: 0.1896 | TargetStd: 0.5985
  Epoch 13 | Batch 100 | Total: 0.6175 | MSE: 0.3747 | VarLoss: 0.2428 | TargetStd: 0.6631
  Epoch 13 | Batch 150 | Total: 0.9125 | MSE: 0.3637 | VarLoss: 0.5488 | TargetStd: 0.5024
  Epoch 13 | Batch 200 | Total: 0.6485 | MSE: 0.2542 | VarLoss: 0.3943 | TargetStd: 0.4229
  Epoch 13 | Batch 250 | Total: 0.8621 | MSE: 0.2473 | VarLoss: 0.6147 | TargetStd: 0.3508
  Epoch 13 | Batch 300 | Total: 0.6457 | MSE: 0.3564 | VarLoss: 0.2893 | TargetStd: 0.6135
  Epoch 13 | Batch 350 | Total: 0.6236 | MSE: 0.3913 | VarLoss: 0.2323 | TargetStd: 0.6571
  Epoch 13 | Batch 400 | Total: 0.5739 | MSE: 0.3514 | VarLoss: 0.2224 | TargetStd: 0.6481
  Epoch 13 | Batch 450 | Total: 0.5565 | MSE: 0.2894 | VarLoss: 0.2671 | TargetStd: 0.5379
  Epoch 13 | Batch 500 | Total: 0.7386 | MSE: 0.3470 | VarLoss: 0.3916 | TargetStd: 0.5582
  Epoch 13 | Batch 550 | Total: 0.5294 | MSE: 0.3321 | VarLoss: 0.1973 | TargetStd: 0.5935
  Epoch 13 | Batch 600 | Total: 0.5367 | MSE: 0.2969 | VarLoss: 0.2397 | TargetStd: 0.5581
  Epoch 13 | Batch 650 | Total: 0.6607 | MSE: 0.3790 | VarLoss: 0.2817 | TargetStd: 0.6589
  Epoch 13 | Batch 700 | Total: 0.5627 | MSE: 0.3384 | VarLoss: 0.2244 | TargetStd: 0.6156
  Epoch 13 | Batch 750 | Total: 0.6072 | MSE: 0.3201 | VarLoss: 0.2871 | TargetStd: 0.5796
  Epoch 13 | Batch 800 | Total: 0.7037 | MSE: 0.2948 | VarLoss: 0.4089 | TargetStd: 0.5140
  Epoch 13 | Batch 850 | Total: 0.6033 | MSE: 0.3269 | VarLoss: 0.2764 | TargetStd: 0.6119
  Epoch 13 | Batch 900 | Total: 0.5644 | MSE: 0.3066 | VarLoss: 0.2578 | TargetStd: 0.6235
  Epoch 13 | Batch 950 | Total: 0.5866 | MSE: 0.3874 | VarLoss: 0.1992 | TargetStd: 0.6912
  Epoch 13 | Batch 1000 | Total: 0.6051 | MSE: 0.2806 | VarLoss: 0.3245 | TargetStd: 0.5356
  Epoch 13 | Batch 1050 | Total: 0.6494 | MSE: 0.3818 | VarLoss: 0.2676 | TargetStd: 0.5416
  Epoch 13 | Batch 1100 | Total: 0.5849 | MSE: 0.2714 | VarLoss: 0.3135 | TargetStd: 0.4640
  Epoch 13 | Batch 1150 | Total: 0.6407 | MSE: 0.3067 | VarLoss: 0.3340 | TargetStd: 0.5148
  Epoch 13 | Batch 1200 | Total: 0.5401 | MSE: 0.3545 | VarLoss: 0.1855 | TargetStd: 0.6279
  Epoch 13 | Batch 1250 | Total: 0.5952 | MSE: 0.3115 | VarLoss: 0.2837 | TargetStd: 0.5061
  Epoch 13 | Batch 1300 | Total: 0.6021 | MSE: 0.3647 | VarLoss: 0.2374 | TargetStd: 0.6441
  Epoch 13 | Batch 1350 | Total: 0.7694 | MSE: 0.3475 | VarLoss: 0.4219 | TargetStd: 0.5613
  Epoch 13 | Batch 1400 | Total: 0.5853 | MSE: 0.3448 | VarLoss: 0.2405 | TargetStd: 0.5608
  Epoch 13 | Batch 1450 | Total: 0.5789 | MSE: 0.3087 | VarLoss: 0.2703 | TargetStd: 0.5375
  Epoch 13 | Batch 1500 | Total: 0.6088 | MSE: 0.3592 | VarLoss: 0.2496 | TargetStd: 0.6509
  Epoch 13 | Batch 1550 | Total: 0.6663 | MSE: 0.3408 | VarLoss: 0.3254 | TargetStd: 0.5096
  Epoch 13 | Batch 1600 | Total: 0.6309 | MSE: 0.3767 | VarLoss: 0.2542 | TargetStd: 0.6802
  Epoch 13 | Batch 1650 | Total: 0.9052 | MSE: 0.4531 | VarLoss: 0.4521 | TargetStd: 0.6234
  Epoch 13 | Batch 1700 | Total: 0.7654 | MSE: 0.2822 | VarLoss: 0.4832 | TargetStd: 0.3500
  Epoch 13 | Batch 1750 | Total: 0.6567 | MSE: 0.4011 | VarLoss: 0.2556 | TargetStd: 0.6493
  Epoch 13 | Batch 1800 | Total: 0.5144 | MSE: 0.3362 | VarLoss: 0.1782 | TargetStd: 0.6460
  Epoch 13 | Batch 1850 | Total: 0.7492 | MSE: 0.3231 | VarLoss: 0.4260 | TargetStd: 0.4325
  Epoch 13 | Batch 1900 | Total: 0.5788 | MSE: 0.3734 | VarLoss: 0.2054 | TargetStd: 0.6473
  Epoch 13 | Batch 1950 | Total: 0.7564 | MSE: 0.4324 | VarLoss: 0.3240 | TargetStd: 0.6447
  Epoch 13 | Batch 2000 | Total: 0.5441 | MSE: 0.3327 | VarLoss: 0.2114 | TargetStd: 0.6134
  Epoch 13 | Batch 2050 | Total: 0.6020 | MSE: 0.3884 | VarLoss: 0.2136 | TargetStd: 0.6546
  Epoch 13 | Batch 2100 | Total: 0.5800 | MSE: 0.3290 | VarLoss: 0.2510 | TargetStd: 0.4922
  Epoch 13 | Batch 2150 | Total: 0.6119 | MSE: 0.3492 | VarLoss: 0.2627 | TargetStd: 0.6152
Epoch 13 | Train Loss: 0.6355 | Val Loss: 1.0611
  -> New best val loss: 1.0611
  Epoch 14 | Batch 0 | Total: 0.7620 | MSE: 0.2825 | VarLoss: 0.4795 | TargetStd: 0.4124
  Epoch 14 | Batch 50 | Total: 0.5540 | MSE: 0.3987 | VarLoss: 0.1553 | TargetStd: 0.6935
  Epoch 14 | Batch 100 | Total: 0.5951 | MSE: 0.3833 | VarLoss: 0.2118 | TargetStd: 0.6097
  Epoch 14 | Batch 150 | Total: 0.7867 | MSE: 0.3445 | VarLoss: 0.4421 | TargetStd: 0.5766
  Epoch 14 | Batch 200 | Total: 0.6476 | MSE: 0.3436 | VarLoss: 0.3040 | TargetStd: 0.6523
  Epoch 14 | Batch 250 | Total: 0.6215 | MSE: 0.3053 | VarLoss: 0.3162 | TargetStd: 0.5074
  Epoch 14 | Batch 300 | Total: 0.4910 | MSE: 0.3314 | VarLoss: 0.1595 | TargetStd: 0.6511
  Epoch 14 | Batch 350 | Total: 0.5597 | MSE: 0.3393 | VarLoss: 0.2205 | TargetStd: 0.5928
  Epoch 14 | Batch 400 | Total: 0.5964 | MSE: 0.3471 | VarLoss: 0.2493 | TargetStd: 0.6144
  Epoch 14 | Batch 450 | Total: 0.5695 | MSE: 0.3514 | VarLoss: 0.2181 | TargetStd: 0.6101
  Epoch 14 | Batch 500 | Total: 0.6379 | MSE: 0.3022 | VarLoss: 0.3357 | TargetStd: 0.4903
  Epoch 14 | Batch 550 | Total: 0.4957 | MSE: 0.2960 | VarLoss: 0.1997 | TargetStd: 0.6130
  Epoch 14 | Batch 600 | Total: 0.6206 | MSE: 0.2825 | VarLoss: 0.3381 | TargetStd: 0.5290
  Epoch 14 | Batch 650 | Total: 0.7546 | MSE: 0.3059 | VarLoss: 0.4487 | TargetStd: 0.4058
  Epoch 14 | Batch 700 | Total: 0.5854 | MSE: 0.3125 | VarLoss: 0.2729 | TargetStd: 0.6273
  Epoch 14 | Batch 750 | Total: 1.0221 | MSE: 0.5050 | VarLoss: 0.5171 | TargetStd: 0.5286
  Epoch 14 | Batch 800 | Total: 0.5976 | MSE: 0.3070 | VarLoss: 0.2905 | TargetStd: 0.5605
  Epoch 14 | Batch 850 | Total: 0.6743 | MSE: 0.3335 | VarLoss: 0.3408 | TargetStd: 0.5067
  Epoch 14 | Batch 900 | Total: 0.4671 | MSE: 0.3140 | VarLoss: 0.1531 | TargetStd: 0.6611
  Epoch 14 | Batch 950 | Total: 0.6723 | MSE: 0.2729 | VarLoss: 0.3994 | TargetStd: 0.4860
  Epoch 14 | Batch 1000 | Total: 0.4844 | MSE: 0.3034 | VarLoss: 0.1810 | TargetStd: 0.5999
  Epoch 14 | Batch 1050 | Total: 0.4988 | MSE: 0.3250 | VarLoss: 0.1737 | TargetStd: 0.6294
  Epoch 14 | Batch 1100 | Total: 0.5617 | MSE: 0.3418 | VarLoss: 0.2200 | TargetStd: 0.5664
  Epoch 14 | Batch 1150 | Total: 0.7707 | MSE: 0.3991 | VarLoss: 0.3716 | TargetStd: 0.5212
  Epoch 14 | Batch 1200 | Total: 0.7860 | MSE: 0.4479 | VarLoss: 0.3381 | TargetStd: 0.6543
  Epoch 14 | Batch 1250 | Total: 0.5992 | MSE: 0.3828 | VarLoss: 0.2164 | TargetStd: 0.6554
  Epoch 14 | Batch 1300 | Total: 0.6243 | MSE: 0.3777 | VarLoss: 0.2466 | TargetStd: 0.6231
  Epoch 14 | Batch 1350 | Total: 0.6449 | MSE: 0.2794 | VarLoss: 0.3655 | TargetStd: 0.4100
  Epoch 14 | Batch 1400 | Total: 0.6467 | MSE: 0.3603 | VarLoss: 0.2864 | TargetStd: 0.6427
  Epoch 14 | Batch 1450 | Total: 0.6858 | MSE: 0.4167 | VarLoss: 0.2690 | TargetStd: 0.6345
  Epoch 14 | Batch 1500 | Total: 0.6258 | MSE: 0.3886 | VarLoss: 0.2372 | TargetStd: 0.6163
  Epoch 14 | Batch 1550 | Total: 0.7276 | MSE: 0.4107 | VarLoss: 0.3169 | TargetStd: 0.6879
  Epoch 14 | Batch 1600 | Total: 0.5683 | MSE: 0.3399 | VarLoss: 0.2284 | TargetStd: 0.5655
  Epoch 14 | Batch 1650 | Total: 0.6575 | MSE: 0.3293 | VarLoss: 0.3281 | TargetStd: 0.5215
  Epoch 14 | Batch 1700 | Total: 0.7206 | MSE: 0.3805 | VarLoss: 0.3401 | TargetStd: 0.5924
  Epoch 14 | Batch 1750 | Total: 0.5134 | MSE: 0.3160 | VarLoss: 0.1974 | TargetStd: 0.5990
  Epoch 14 | Batch 1800 | Total: 0.5887 | MSE: 0.3798 | VarLoss: 0.2089 | TargetStd: 0.6735
  Epoch 14 | Batch 1850 | Total: 0.5291 | MSE: 0.3460 | VarLoss: 0.1831 | TargetStd: 0.6477
  Epoch 14 | Batch 1900 | Total: 0.5533 | MSE: 0.3054 | VarLoss: 0.2479 | TargetStd: 0.6262
  Epoch 14 | Batch 1950 | Total: 0.5980 | MSE: 0.2896 | VarLoss: 0.3083 | TargetStd: 0.5912
  Epoch 14 | Batch 2000 | Total: 0.4585 | MSE: 0.3152 | VarLoss: 0.1433 | TargetStd: 0.5977
  Epoch 14 | Batch 2050 | Total: 0.6737 | MSE: 0.3920 | VarLoss: 0.2817 | TargetStd: 0.6487
  Epoch 14 | Batch 2100 | Total: 0.6361 | MSE: 0.3463 | VarLoss: 0.2898 | TargetStd: 0.6084
  Epoch 14 | Batch 2150 | Total: 0.5168 | MSE: 0.2451 | VarLoss: 0.2717 | TargetStd: 0.5748
Epoch 14 | Train Loss: 0.6391 | Val Loss: 1.0865
  Epoch 15 | Batch 0 | Total: 0.7008 | MSE: 0.3136 | VarLoss: 0.3872 | TargetStd: 0.5738
  Epoch 15 | Batch 50 | Total: 0.5685 | MSE: 0.3570 | VarLoss: 0.2115 | TargetStd: 0.6547
  Epoch 15 | Batch 100 | Total: 0.5637 | MSE: 0.2844 | VarLoss: 0.2793 | TargetStd: 0.5908
  Epoch 15 | Batch 150 | Total: 0.5999 | MSE: 0.4019 | VarLoss: 0.1980 | TargetStd: 0.6391
  Epoch 15 | Batch 200 | Total: 0.6656 | MSE: 0.3607 | VarLoss: 0.3049 | TargetStd: 0.6357
  Epoch 15 | Batch 250 | Total: 0.5383 | MSE: 0.3333 | VarLoss: 0.2050 | TargetStd: 0.6252
  Epoch 15 | Batch 300 | Total: 0.7697 | MSE: 0.3369 | VarLoss: 0.4329 | TargetStd: 0.5746
  Epoch 15 | Batch 350 | Total: 0.4993 | MSE: 0.3464 | VarLoss: 0.1530 | TargetStd: 0.6252
  Epoch 15 | Batch 400 | Total: 0.7030 | MSE: 0.4115 | VarLoss: 0.2915 | TargetStd: 0.5882
  Epoch 15 | Batch 450 | Total: 0.5773 | MSE: 0.2873 | VarLoss: 0.2900 | TargetStd: 0.5168
  Epoch 15 | Batch 500 | Total: 0.7229 | MSE: 0.2986 | VarLoss: 0.4243 | TargetStd: 0.4984
  Epoch 15 | Batch 550 | Total: 0.5489 | MSE: 0.3212 | VarLoss: 0.2277 | TargetStd: 0.6161
  Epoch 15 | Batch 600 | Total: 0.6658 | MSE: 0.4200 | VarLoss: 0.2458 | TargetStd: 0.6559
  Epoch 15 | Batch 650 | Total: 0.5316 | MSE: 0.3490 | VarLoss: 0.1826 | TargetStd: 0.6217
  Epoch 15 | Batch 700 | Total: 0.5471 | MSE: 0.3350 | VarLoss: 0.2120 | TargetStd: 0.6083
  Epoch 15 | Batch 750 | Total: 0.6349 | MSE: 0.2773 | VarLoss: 0.3577 | TargetStd: 0.4919
  Epoch 15 | Batch 800 | Total: 0.5141 | MSE: 0.3310 | VarLoss: 0.1831 | TargetStd: 0.6275
  Epoch 15 | Batch 850 | Total: 0.6969 | MSE: 0.3463 | VarLoss: 0.3506 | TargetStd: 0.5673
  Epoch 15 | Batch 900 | Total: 0.5915 | MSE: 0.2981 | VarLoss: 0.2935 | TargetStd: 0.5218
  Epoch 15 | Batch 950 | Total: 0.6078 | MSE: 0.3629 | VarLoss: 0.2449 | TargetStd: 0.6489
  Epoch 15 | Batch 1000 | Total: 0.5645 | MSE: 0.2820 | VarLoss: 0.2825 | TargetStd: 0.5079
  Epoch 15 | Batch 1050 | Total: 0.5123 | MSE: 0.3506 | VarLoss: 0.1617 | TargetStd: 0.6053
  Epoch 15 | Batch 1100 | Total: 0.5336 | MSE: 0.3440 | VarLoss: 0.1896 | TargetStd: 0.6170
  Epoch 15 | Batch 1150 | Total: 0.6575 | MSE: 0.3672 | VarLoss: 0.2903 | TargetStd: 0.5895
  Epoch 15 | Batch 1200 | Total: 0.8390 | MSE: 0.3976 | VarLoss: 0.4414 | TargetStd: 0.5272
  Epoch 15 | Batch 1250 | Total: 0.7477 | MSE: 0.3232 | VarLoss: 0.4246 | TargetStd: 0.4390
  Epoch 15 | Batch 1300 | Total: 0.6612 | MSE: 0.3292 | VarLoss: 0.3320 | TargetStd: 0.5745
  Epoch 15 | Batch 1350 | Total: 0.5727 | MSE: 0.3962 | VarLoss: 0.1765 | TargetStd: 0.6107
  Epoch 15 | Batch 1400 | Total: 0.5270 | MSE: 0.3083 | VarLoss: 0.2186 | TargetStd: 0.5909
  Epoch 15 | Batch 1450 | Total: 0.5654 | MSE: 0.3875 | VarLoss: 0.1779 | TargetStd: 0.6690
  Epoch 15 | Batch 1500 | Total: 0.5302 | MSE: 0.3446 | VarLoss: 0.1855 | TargetStd: 0.5989
  Epoch 15 | Batch 1550 | Total: 0.7771 | MSE: 0.3513 | VarLoss: 0.4258 | TargetStd: 0.5356
  Epoch 15 | Batch 1600 | Total: 0.6413 | MSE: 0.3743 | VarLoss: 0.2671 | TargetStd: 0.6406
  Epoch 15 | Batch 1650 | Total: 1.0763 | MSE: 0.3028 | VarLoss: 0.7734 | TargetStd: 0.4180
  Epoch 15 | Batch 1700 | Total: 0.5781 | MSE: 0.3567 | VarLoss: 0.2214 | TargetStd: 0.5920
  Epoch 15 | Batch 1750 | Total: 0.5852 | MSE: 0.3466 | VarLoss: 0.2386 | TargetStd: 0.6232
  Epoch 15 | Batch 1800 | Total: 0.6561 | MSE: 0.3837 | VarLoss: 0.2725 | TargetStd: 0.6531
  Epoch 15 | Batch 1850 | Total: 0.6465 | MSE: 0.3154 | VarLoss: 0.3311 | TargetStd: 0.5588
  Epoch 15 | Batch 1900 | Total: 0.6067 | MSE: 0.3599 | VarLoss: 0.2468 | TargetStd: 0.5590
  Epoch 15 | Batch 1950 | Total: 0.5259 | MSE: 0.2891 | VarLoss: 0.2368 | TargetStd: 0.4597
  Epoch 15 | Batch 2000 | Total: 1.0199 | MSE: 0.4134 | VarLoss: 0.6064 | TargetStd: 0.5445
  Epoch 15 | Batch 2050 | Total: 0.6794 | MSE: 0.3598 | VarLoss: 0.3196 | TargetStd: 0.6027
  Epoch 15 | Batch 2100 | Total: 0.7781 | MSE: 0.3037 | VarLoss: 0.4744 | TargetStd: 0.4304
  Epoch 15 | Batch 2150 | Total: 0.7433 | MSE: 0.3900 | VarLoss: 0.3533 | TargetStd: 0.4720
Epoch 15 | Train Loss: 0.6390 | Val Loss: 1.1080
  Epoch 16 | Batch 0 | Total: 0.5791 | MSE: 0.3281 | VarLoss: 0.2510 | TargetStd: 0.5133
  Epoch 16 | Batch 50 | Total: 0.6373 | MSE: 0.3121 | VarLoss: 0.3252 | TargetStd: 0.4377
  Epoch 16 | Batch 100 | Total: 0.6700 | MSE: 0.2935 | VarLoss: 0.3765 | TargetStd: 0.4124
  Epoch 16 | Batch 150 | Total: 0.6238 | MSE: 0.3579 | VarLoss: 0.2659 | TargetStd: 0.5863
  Epoch 16 | Batch 200 | Total: 0.6248 | MSE: 0.2671 | VarLoss: 0.3577 | TargetStd: 0.5457
  Epoch 16 | Batch 250 | Total: 0.6547 | MSE: 0.3768 | VarLoss: 0.2778 | TargetStd: 0.5850
  Epoch 16 | Batch 300 | Total: 0.7313 | MSE: 0.4623 | VarLoss: 0.2690 | TargetStd: 0.6398
  Epoch 16 | Batch 350 | Total: 0.7436 | MSE: 0.3346 | VarLoss: 0.4089 | TargetStd: 0.5289
  Epoch 16 | Batch 400 | Total: 0.6372 | MSE: 0.3171 | VarLoss: 0.3201 | TargetStd: 0.4775
  Epoch 16 | Batch 450 | Total: 0.5659 | MSE: 0.3633 | VarLoss: 0.2026 | TargetStd: 0.6737
  Epoch 16 | Batch 500 | Total: 0.8081 | MSE: 0.3767 | VarLoss: 0.4314 | TargetStd: 0.5288
  Epoch 16 | Batch 550 | Total: 0.6483 | MSE: 0.3248 | VarLoss: 0.3235 | TargetStd: 0.5081
  Epoch 16 | Batch 600 | Total: 0.5580 | MSE: 0.2692 | VarLoss: 0.2888 | TargetStd: 0.4694
  Epoch 16 | Batch 650 | Total: 0.6069 | MSE: 0.2754 | VarLoss: 0.3315 | TargetStd: 0.4775
  Epoch 16 | Batch 700 | Total: 0.9221 | MSE: 0.3567 | VarLoss: 0.5654 | TargetStd: 0.5267
  Epoch 16 | Batch 750 | Total: 0.5673 | MSE: 0.3290 | VarLoss: 0.2383 | TargetStd: 0.5749
  Epoch 16 | Batch 800 | Total: 0.6673 | MSE: 0.4109 | VarLoss: 0.2563 | TargetStd: 0.5961
  Epoch 16 | Batch 850 | Total: 0.5785 | MSE: 0.3456 | VarLoss: 0.2329 | TargetStd: 0.5820
  Epoch 16 | Batch 900 | Total: 0.8141 | MSE: 0.2961 | VarLoss: 0.5181 | TargetStd: 0.4952
  Epoch 16 | Batch 950 | Total: 0.5171 | MSE: 0.3220 | VarLoss: 0.1951 | TargetStd: 0.6005
  Epoch 16 | Batch 1000 | Total: 0.6062 | MSE: 0.3526 | VarLoss: 0.2537 | TargetStd: 0.5514
  Epoch 16 | Batch 1050 | Total: 0.5835 | MSE: 0.2858 | VarLoss: 0.2976 | TargetStd: 0.5206
  Epoch 16 | Batch 1100 | Total: 0.6141 | MSE: 0.3273 | VarLoss: 0.2869 | TargetStd: 0.5368
  Epoch 16 | Batch 1150 | Total: 0.5791 | MSE: 0.3055 | VarLoss: 0.2737 | TargetStd: 0.6289
  Epoch 16 | Batch 1200 | Total: 0.8540 | MSE: 0.4504 | VarLoss: 0.4036 | TargetStd: 0.6337
  Epoch 16 | Batch 1250 | Total: 0.6751 | MSE: 0.3812 | VarLoss: 0.2939 | TargetStd: 0.5169
  Epoch 16 | Batch 1300 | Total: 0.6055 | MSE: 0.2938 | VarLoss: 0.3118 | TargetStd: 0.5496
  Epoch 16 | Batch 1350 | Total: 0.5747 | MSE: 0.3303 | VarLoss: 0.2444 | TargetStd: 0.5668
  Epoch 16 | Batch 1400 | Total: 0.5990 | MSE: 0.2774 | VarLoss: 0.3215 | TargetStd: 0.4561
  Epoch 16 | Batch 1450 | Total: 0.9153 | MSE: 0.3391 | VarLoss: 0.5762 | TargetStd: 0.5178
  Epoch 16 | Batch 1500 | Total: 0.7297 | MSE: 0.2710 | VarLoss: 0.4587 | TargetStd: 0.4168
  Epoch 16 | Batch 1550 | Total: 0.5838 | MSE: 0.3661 | VarLoss: 0.2177 | TargetStd: 0.6020
  Epoch 16 | Batch 1600 | Total: 0.5232 | MSE: 0.3102 | VarLoss: 0.2130 | TargetStd: 0.5817
  Epoch 16 | Batch 1650 | Total: 0.5595 | MSE: 0.3696 | VarLoss: 0.1899 | TargetStd: 0.5817
  Epoch 16 | Batch 1700 | Total: 0.5637 | MSE: 0.2986 | VarLoss: 0.2651 | TargetStd: 0.6038
  Epoch 16 | Batch 1750 | Total: 1.0981 | MSE: 0.3935 | VarLoss: 0.7046 | TargetStd: 0.5017
  Epoch 16 | Batch 1800 | Total: 0.5395 | MSE: 0.2947 | VarLoss: 0.2449 | TargetStd: 0.5090
  Epoch 16 | Batch 1850 | Total: 0.5706 | MSE: 0.3549 | VarLoss: 0.2157 | TargetStd: 0.6147
  Epoch 16 | Batch 1900 | Total: 0.7540 | MSE: 0.2962 | VarLoss: 0.4578 | TargetStd: 0.4615
  Epoch 16 | Batch 1950 | Total: 0.6052 | MSE: 0.3547 | VarLoss: 0.2505 | TargetStd: 0.5629
  Epoch 16 | Batch 2000 | Total: 0.5307 | MSE: 0.3105 | VarLoss: 0.2202 | TargetStd: 0.5774
  Epoch 16 | Batch 2050 | Total: 0.9011 | MSE: 0.2869 | VarLoss: 0.6143 | TargetStd: 0.4211
  Epoch 16 | Batch 2100 | Total: 0.6721 | MSE: 0.3518 | VarLoss: 0.3203 | TargetStd: 0.5718
  Epoch 16 | Batch 2150 | Total: 0.6439 | MSE: 0.3726 | VarLoss: 0.2712 | TargetStd: 0.5535
Epoch 16 | Train Loss: 0.6386 | Val Loss: 1.0603
  -> New best val loss: 1.0603
  Epoch 17 | Batch 0 | Total: 0.6821 | MSE: 0.3227 | VarLoss: 0.3594 | TargetStd: 0.4935
  Epoch 17 | Batch 50 | Total: 0.6509 | MSE: 0.3206 | VarLoss: 0.3303 | TargetStd: 0.5451
  Epoch 17 | Batch 100 | Total: 0.5544 | MSE: 0.3319 | VarLoss: 0.2225 | TargetStd: 0.6000
  Epoch 17 | Batch 150 | Total: 0.5954 | MSE: 0.3264 | VarLoss: 0.2690 | TargetStd: 0.5785
  Epoch 17 | Batch 200 | Total: 0.6573 | MSE: 0.3284 | VarLoss: 0.3289 | TargetStd: 0.4412
  Epoch 17 | Batch 250 | Total: 0.6787 | MSE: 0.3045 | VarLoss: 0.3743 | TargetStd: 0.5730
  Epoch 17 | Batch 300 | Total: 0.9513 | MSE: 0.4425 | VarLoss: 0.5088 | TargetStd: 0.5967
  Epoch 17 | Batch 350 | Total: 0.5512 | MSE: 0.3292 | VarLoss: 0.2220 | TargetStd: 0.6155
  Epoch 17 | Batch 400 | Total: 0.6196 | MSE: 0.4062 | VarLoss: 0.2134 | TargetStd: 0.6182
  Epoch 17 | Batch 450 | Total: 0.6125 | MSE: 0.3604 | VarLoss: 0.2522 | TargetStd: 0.5588
  Epoch 17 | Batch 500 | Total: 0.5840 | MSE: 0.3460 | VarLoss: 0.2380 | TargetStd: 0.5656
  Epoch 17 | Batch 550 | Total: 0.6500 | MSE: 0.3301 | VarLoss: 0.3198 | TargetStd: 0.4794
  Epoch 17 | Batch 600 | Total: 0.5607 | MSE: 0.4094 | VarLoss: 0.1512 | TargetStd: 0.6597
  Epoch 17 | Batch 650 | Total: 0.5865 | MSE: 0.3919 | VarLoss: 0.1946 | TargetStd: 0.6016
  Epoch 17 | Batch 700 | Total: 0.5324 | MSE: 0.3082 | VarLoss: 0.2242 | TargetStd: 0.5751
  Epoch 17 | Batch 750 | Total: 0.6762 | MSE: 0.4500 | VarLoss: 0.2262 | TargetStd: 0.5675
  Epoch 17 | Batch 800 | Total: 0.5677 | MSE: 0.3424 | VarLoss: 0.2253 | TargetStd: 0.5813
  Epoch 17 | Batch 850 | Total: 0.6291 | MSE: 0.3632 | VarLoss: 0.2659 | TargetStd: 0.6632
  Epoch 17 | Batch 900 | Total: 0.6267 | MSE: 0.3596 | VarLoss: 0.2671 | TargetStd: 0.5897
  Epoch 17 | Batch 950 | Total: 0.6480 | MSE: 0.3963 | VarLoss: 0.2517 | TargetStd: 0.6541
  Epoch 17 | Batch 1000 | Total: 0.7527 | MSE: 0.4409 | VarLoss: 0.3118 | TargetStd: 0.6460
  Epoch 17 | Batch 1050 | Total: 0.6182 | MSE: 0.3397 | VarLoss: 0.2786 | TargetStd: 0.5145
  Epoch 17 | Batch 1100 | Total: 0.6693 | MSE: 0.2929 | VarLoss: 0.3765 | TargetStd: 0.5370
  Epoch 17 | Batch 1150 | Total: 0.7128 | MSE: 0.2988 | VarLoss: 0.4141 | TargetStd: 0.4459
  Epoch 17 | Batch 1200 | Total: 0.5469 | MSE: 0.3381 | VarLoss: 0.2087 | TargetStd: 0.4886
  Epoch 17 | Batch 1250 | Total: 0.6111 | MSE: 0.2903 | VarLoss: 0.3208 | TargetStd: 0.3621
  Epoch 17 | Batch 1300 | Total: 0.6119 | MSE: 0.3846 | VarLoss: 0.2273 | TargetStd: 0.5917
  Epoch 17 | Batch 1350 | Total: 0.7518 | MSE: 0.2679 | VarLoss: 0.4839 | TargetStd: 0.4366
  Epoch 17 | Batch 1400 | Total: 0.8129 | MSE: 0.4489 | VarLoss: 0.3640 | TargetStd: 0.5378
  Epoch 17 | Batch 1450 | Total: 0.5117 | MSE: 0.2630 | VarLoss: 0.2488 | TargetStd: 0.5921
  Epoch 17 | Batch 1500 | Total: 0.6889 | MSE: 0.4176 | VarLoss: 0.2712 | TargetStd: 0.5968
  Epoch 17 | Batch 1550 | Total: 0.6683 | MSE: 0.4264 | VarLoss: 0.2419 | TargetStd: 0.6308
  Epoch 17 | Batch 1600 | Total: 0.6212 | MSE: 0.3561 | VarLoss: 0.2651 | TargetStd: 0.5382
  Epoch 17 | Batch 1650 | Total: 0.5433 | MSE: 0.3191 | VarLoss: 0.2241 | TargetStd: 0.5965
  Epoch 17 | Batch 1700 | Total: 0.5754 | MSE: 0.3356 | VarLoss: 0.2399 | TargetStd: 0.6420
  Epoch 17 | Batch 1750 | Total: 0.6495 | MSE: 0.3209 | VarLoss: 0.3286 | TargetStd: 0.4783
  Epoch 17 | Batch 1800 | Total: 0.5875 | MSE: 0.3438 | VarLoss: 0.2438 | TargetStd: 0.5778
  Epoch 17 | Batch 1850 | Total: 0.5315 | MSE: 0.2688 | VarLoss: 0.2627 | TargetStd: 0.5608
  Epoch 17 | Batch 1900 | Total: 0.7669 | MSE: 0.3204 | VarLoss: 0.4465 | TargetStd: 0.3639
  Epoch 17 | Batch 1950 | Total: 0.7009 | MSE: 0.3603 | VarLoss: 0.3406 | TargetStd: 0.6037
  Epoch 17 | Batch 2000 | Total: 0.6148 | MSE: 0.3235 | VarLoss: 0.2913 | TargetStd: 0.5806
  Epoch 17 | Batch 2050 | Total: 0.6215 | MSE: 0.3808 | VarLoss: 0.2407 | TargetStd: 0.5278
  Epoch 17 | Batch 2100 | Total: 0.7208 | MSE: 0.3058 | VarLoss: 0.4150 | TargetStd: 0.4928
  Epoch 17 | Batch 2150 | Total: 0.9440 | MSE: 0.3190 | VarLoss: 0.6250 | TargetStd: 0.4041
Epoch 17 | Train Loss: 0.6366 | Val Loss: 1.0498
  -> New best val loss: 1.0498
  Epoch 18 | Batch 0 | Total: 0.6761 | MSE: 0.3118 | VarLoss: 0.3643 | TargetStd: 0.4700
  Epoch 18 | Batch 50 | Total: 0.4756 | MSE: 0.2953 | VarLoss: 0.1803 | TargetStd: 0.6166
  Epoch 18 | Batch 100 | Total: 0.7438 | MSE: 0.4040 | VarLoss: 0.3398 | TargetStd: 0.6342
  Epoch 18 | Batch 150 | Total: 0.6726 | MSE: 0.3024 | VarLoss: 0.3701 | TargetStd: 0.4815
  Epoch 18 | Batch 200 | Total: 0.5905 | MSE: 0.3435 | VarLoss: 0.2471 | TargetStd: 0.5793
  Epoch 18 | Batch 250 | Total: 0.6848 | MSE: 0.3940 | VarLoss: 0.2908 | TargetStd: 0.5317
  Epoch 18 | Batch 300 | Total: 0.5606 | MSE: 0.3332 | VarLoss: 0.2274 | TargetStd: 0.5355
  Epoch 18 | Batch 350 | Total: 0.7343 | MSE: 0.2795 | VarLoss: 0.4548 | TargetStd: 0.3728
  Epoch 18 | Batch 400 | Total: 0.6344 | MSE: 0.3666 | VarLoss: 0.2678 | TargetStd: 0.6060
  Epoch 18 | Batch 450 | Total: 0.6169 | MSE: 0.2802 | VarLoss: 0.3367 | TargetStd: 0.4591
  Epoch 18 | Batch 500 | Total: 0.6353 | MSE: 0.4343 | VarLoss: 0.2009 | TargetStd: 0.6232
  Epoch 18 | Batch 550 | Total: 0.7177 | MSE: 0.3320 | VarLoss: 0.3857 | TargetStd: 0.5727
  Epoch 18 | Batch 600 | Total: 0.6376 | MSE: 0.3963 | VarLoss: 0.2413 | TargetStd: 0.5525
  Epoch 18 | Batch 650 | Total: 0.5725 | MSE: 0.3168 | VarLoss: 0.2556 | TargetStd: 0.5888
  Epoch 18 | Batch 700 | Total: 0.8399 | MSE: 0.2877 | VarLoss: 0.5522 | TargetStd: 0.4631
  Epoch 18 | Batch 750 | Total: 0.5379 | MSE: 0.2737 | VarLoss: 0.2642 | TargetStd: 0.5279
  Epoch 18 | Batch 800 | Total: 0.6566 | MSE: 0.3434 | VarLoss: 0.3132 | TargetStd: 0.5339
  Epoch 18 | Batch 850 | Total: 0.5601 | MSE: 0.2761 | VarLoss: 0.2839 | TargetStd: 0.5724
  Epoch 18 | Batch 900 | Total: 0.6393 | MSE: 0.3858 | VarLoss: 0.2534 | TargetStd: 0.5297
  Epoch 18 | Batch 950 | Total: 0.6367 | MSE: 0.3506 | VarLoss: 0.2861 | TargetStd: 0.5781
  Epoch 18 | Batch 1000 | Total: 0.6743 | MSE: 0.2712 | VarLoss: 0.4031 | TargetStd: 0.4540
  Epoch 18 | Batch 1050 | Total: 0.4565 | MSE: 0.2911 | VarLoss: 0.1654 | TargetStd: 0.6093
  Epoch 18 | Batch 1100 | Total: 0.6586 | MSE: 0.3307 | VarLoss: 0.3279 | TargetStd: 0.4774
  Epoch 18 | Batch 1150 | Total: 0.6490 | MSE: 0.3604 | VarLoss: 0.2886 | TargetStd: 0.5487
  Epoch 18 | Batch 1200 | Total: 0.5854 | MSE: 0.2714 | VarLoss: 0.3140 | TargetStd: 0.4272
  Epoch 18 | Batch 1250 | Total: 0.4803 | MSE: 0.3031 | VarLoss: 0.1772 | TargetStd: 0.6049
  Epoch 18 | Batch 1300 | Total: 0.5397 | MSE: 0.3222 | VarLoss: 0.2175 | TargetStd: 0.5803
  Epoch 18 | Batch 1350 | Total: 0.6958 | MSE: 0.3274 | VarLoss: 0.3684 | TargetStd: 0.4865
  Epoch 18 | Batch 1400 | Total: 0.7074 | MSE: 0.3731 | VarLoss: 0.3342 | TargetStd: 0.4970
  Epoch 18 | Batch 1450 | Total: 0.7243 | MSE: 0.3918 | VarLoss: 0.3325 | TargetStd: 0.5257
  Epoch 18 | Batch 1500 | Total: 0.5813 | MSE: 0.3103 | VarLoss: 0.2710 | TargetStd: 0.4399
  Epoch 18 | Batch 1550 | Total: 0.5946 | MSE: 0.3774 | VarLoss: 0.2172 | TargetStd: 0.6314
  Epoch 18 | Batch 1600 | Total: 0.6690 | MSE: 0.2888 | VarLoss: 0.3801 | TargetStd: 0.3307
  Epoch 18 | Batch 1650 | Total: 0.5396 | MSE: 0.3590 | VarLoss: 0.1807 | TargetStd: 0.6189
  Epoch 18 | Batch 1700 | Total: 0.6431 | MSE: 0.3484 | VarLoss: 0.2947 | TargetStd: 0.5801
  Epoch 18 | Batch 1750 | Total: 0.5234 | MSE: 0.3366 | VarLoss: 0.1868 | TargetStd: 0.6033
  Epoch 18 | Batch 1800 | Total: 0.7206 | MSE: 0.3780 | VarLoss: 0.3425 | TargetStd: 0.5407
  Epoch 18 | Batch 1850 | Total: 0.6376 | MSE: 0.3278 | VarLoss: 0.3098 | TargetStd: 0.5006
  Epoch 18 | Batch 1900 | Total: 0.5606 | MSE: 0.2979 | VarLoss: 0.2627 | TargetStd: 0.5509
  Epoch 18 | Batch 1950 | Total: 0.6701 | MSE: 0.2829 | VarLoss: 0.3872 | TargetStd: 0.4291
  Epoch 18 | Batch 2000 | Total: 0.6612 | MSE: 0.3016 | VarLoss: 0.3596 | TargetStd: 0.3903
  Epoch 18 | Batch 2050 | Total: 0.7612 | MSE: 0.2851 | VarLoss: 0.4761 | TargetStd: 0.4939
  Epoch 18 | Batch 2100 | Total: 0.5390 | MSE: 0.3399 | VarLoss: 0.1991 | TargetStd: 0.5543
  Epoch 18 | Batch 2150 | Total: 0.5288 | MSE: 0.3481 | VarLoss: 0.1807 | TargetStd: 0.5596
Epoch 18 | Train Loss: 0.6343 | Val Loss: 1.0550
  Epoch 19 | Batch 0 | Total: 0.5293 | MSE: 0.3296 | VarLoss: 0.1997 | TargetStd: 0.5452
  Epoch 19 | Batch 50 | Total: 0.6463 | MSE: 0.2803 | VarLoss: 0.3660 | TargetStd: 0.5280
  Epoch 19 | Batch 100 | Total: 0.6129 | MSE: 0.3673 | VarLoss: 0.2456 | TargetStd: 0.5571
  Epoch 19 | Batch 150 | Total: 0.6779 | MSE: 0.3422 | VarLoss: 0.3357 | TargetStd: 0.6109
  Epoch 19 | Batch 200 | Total: 0.6833 | MSE: 0.2436 | VarLoss: 0.4397 | TargetStd: 0.4606
  Epoch 19 | Batch 250 | Total: 0.7170 | MSE: 0.3825 | VarLoss: 0.3345 | TargetStd: 0.6154
  Epoch 19 | Batch 300 | Total: 0.7786 | MSE: 0.2571 | VarLoss: 0.5215 | TargetStd: 0.4345
  Epoch 19 | Batch 350 | Total: 0.8015 | MSE: 0.3631 | VarLoss: 0.4385 | TargetStd: 0.5622
  Epoch 19 | Batch 400 | Total: 0.6510 | MSE: 0.3151 | VarLoss: 0.3359 | TargetStd: 0.4960
  Epoch 19 | Batch 450 | Total: 0.6192 | MSE: 0.3370 | VarLoss: 0.2822 | TargetStd: 0.5050
  Epoch 19 | Batch 500 | Total: 0.5472 | MSE: 0.3065 | VarLoss: 0.2407 | TargetStd: 0.5409
  Epoch 19 | Batch 550 | Total: 0.6191 | MSE: 0.2912 | VarLoss: 0.3279 | TargetStd: 0.4313
  Epoch 19 | Batch 600 | Total: 0.6834 | MSE: 0.4290 | VarLoss: 0.2544 | TargetStd: 0.6136
  Epoch 19 | Batch 650 | Total: 0.6991 | MSE: 0.3608 | VarLoss: 0.3384 | TargetStd: 0.5422
  Epoch 19 | Batch 700 | Total: 0.6306 | MSE: 0.3299 | VarLoss: 0.3008 | TargetStd: 0.6106
  Epoch 19 | Batch 750 | Total: 0.7445 | MSE: 0.3143 | VarLoss: 0.4302 | TargetStd: 0.5157
  Epoch 19 | Batch 800 | Total: 0.5614 | MSE: 0.2504 | VarLoss: 0.3110 | TargetStd: 0.4599
  Epoch 19 | Batch 850 | Total: 0.6470 | MSE: 0.3182 | VarLoss: 0.3289 | TargetStd: 0.5860
  Epoch 19 | Batch 900 | Total: 0.5407 | MSE: 0.3061 | VarLoss: 0.2346 | TargetStd: 0.4994
  Epoch 19 | Batch 950 | Total: 0.6427 | MSE: 0.3380 | VarLoss: 0.3047 | TargetStd: 0.5677
  Epoch 19 | Batch 1000 | Total: 0.5343 | MSE: 0.3009 | VarLoss: 0.2334 | TargetStd: 0.5361
  Epoch 19 | Batch 1050 | Total: 0.7067 | MSE: 0.4201 | VarLoss: 0.2866 | TargetStd: 0.5638
  Epoch 19 | Batch 1100 | Total: 0.8242 | MSE: 0.2880 | VarLoss: 0.5361 | TargetStd: 0.4858
  Epoch 19 | Batch 1150 | Total: 0.6521 | MSE: 0.3391 | VarLoss: 0.3130 | TargetStd: 0.4958
  Epoch 19 | Batch 1200 | Total: 0.6061 | MSE: 0.3185 | VarLoss: 0.2876 | TargetStd: 0.5479
  Epoch 19 | Batch 1250 | Total: 0.6261 | MSE: 0.3263 | VarLoss: 0.2998 | TargetStd: 0.5675
  Epoch 19 | Batch 1300 | Total: 0.6165 | MSE: 0.3279 | VarLoss: 0.2886 | TargetStd: 0.5627
  Epoch 19 | Batch 1350 | Total: 0.7981 | MSE: 0.3222 | VarLoss: 0.4758 | TargetStd: 0.5314
  Epoch 19 | Batch 1400 | Total: 0.6663 | MSE: 0.3843 | VarLoss: 0.2820 | TargetStd: 0.5516
  Epoch 19 | Batch 1450 | Total: 0.6071 | MSE: 0.2831 | VarLoss: 0.3240 | TargetStd: 0.4876
  Epoch 19 | Batch 1500 | Total: 0.7418 | MSE: 0.4012 | VarLoss: 0.3406 | TargetStd: 0.5662
  Epoch 19 | Batch 1550 | Total: 0.5239 | MSE: 0.3057 | VarLoss: 0.2181 | TargetStd: 0.5523
  Epoch 19 | Batch 1600 | Total: 0.5856 | MSE: 0.2824 | VarLoss: 0.3032 | TargetStd: 0.4891
  Epoch 19 | Batch 1650 | Total: 0.6243 | MSE: 0.2971 | VarLoss: 0.3271 | TargetStd: 0.4487
  Epoch 19 | Batch 1700 | Total: 0.5466 | MSE: 0.3302 | VarLoss: 0.2164 | TargetStd: 0.5144
  Epoch 19 | Batch 1750 | Total: 0.5696 | MSE: 0.3418 | VarLoss: 0.2278 | TargetStd: 0.4991
  Epoch 19 | Batch 1800 | Total: 0.7859 | MSE: 0.4692 | VarLoss: 0.3167 | TargetStd: 0.5136
  Epoch 19 | Batch 1850 | Total: 0.5445 | MSE: 0.3092 | VarLoss: 0.2352 | TargetStd: 0.5071
  Epoch 19 | Batch 1900 | Total: 0.5660 | MSE: 0.3111 | VarLoss: 0.2549 | TargetStd: 0.5908
  Epoch 19 | Batch 1950 | Total: 0.6382 | MSE: 0.3427 | VarLoss: 0.2954 | TargetStd: 0.5437
  Epoch 19 | Batch 2000 | Total: 0.6252 | MSE: 0.3190 | VarLoss: 0.3062 | TargetStd: 0.5478
  Epoch 19 | Batch 2050 | Total: 0.5834 | MSE: 0.3046 | VarLoss: 0.2788 | TargetStd: 0.4581
  Epoch 19 | Batch 2100 | Total: 0.8248 | MSE: 0.4244 | VarLoss: 0.4004 | TargetStd: 0.5544
  Epoch 19 | Batch 2150 | Total: 0.6038 | MSE: 0.3788 | VarLoss: 0.2250 | TargetStd: 0.5388
Epoch 19 | Train Loss: 0.6439 | Val Loss: 1.0371
  -> New best val loss: 1.0371
  -> Saved periodic checkpoint: epoch_20.pt
  Epoch 20 | Batch 0 | Total: 0.6556 | MSE: 0.3331 | VarLoss: 0.3225 | TargetStd: 0.5526
  Epoch 20 | Batch 50 | Total: 0.5430 | MSE: 0.3360 | VarLoss: 0.2070 | TargetStd: 0.5107
  Epoch 20 | Batch 100 | Total: 0.4835 | MSE: 0.3008 | VarLoss: 0.1827 | TargetStd: 0.5635
  Epoch 20 | Batch 150 | Total: 0.6003 | MSE: 0.2714 | VarLoss: 0.3289 | TargetStd: 0.5024
  Epoch 20 | Batch 200 | Total: 0.5594 | MSE: 0.3082 | VarLoss: 0.2512 | TargetStd: 0.5479
  Epoch 20 | Batch 250 | Total: 0.6407 | MSE: 0.3972 | VarLoss: 0.2435 | TargetStd: 0.6330
  Epoch 20 | Batch 300 | Total: 0.5770 | MSE: 0.3416 | VarLoss: 0.2355 | TargetStd: 0.5319
  Epoch 20 | Batch 350 | Total: 0.6008 | MSE: 0.3327 | VarLoss: 0.2681 | TargetStd: 0.5235
  Epoch 20 | Batch 400 | Total: 0.7436 | MSE: 0.3722 | VarLoss: 0.3713 | TargetStd: 0.4999
  Epoch 20 | Batch 450 | Total: 0.7097 | MSE: 0.3312 | VarLoss: 0.3784 | TargetStd: 0.4961
  Epoch 20 | Batch 500 | Total: 0.6551 | MSE: 0.4295 | VarLoss: 0.2256 | TargetStd: 0.5969
  Epoch 20 | Batch 550 | Total: 0.5281 | MSE: 0.3152 | VarLoss: 0.2129 | TargetStd: 0.5288
  Epoch 20 | Batch 600 | Total: 0.6277 | MSE: 0.3398 | VarLoss: 0.2878 | TargetStd: 0.4613
  Epoch 20 | Batch 650 | Total: 0.6348 | MSE: 0.3392 | VarLoss: 0.2957 | TargetStd: 0.5536
  Epoch 20 | Batch 700 | Total: 0.9134 | MSE: 0.4037 | VarLoss: 0.5098 | TargetStd: 0.5396
  Epoch 20 | Batch 750 | Total: 0.5407 | MSE: 0.3386 | VarLoss: 0.2021 | TargetStd: 0.5927
  Epoch 20 | Batch 800 | Total: 0.5923 | MSE: 0.2788 | VarLoss: 0.3135 | TargetStd: 0.4919
  Epoch 20 | Batch 850 | Total: 0.6269 | MSE: 0.3608 | VarLoss: 0.2661 | TargetStd: 0.3996
  Epoch 20 | Batch 900 | Total: 0.4789 | MSE: 0.2726 | VarLoss: 0.2063 | TargetStd: 0.5566
  Epoch 20 | Batch 950 | Total: 0.7033 | MSE: 0.4189 | VarLoss: 0.2844 | TargetStd: 0.5123
  Epoch 20 | Batch 1000 | Total: 0.6344 | MSE: 0.3642 | VarLoss: 0.2703 | TargetStd: 0.5924
  Epoch 20 | Batch 1050 | Total: 0.6123 | MSE: 0.3503 | VarLoss: 0.2620 | TargetStd: 0.5679
  Epoch 20 | Batch 1100 | Total: 0.6077 | MSE: 0.3091 | VarLoss: 0.2986 | TargetStd: 0.5606
  Epoch 20 | Batch 1150 | Total: 0.6731 | MSE: 0.3150 | VarLoss: 0.3582 | TargetStd: 0.4246
  Epoch 20 | Batch 1200 | Total: 0.6271 | MSE: 0.3480 | VarLoss: 0.2791 | TargetStd: 0.5440
  Epoch 20 | Batch 1250 | Total: 0.6428 | MSE: 0.3000 | VarLoss: 0.3428 | TargetStd: 0.4052
  Epoch 20 | Batch 1300 | Total: 0.6906 | MSE: 0.3369 | VarLoss: 0.3538 | TargetStd: 0.5198
  Epoch 20 | Batch 1350 | Total: 0.7081 | MSE: 0.3670 | VarLoss: 0.3411 | TargetStd: 0.4253
  Epoch 20 | Batch 1400 | Total: 0.5440 | MSE: 0.3331 | VarLoss: 0.2109 | TargetStd: 0.5917
  Epoch 20 | Batch 1450 | Total: 0.8706 | MSE: 0.3159 | VarLoss: 0.5547 | TargetStd: 0.4446
  Epoch 20 | Batch 1500 | Total: 0.6133 | MSE: 0.3157 | VarLoss: 0.2976 | TargetStd: 0.4405
  Epoch 20 | Batch 1550 | Total: 0.7705 | MSE: 0.2862 | VarLoss: 0.4844 | TargetStd: 0.4730
  Epoch 20 | Batch 1600 | Total: 0.5096 | MSE: 0.2790 | VarLoss: 0.2306 | TargetStd: 0.4610
  Epoch 20 | Batch 1650 | Total: 0.7272 | MSE: 0.4208 | VarLoss: 0.3064 | TargetStd: 0.5708
  Epoch 20 | Batch 1700 | Total: 0.7028 | MSE: 0.3522 | VarLoss: 0.3506 | TargetStd: 0.5558
  Epoch 20 | Batch 1750 | Total: 0.6556 | MSE: 0.3472 | VarLoss: 0.3083 | TargetStd: 0.5057
  Epoch 20 | Batch 1800 | Total: 0.7435 | MSE: 0.3741 | VarLoss: 0.3694 | TargetStd: 0.5419
  Epoch 20 | Batch 1850 | Total: 0.6781 | MSE: 0.2963 | VarLoss: 0.3818 | TargetStd: 0.5167
  Epoch 20 | Batch 1900 | Total: 0.5094 | MSE: 0.3322 | VarLoss: 0.1771 | TargetStd: 0.5635
  Epoch 20 | Batch 1950 | Total: 0.6122 | MSE: 0.3662 | VarLoss: 0.2460 | TargetStd: 0.6109
  Epoch 20 | Batch 2000 | Total: 0.7214 | MSE: 0.3601 | VarLoss: 0.3613 | TargetStd: 0.5226
  Epoch 20 | Batch 2050 | Total: 0.5458 | MSE: 0.2999 | VarLoss: 0.2458 | TargetStd: 0.5473
  Epoch 20 | Batch 2100 | Total: 0.5582 | MSE: 0.2974 | VarLoss: 0.2607 | TargetStd: 0.5648
  Epoch 20 | Batch 2150 | Total: 0.6708 | MSE: 0.3364 | VarLoss: 0.3345 | TargetStd: 0.5674
Epoch 20 | Train Loss: 0.6437 | Val Loss: 1.0104
  -> New best val loss: 1.0104
  Epoch 21 | Batch 0 | Total: 0.6663 | MSE: 0.3689 | VarLoss: 0.2974 | TargetStd: 0.5974
  Epoch 21 | Batch 50 | Total: 0.6830 | MSE: 0.3012 | VarLoss: 0.3818 | TargetStd: 0.2804
  Epoch 21 | Batch 100 | Total: 0.7344 | MSE: 0.3352 | VarLoss: 0.3992 | TargetStd: 0.4729
  Epoch 21 | Batch 150 | Total: 0.7027 | MSE: 0.3531 | VarLoss: 0.3496 | TargetStd: 0.5724
  Epoch 21 | Batch 200 | Total: 0.5970 | MSE: 0.2855 | VarLoss: 0.3115 | TargetStd: 0.4339
  Epoch 21 | Batch 250 | Total: 0.5586 | MSE: 0.2593 | VarLoss: 0.2993 | TargetStd: 0.5032
  Epoch 21 | Batch 300 | Total: 0.6039 | MSE: 0.3694 | VarLoss: 0.2345 | TargetStd: 0.5364
  Epoch 21 | Batch 350 | Total: 0.6438 | MSE: 0.3718 | VarLoss: 0.2720 | TargetStd: 0.5286
  Epoch 21 | Batch 400 | Total: 0.6269 | MSE: 0.3286 | VarLoss: 0.2983 | TargetStd: 0.5373
  Epoch 21 | Batch 450 | Total: 0.6473 | MSE: 0.3485 | VarLoss: 0.2988 | TargetStd: 0.5430
  Epoch 21 | Batch 500 | Total: 0.6224 | MSE: 0.3187 | VarLoss: 0.3037 | TargetStd: 0.5249
  Epoch 21 | Batch 550 | Total: 0.6982 | MSE: 0.2936 | VarLoss: 0.4045 | TargetStd: 0.4713
  Epoch 21 | Batch 600 | Total: 0.6724 | MSE: 0.3108 | VarLoss: 0.3616 | TargetStd: 0.5247
  Epoch 21 | Batch 650 | Total: 0.7078 | MSE: 0.3172 | VarLoss: 0.3906 | TargetStd: 0.4642
  Epoch 21 | Batch 700 | Total: 0.5318 | MSE: 0.3057 | VarLoss: 0.2261 | TargetStd: 0.4400
  Epoch 21 | Batch 750 | Total: 0.5757 | MSE: 0.3735 | VarLoss: 0.2023 | TargetStd: 0.5553
  Epoch 21 | Batch 800 | Total: 0.6936 | MSE: 0.2688 | VarLoss: 0.4248 | TargetStd: 0.3609
  Epoch 21 | Batch 850 | Total: 0.6508 | MSE: 0.3366 | VarLoss: 0.3142 | TargetStd: 0.5255
  Epoch 21 | Batch 900 | Total: 0.7157 | MSE: 0.3290 | VarLoss: 0.3867 | TargetStd: 0.5310
  Epoch 21 | Batch 950 | Total: 0.7510 | MSE: 0.3460 | VarLoss: 0.4050 | TargetStd: 0.5093
  Epoch 21 | Batch 1000 | Total: 0.6618 | MSE: 0.3029 | VarLoss: 0.3589 | TargetStd: 0.4582
  Epoch 21 | Batch 1050 | Total: 0.4716 | MSE: 0.2837 | VarLoss: 0.1879 | TargetStd: 0.5612
  Epoch 21 | Batch 1100 | Total: 0.5633 | MSE: 0.2926 | VarLoss: 0.2708 | TargetStd: 0.4903
  Epoch 21 | Batch 1150 | Total: 0.5973 | MSE: 0.2955 | VarLoss: 0.3018 | TargetStd: 0.4227
  Epoch 21 | Batch 1200 | Total: 0.5893 | MSE: 0.3811 | VarLoss: 0.2081 | TargetStd: 0.5671
  Epoch 21 | Batch 1250 | Total: 0.6592 | MSE: 0.3448 | VarLoss: 0.3145 | TargetStd: 0.5491
  Epoch 21 | Batch 1300 | Total: 0.8050 | MSE: 0.3689 | VarLoss: 0.4360 | TargetStd: 0.5120
  Epoch 21 | Batch 1350 | Total: 0.6266 | MSE: 0.3368 | VarLoss: 0.2898 | TargetStd: 0.4665
  Epoch 21 | Batch 1400 | Total: 0.6342 | MSE: 0.3454 | VarLoss: 0.2888 | TargetStd: 0.4869
  Epoch 21 | Batch 1450 | Total: 0.5211 | MSE: 0.2885 | VarLoss: 0.2325 | TargetStd: 0.5123
  Epoch 21 | Batch 1500 | Total: 0.5659 | MSE: 0.3331 | VarLoss: 0.2328 | TargetStd: 0.5355
  Epoch 21 | Batch 1550 | Total: 0.6474 | MSE: 0.3716 | VarLoss: 0.2759 | TargetStd: 0.5122
  Epoch 21 | Batch 1600 | Total: 0.6581 | MSE: 0.2929 | VarLoss: 0.3652 | TargetStd: 0.4906
  Epoch 21 | Batch 1650 | Total: 0.6518 | MSE: 0.3723 | VarLoss: 0.2795 | TargetStd: 0.5640
  Epoch 21 | Batch 1700 | Total: 0.7834 | MSE: 0.2971 | VarLoss: 0.4863 | TargetStd: 0.3963
  Epoch 21 | Batch 1750 | Total: 0.5739 | MSE: 0.3472 | VarLoss: 0.2267 | TargetStd: 0.5125
  Epoch 21 | Batch 1800 | Total: 0.6495 | MSE: 0.3429 | VarLoss: 0.3066 | TargetStd: 0.5332
  Epoch 21 | Batch 1850 | Total: 0.5289 | MSE: 0.2904 | VarLoss: 0.2385 | TargetStd: 0.5287
  Epoch 21 | Batch 1900 | Total: 0.6030 | MSE: 0.3457 | VarLoss: 0.2573 | TargetStd: 0.5267
  Epoch 21 | Batch 1950 | Total: 0.7144 | MSE: 0.3631 | VarLoss: 0.3513 | TargetStd: 0.5243
  Epoch 21 | Batch 2000 | Total: 0.6239 | MSE: 0.3527 | VarLoss: 0.2712 | TargetStd: 0.5622
  Epoch 21 | Batch 2050 | Total: 0.6093 | MSE: 0.3485 | VarLoss: 0.2607 | TargetStd: 0.5234
  Epoch 21 | Batch 2100 | Total: 0.5961 | MSE: 0.3398 | VarLoss: 0.2563 | TargetStd: 0.5456
  Epoch 21 | Batch 2150 | Total: 0.5942 | MSE: 0.2702 | VarLoss: 0.3240 | TargetStd: 0.4389
Epoch 21 | Train Loss: 0.6348 | Val Loss: 1.0290
  Epoch 22 | Batch 0 | Total: 0.6425 | MSE: 0.2965 | VarLoss: 0.3459 | TargetStd: 0.4332
  Epoch 22 | Batch 50 | Total: 0.5729 | MSE: 0.2738 | VarLoss: 0.2991 | TargetStd: 0.4934
  Epoch 22 | Batch 100 | Total: 0.6604 | MSE: 0.3308 | VarLoss: 0.3296 | TargetStd: 0.4368
slurmstepd: error: *** JOB 167663 ON b-19-34 CANCELLED AT 2026-04-17T13:11:02 ***
