=== Job started at Sat May  2 10:32:52 EDT 2026 ===
Node: b-19-34 | GPU: 0
Config: configs/supervised_small.yaml
Sat May  2 10:32:52 2026       
+-----------------------------------------------------------------------------------------+
| NVIDIA-SMI 580.159.03             Driver Version: 580.159.03     CUDA Version: 13.0     |
+-----------------------------------------+------------------------+----------------------+
| GPU  Name                 Persistence-M | Bus-Id          Disp.A | Volatile Uncorr. ECC |
| Fan  Temp   Perf          Pwr:Usage/Cap |           Memory-Usage | GPU-Util  Compute M. |
|                                         |                        |               MIG M. |
|=========================================+========================+======================|
|   0  NVIDIA A100-SXM4-40GB          On  |   00000000:00:04.0 Off |                    0 |
| N/A   31C    P0             46W /  400W |       0MiB /  40960MiB |      0%      Default |
|                                         |                        |             Disabled |
+-----------------------------------------+------------------------+----------------------+

+-----------------------------------------------------------------------------------------+
| Processes:                                                                              |
|  GPU   GI   CI              PID   Type   Process name                        GPU Memory |
|        ID   ID                                                               Usage      |
|=========================================================================================|
|  No running processes found                                                             |
+-----------------------------------------------------------------------------------------+
wandb: [wandb.login()] Loaded credentials for https://api.wandb.ai from WANDB_API_KEY.
wandb: Currently logged in as: psp8502 (psp8502-new-york-university) to https://api.wandb.ai. Use `wandb login --relogin` to force relogin
wandb: setting up run tm0svgyx
wandb: Tracking run with wandb version 0.25.1
wandb: Run data is saved locally in /scratch/psp8502/dl-active-matter/wandb/run-20260502_103330-tm0svgyx
wandb: Run `wandb offline` to turn off syncing.
wandb: Syncing run supervised_small
wandb: ⭐️ View project at https://wandb.ai/psp8502-new-york-university/dl-active-matter
wandb: 🚀 View run at https://wandb.ai/psp8502-new-york-university/dl-active-matter/runs/tm0svgyx
============================================================
EXPERIMENT: supervised_small (supervised baseline)
Checkpoints → /scratch/psp8502/checkpoints/supervised_small
============================================================
[train] 45 HDF5 files → 11550 samples (16 frames, 224×224 crop, stride=1)
[val] 16 HDF5 files → 1584 samples (16 frames, 224×224 crop, stride=1)
Total parameters: 13,413,506 (13.41M)
torch.compile() enabled
Auto-resumed from epoch 91
  Epoch 91 | Batch 0/360 | Loss: 0.0046
  Epoch 91 | Batch 50/360 | Loss: 0.0066
  Epoch 91 | Batch 100/360 | Loss: 0.0044
  Epoch 91 | Batch 150/360 | Loss: 0.0062
  Epoch 91 | Batch 200/360 | Loss: 0.0031
  Epoch 91 | Batch 250/360 | Loss: 0.0016
  Epoch 91 | Batch 300/360 | Loss: 0.0052
  Epoch 91 | Batch 350/360 | Loss: 0.0099
Epoch 91 | Train: 0.0067 | Val: 0.5132 (α=0.0070, ζ=1.0081) | LR: 2.27e-04
  -> New best val loss: 0.5132
  Epoch 92 | Batch 0/360 | Loss: 0.0043
  Epoch 92 | Batch 50/360 | Loss: 0.0085
  Epoch 92 | Batch 100/360 | Loss: 0.0053
  Epoch 92 | Batch 150/360 | Loss: 0.0068
  Epoch 92 | Batch 200/360 | Loss: 0.0041
  Epoch 92 | Batch 250/360 | Loss: 0.0054
  Epoch 92 | Batch 300/360 | Loss: 0.0111
  Epoch 92 | Batch 350/360 | Loss: 0.0056
Epoch 92 | Train: 0.0071 | Val: 0.5196 (α=0.0062, ζ=1.0106) | LR: 2.26e-04
  Epoch 93 | Batch 0/360 | Loss: 0.0158
  Epoch 93 | Batch 50/360 | Loss: 0.0084
  Epoch 93 | Batch 100/360 | Loss: 0.0025
  Epoch 93 | Batch 150/360 | Loss: 0.0081
  Epoch 93 | Batch 200/360 | Loss: 0.0067
  Epoch 93 | Batch 250/360 | Loss: 0.0057
  Epoch 93 | Batch 300/360 | Loss: 0.0306
  Epoch 93 | Batch 350/360 | Loss: 0.0554
Epoch 93 | Train: 0.0074 | Val: 0.4267 (α=0.0101, ζ=0.8355) | LR: 2.26e-04
  -> New best val loss: 0.4267
  Epoch 94 | Batch 0/360 | Loss: 0.0102
  Epoch 94 | Batch 50/360 | Loss: 0.0081
  Epoch 94 | Batch 100/360 | Loss: 0.0571
  Epoch 94 | Batch 150/360 | Loss: 0.0059
  Epoch 94 | Batch 200/360 | Loss: 0.0023
  Epoch 94 | Batch 250/360 | Loss: 0.0039
  Epoch 94 | Batch 300/360 | Loss: 0.0033
  Epoch 94 | Batch 350/360 | Loss: 0.0049
Epoch 94 | Train: 0.0089 | Val: 0.4634 (α=0.0041, ζ=0.9188) | LR: 2.26e-04
  -> Saved checkpoint: epoch_95.pt
  Epoch 95 | Batch 0/360 | Loss: 0.0051
  Epoch 95 | Batch 50/360 | Loss: 0.0024
  Epoch 95 | Batch 100/360 | Loss: 0.0031
  Epoch 95 | Batch 150/360 | Loss: 0.0049
  Epoch 95 | Batch 200/360 | Loss: 0.0102
  Epoch 95 | Batch 250/360 | Loss: 0.0075
  Epoch 95 | Batch 300/360 | Loss: 0.0065
  Epoch 95 | Batch 350/360 | Loss: 0.0037
Epoch 95 | Train: 0.0061 | Val: 0.4649 (α=0.0071, ζ=0.9060) | LR: 2.25e-04
  Epoch 96 | Batch 0/360 | Loss: 0.0048
  Epoch 96 | Batch 50/360 | Loss: 0.0099
  Epoch 96 | Batch 100/360 | Loss: 0.0197
  Epoch 96 | Batch 150/360 | Loss: 0.0047
  Epoch 96 | Batch 200/360 | Loss: 0.0039
  Epoch 96 | Batch 250/360 | Loss: 0.0062
  Epoch 96 | Batch 300/360 | Loss: 0.0030
  Epoch 96 | Batch 350/360 | Loss: 0.0480
Epoch 96 | Train: 0.0069 | Val: 0.4810 (α=0.0061, ζ=0.9543) | LR: 2.25e-04
  Epoch 97 | Batch 0/360 | Loss: 0.0119
  Epoch 97 | Batch 50/360 | Loss: 0.0047
  Epoch 97 | Batch 100/360 | Loss: 0.0028
slurmstepd: error: *** JOB 180788 ON b-19-34 CANCELLED AT 2026-05-02T12:21:02 ***
