=== Job started at Tue Apr 28 03:27:27 EDT 2026 ===
Node: b-19-16 | GPU: 0
Config: configs/supervised_small.yaml
Tue Apr 28 03:27:27 2026       
+-----------------------------------------------------------------------------------------+
| NVIDIA-SMI 580.126.09             Driver Version: 580.126.09     CUDA Version: 13.0     |
+-----------------------------------------+------------------------+----------------------+
| GPU  Name                 Persistence-M | Bus-Id          Disp.A | Volatile Uncorr. ECC |
| Fan  Temp   Perf          Pwr:Usage/Cap |           Memory-Usage | GPU-Util  Compute M. |
|                                         |                        |               MIG M. |
|=========================================+========================+======================|
|   0  NVIDIA A100-SXM4-40GB          On  |   00000000:00:04.0 Off |                    0 |
| N/A   33C    P0             48W /  400W |       0MiB /  40960MiB |      0%      Default |
|                                         |                        |             Disabled |
+-----------------------------------------+------------------------+----------------------+

+-----------------------------------------------------------------------------------------+
| Processes:                                                                              |
|  GPU   GI   CI              PID   Type   Process name                        GPU Memory |
|        ID   ID                                                               Usage      |
|=========================================================================================|
|  No running processes found                                                             |
+-----------------------------------------------------------------------------------------+
wandb: [wandb.login()] Loaded credentials for https://api.wandb.ai from WANDB_API_KEY.
wandb: Currently logged in as: psp8502 (psp8502-new-york-university) to https://api.wandb.ai. Use `wandb login --relogin` to force relogin
wandb: setting up run tec0r1rh
wandb: Tracking run with wandb version 0.25.1
wandb: Run data is saved locally in /scratch/psp8502/dl-active-matter/wandb/run-20260428_032805-tec0r1rh
wandb: Run `wandb offline` to turn off syncing.
wandb: Syncing run supervised_small
wandb: ⭐️ View project at https://wandb.ai/psp8502-new-york-university/dl-active-matter
wandb: 🚀 View run at https://wandb.ai/psp8502-new-york-university/dl-active-matter/runs/tec0r1rh
============================================================
EXPERIMENT: supervised_small (supervised baseline)
Checkpoints → /scratch/psp8502/checkpoints/supervised_small
============================================================
[train] 45 HDF5 files → 11550 samples (16 frames, 224×224 crop, stride=1)
[val] 16 HDF5 files → 1584 samples (16 frames, 224×224 crop, stride=1)
Total parameters: 13,413,506 (13.41M)
torch.compile() enabled
  Epoch 0 | Batch 0/360 | Loss: 68.9481
  Epoch 0 | Batch 50/360 | Loss: 15.6379
  Epoch 0 | Batch 100/360 | Loss: 8.5417
  Epoch 0 | Batch 150/360 | Loss: 5.2533
  Epoch 0 | Batch 200/360 | Loss: 3.3163
  Epoch 0 | Batch 250/360 | Loss: 2.9110
  Epoch 0 | Batch 300/360 | Loss: 2.8312
  Epoch 0 | Batch 350/360 | Loss: 3.3704
Epoch 0 | Train: 7.4150 | Val: 3.6187 (α=0.1525, ζ=7.0105) | LR: 3.00e-04
  -> New best val loss: 3.6187
  Epoch 1 | Batch 0/360 | Loss: 4.0358
  Epoch 1 | Batch 50/360 | Loss: 3.2165
  Epoch 1 | Batch 100/360 | Loss: 1.5767
  Epoch 1 | Batch 150/360 | Loss: 1.3857
  Epoch 1 | Batch 200/360 | Loss: 1.4670
  Epoch 1 | Batch 250/360 | Loss: 1.2750
  Epoch 1 | Batch 300/360 | Loss: 1.4992
  Epoch 1 | Batch 350/360 | Loss: 1.0696
Epoch 1 | Train: 1.5259 | Val: 1.3168 (α=0.0841, ζ=2.5627) | LR: 3.00e-04
  -> New best val loss: 1.3168
  Epoch 2 | Batch 0/360 | Loss: 0.8315
  Epoch 2 | Batch 50/360 | Loss: 1.0901
  Epoch 2 | Batch 100/360 | Loss: 0.8774
  Epoch 2 | Batch 150/360 | Loss: 1.1172
  Epoch 2 | Batch 200/360 | Loss: 0.6168
  Epoch 2 | Batch 250/360 | Loss: 0.8380
  Epoch 2 | Batch 300/360 | Loss: 0.9264
  Epoch 2 | Batch 350/360 | Loss: 0.9447
Epoch 2 | Train: 0.7669 | Val: 0.9851 (α=0.0675, ζ=1.9137) | LR: 2.99e-04
  -> New best val loss: 0.9851
  Epoch 3 | Batch 0/360 | Loss: 0.7348
  Epoch 3 | Batch 50/360 | Loss: 0.8113
  Epoch 3 | Batch 100/360 | Loss: 0.4320
  Epoch 3 | Batch 150/360 | Loss: 0.5623
  Epoch 3 | Batch 200/360 | Loss: 0.3959
  Epoch 3 | Batch 250/360 | Loss: 0.2925
  Epoch 3 | Batch 300/360 | Loss: 0.9451
  Epoch 3 | Batch 350/360 | Loss: 1.4397
Epoch 3 | Train: 0.5381 | Val: 2.0277 (α=0.0431, ζ=3.9994) | LR: 2.99e-04
  Epoch 4 | Batch 0/360 | Loss: 0.9748
  Epoch 4 | Batch 50/360 | Loss: 0.2380
  Epoch 4 | Batch 100/360 | Loss: 0.1689
  Epoch 4 | Batch 150/360 | Loss: 0.4966
  Epoch 4 | Batch 200/360 | Loss: 0.4408
  Epoch 4 | Batch 250/360 | Loss: 0.2984
  Epoch 4 | Batch 300/360 | Loss: 0.2724
  Epoch 4 | Batch 350/360 | Loss: 0.2747
Epoch 4 | Train: 0.4280 | Val: 0.8410 (α=0.0292, ζ=1.6604) | LR: 2.98e-04
  -> New best val loss: 0.8410
  -> Saved checkpoint: epoch_5.pt
  Epoch 5 | Batch 0/360 | Loss: 0.2532
  Epoch 5 | Batch 50/360 | Loss: 0.2944
  Epoch 5 | Batch 100/360 | Loss: 0.3213
  Epoch 5 | Batch 150/360 | Loss: 0.1984
  Epoch 5 | Batch 200/360 | Loss: 0.1027
  Epoch 5 | Batch 250/360 | Loss: 0.3432
  Epoch 5 | Batch 300/360 | Loss: 0.1994
  Epoch 5 | Batch 350/360 | Loss: 0.1823
Epoch 5 | Train: 0.3041 | Val: 0.6909 (α=0.0282, ζ=1.3535) | LR: 2.97e-04
  -> New best val loss: 0.6909
  Epoch 6 | Batch 0/360 | Loss: 0.2014
  Epoch 6 | Batch 50/360 | Loss: 0.2791
  Epoch 6 | Batch 100/360 | Loss: 0.1411
  Epoch 6 | Batch 150/360 | Loss: 0.3009
  Epoch 6 | Batch 200/360 | Loss: 0.1826
  Epoch 6 | Batch 250/360 | Loss: 0.2102
  Epoch 6 | Batch 300/360 | Loss: 0.2534
  Epoch 6 | Batch 350/360 | Loss: 0.2125
Epoch 6 | Train: 0.2506 | Val: 0.8553 (α=0.0173, ζ=1.6763) | LR: 2.96e-04
  Epoch 7 | Batch 0/360 | Loss: 0.1965
  Epoch 7 | Batch 50/360 | Loss: 0.1757
  Epoch 7 | Batch 100/360 | Loss: 0.2645
  Epoch 7 | Batch 150/360 | Loss: 0.2155
  Epoch 7 | Batch 200/360 | Loss: 0.2617
  Epoch 7 | Batch 250/360 | Loss: 0.4369
  Epoch 7 | Batch 300/360 | Loss: 0.1272
  Epoch 7 | Batch 350/360 | Loss: 0.6132
Epoch 7 | Train: 0.2065 | Val: 0.9633 (α=0.0194, ζ=1.9207) | LR: 2.95e-04
  Epoch 8 | Batch 0/360 | Loss: 0.4666
  Epoch 8 | Batch 50/360 | Loss: 0.1172
  Epoch 8 | Batch 100/360 | Loss: 0.1705
  Epoch 8 | Batch 150/360 | Loss: 0.2936
  Epoch 8 | Batch 200/360 | Loss: 0.2234
  Epoch 8 | Batch 250/360 | Loss: 0.1880
  Epoch 8 | Batch 300/360 | Loss: 0.1766
  Epoch 8 | Batch 350/360 | Loss: 0.1906
Epoch 8 | Train: 0.1860 | Val: 0.8189 (α=0.0278, ζ=1.6041) | LR: 2.94e-04
  Epoch 9 | Batch 0/360 | Loss: 0.3232
  Epoch 9 | Batch 50/360 | Loss: 0.1126
  Epoch 9 | Batch 100/360 | Loss: 0.0851
  Epoch 9 | Batch 150/360 | Loss: 0.1479
  Epoch 9 | Batch 200/360 | Loss: 0.1459
  Epoch 9 | Batch 250/360 | Loss: 0.1468
  Epoch 9 | Batch 300/360 | Loss: 0.1631
  Epoch 9 | Batch 350/360 | Loss: 0.1329
Epoch 9 | Train: 0.1758 | Val: 0.7019 (α=0.0293, ζ=1.3320) | LR: 2.93e-04
  -> Saved checkpoint: epoch_10.pt
  Epoch 10 | Batch 0/360 | Loss: 0.1231
  Epoch 10 | Batch 50/360 | Loss: 0.1499
  Epoch 10 | Batch 100/360 | Loss: 0.1397
  Epoch 10 | Batch 150/360 | Loss: 0.1078
  Epoch 10 | Batch 200/360 | Loss: 0.2450
  Epoch 10 | Batch 250/360 | Loss: 0.0569
  Epoch 10 | Batch 300/360 | Loss: 0.1340
  Epoch 10 | Batch 350/360 | Loss: 0.1106
Epoch 10 | Train: 0.1551 | Val: 0.7451 (α=0.0355, ζ=1.4546) | LR: 2.91e-04
  Epoch 11 | Batch 0/360 | Loss: 0.1966
  Epoch 11 | Batch 50/360 | Loss: 0.0784
  Epoch 11 | Batch 100/360 | Loss: 0.0690
  Epoch 11 | Batch 150/360 | Loss: 0.1840
  Epoch 11 | Batch 200/360 | Loss: 0.2149
  Epoch 11 | Batch 250/360 | Loss: 0.1473
  Epoch 11 | Batch 300/360 | Loss: 0.2418
  Epoch 11 | Batch 350/360 | Loss: 0.0538
Epoch 11 | Train: 0.1366 | Val: 0.7159 (α=0.0153, ζ=1.4152) | LR: 2.90e-04
  Epoch 12 | Batch 0/360 | Loss: 0.1276
  Epoch 12 | Batch 50/360 | Loss: 0.1606
  Epoch 12 | Batch 100/360 | Loss: 0.1012
  Epoch 12 | Batch 150/360 | Loss: 0.0775
  Epoch 12 | Batch 200/360 | Loss: 0.1426
  Epoch 12 | Batch 250/360 | Loss: 0.0857
  Epoch 12 | Batch 300/360 | Loss: 0.1007
  Epoch 12 | Batch 350/360 | Loss: 0.1239
Epoch 12 | Train: 0.1194 | Val: 0.6570 (α=0.0674, ζ=1.2506) | LR: 2.88e-04
  -> New best val loss: 0.6570
  Epoch 13 | Batch 0/360 | Loss: 0.0863
  Epoch 13 | Batch 50/360 | Loss: 0.1129
  Epoch 13 | Batch 100/360 | Loss: 0.1423
  Epoch 13 | Batch 150/360 | Loss: 0.0526
  Epoch 13 | Batch 200/360 | Loss: 0.0583
  Epoch 13 | Batch 250/360 | Loss: 0.1267
  Epoch 13 | Batch 300/360 | Loss: 0.0773
  Epoch 13 | Batch 350/360 | Loss: 0.0821
Epoch 13 | Train: 0.1030 | Val: 0.6829 (α=0.0324, ζ=1.3038) | LR: 2.86e-04
  Epoch 14 | Batch 0/360 | Loss: 0.0713
  Epoch 14 | Batch 50/360 | Loss: 0.0605
  Epoch 14 | Batch 100/360 | Loss: 0.0727
  Epoch 14 | Batch 150/360 | Loss: 0.0912
  Epoch 14 | Batch 200/360 | Loss: 0.1034
  Epoch 14 | Batch 250/360 | Loss: 0.0536
  Epoch 14 | Batch 300/360 | Loss: 0.1168
  Epoch 14 | Batch 350/360 | Loss: 0.0339
Epoch 14 | Train: 0.1035 | Val: 0.4836 (α=0.0103, ζ=0.9509) | LR: 2.84e-04
  -> New best val loss: 0.4836
  -> Saved checkpoint: epoch_15.pt
  Epoch 15 | Batch 0/360 | Loss: 0.0930
  Epoch 15 | Batch 50/360 | Loss: 0.0739
  Epoch 15 | Batch 100/360 | Loss: 0.0599
  Epoch 15 | Batch 150/360 | Loss: 0.0735
  Epoch 15 | Batch 200/360 | Loss: 0.1055
  Epoch 15 | Batch 250/360 | Loss: 0.1253
  Epoch 15 | Batch 300/360 | Loss: 0.1223
  Epoch 15 | Batch 350/360 | Loss: 0.1006
Epoch 15 | Train: 0.0813 | Val: 0.6278 (α=0.0226, ζ=1.2416) | LR: 2.82e-04
  Epoch 16 | Batch 0/360 | Loss: 0.1114
  Epoch 16 | Batch 50/360 | Loss: 0.0316
  Epoch 16 | Batch 100/360 | Loss: 0.0456
  Epoch 16 | Batch 150/360 | Loss: 0.1188
  Epoch 16 | Batch 200/360 | Loss: 0.0354
slurmstepd: error: *** JOB 175764 ON b-19-16 CANCELLED AT 2026-04-28T08:31:02 ***
