=== Job started at Sat May  2 02:39:40 EDT 2026 ===
Node: b-19-14 | GPU: 0
Config: configs/supervised_small.yaml
Sat May  2 02:39:40 2026       
+-----------------------------------------------------------------------------------------+
| NVIDIA-SMI 580.159.03             Driver Version: 580.159.03     CUDA Version: 13.0     |
+-----------------------------------------+------------------------+----------------------+
| GPU  Name                 Persistence-M | Bus-Id          Disp.A | Volatile Uncorr. ECC |
| Fan  Temp   Perf          Pwr:Usage/Cap |           Memory-Usage | GPU-Util  Compute M. |
|                                         |                        |               MIG M. |
|=========================================+========================+======================|
|   0  NVIDIA A100-SXM4-40GB          On  |   00000000:00:04.0 Off |                    0 |
| N/A   31C    P0             44W /  400W |       0MiB /  40960MiB |      0%      Default |
|                                         |                        |             Disabled |
+-----------------------------------------+------------------------+----------------------+

+-----------------------------------------------------------------------------------------+
| Processes:                                                                              |
|  GPU   GI   CI              PID   Type   Process name                        GPU Memory |
|        ID   ID                                                               Usage      |
|=========================================================================================|
|  No running processes found                                                             |
+-----------------------------------------------------------------------------------------+
wandb: [wandb.login()] Loaded credentials for https://api.wandb.ai from WANDB_API_KEY.
wandb: Currently logged in as: psp8502 (psp8502-new-york-university) to https://api.wandb.ai. Use `wandb login --relogin` to force relogin
wandb: setting up run ozr8ceyd
wandb: Tracking run with wandb version 0.25.1
wandb: Run data is saved locally in /scratch/psp8502/dl-active-matter/wandb/run-20260502_024020-ozr8ceyd
wandb: Run `wandb offline` to turn off syncing.
wandb: Syncing run supervised_small
wandb: ⭐️ View project at https://wandb.ai/psp8502-new-york-university/dl-active-matter
wandb: 🚀 View run at https://wandb.ai/psp8502-new-york-university/dl-active-matter/runs/ozr8ceyd
============================================================
EXPERIMENT: supervised_small (supervised baseline)
Checkpoints → /scratch/psp8502/checkpoints/supervised_small
============================================================
[train] 45 HDF5 files → 11550 samples (16 frames, 224×224 crop, stride=1)
[val] 16 HDF5 files → 1584 samples (16 frames, 224×224 crop, stride=1)
Total parameters: 13,413,506 (13.41M)
torch.compile() enabled
Auto-resumed from epoch 89
  Epoch 89 | Batch 0/360 | Loss: 0.0082
  Epoch 89 | Batch 50/360 | Loss: 0.0042
  Epoch 89 | Batch 100/360 | Loss: 0.0072
  Epoch 89 | Batch 150/360 | Loss: 0.0105
  Epoch 89 | Batch 200/360 | Loss: 0.0171
  Epoch 89 | Batch 250/360 | Loss: 0.0342
  Epoch 89 | Batch 300/360 | Loss: 0.0084
  Epoch 89 | Batch 350/360 | Loss: 0.0030
Epoch 89 | Train: 0.0095 | Val: 0.4888 (α=0.0038, ζ=0.9596) | LR: 2.27e-04
  -> New best val loss: 0.4888
  -> Saved checkpoint: epoch_90.pt
  Epoch 90 | Batch 0/360 | Loss: 0.0037
  Epoch 90 | Batch 50/360 | Loss: 0.0080
  Epoch 90 | Batch 100/360 | Loss: 0.0025
  Epoch 90 | Batch 150/360 | Loss: 0.0076
  Epoch 90 | Batch 200/360 | Loss: 0.0081
  Epoch 90 | Batch 250/360 | Loss: 0.0027
  Epoch 90 | Batch 300/360 | Loss: 0.0197
  Epoch 90 | Batch 350/360 | Loss: 0.0100
Epoch 90 | Train: 0.0067 | Val: 0.4893 (α=0.0047, ζ=0.9607) | LR: 2.27e-04
  Epoch 91 | Batch 0/360 | Loss: 0.0045
  Epoch 91 | Batch 50/360 | Loss: 0.0046
slurmstepd: error: *** JOB 180557 ON b-19-14 CANCELLED AT 2026-05-02T03:21:02 ***
