=== Job started at Sat May  2 13:00:23 EDT 2026 ===
Node: b-19-21 | GPU: 0
Config: configs/supervised_small.yaml
Sat May  2 13:00:23 2026       
+-----------------------------------------------------------------------------------------+
| NVIDIA-SMI 580.159.03             Driver Version: 580.159.03     CUDA Version: 13.0     |
+-----------------------------------------+------------------------+----------------------+
| GPU  Name                 Persistence-M | Bus-Id          Disp.A | Volatile Uncorr. ECC |
| Fan  Temp   Perf          Pwr:Usage/Cap |           Memory-Usage | GPU-Util  Compute M. |
|                                         |                        |               MIG M. |
|=========================================+========================+======================|
|   0  NVIDIA A100-SXM4-40GB          On  |   00000000:00:04.0 Off |                    0 |
| N/A   31C    P0             42W /  400W |       0MiB /  40960MiB |      0%      Default |
|                                         |                        |             Disabled |
+-----------------------------------------+------------------------+----------------------+

+-----------------------------------------------------------------------------------------+
| Processes:                                                                              |
|  GPU   GI   CI              PID   Type   Process name                        GPU Memory |
|        ID   ID                                                               Usage      |
|=========================================================================================|
|  No running processes found                                                             |
+-----------------------------------------------------------------------------------------+
wandb: [wandb.login()] Loaded credentials for https://api.wandb.ai from WANDB_API_KEY.
wandb: Currently logged in as: psp8502 (psp8502-new-york-university) to https://api.wandb.ai. Use `wandb login --relogin` to force relogin
wandb: setting up run j3rh9g69
wandb: Tracking run with wandb version 0.25.1
wandb: Run data is saved locally in /scratch/psp8502/dl-active-matter/wandb/run-20260502_130102-j3rh9g69
wandb: Run `wandb offline` to turn off syncing.
wandb: Syncing run supervised_small
wandb: ⭐️ View project at https://wandb.ai/psp8502-new-york-university/dl-active-matter
wandb: 🚀 View run at https://wandb.ai/psp8502-new-york-university/dl-active-matter/runs/j3rh9g69
============================================================
EXPERIMENT: supervised_small (supervised baseline)
Checkpoints → /scratch/psp8502/checkpoints/supervised_small
============================================================
[train] 45 HDF5 files → 11550 samples (16 frames, 224×224 crop, stride=1)
[val] 16 HDF5 files → 1584 samples (16 frames, 224×224 crop, stride=1)
Total parameters: 13,413,506 (13.41M)
torch.compile() enabled
Auto-resumed from epoch 97
  Epoch 97 | Batch 0/360 | Loss: 0.0309
  Epoch 97 | Batch 50/360 | Loss: 0.0069
  Epoch 97 | Batch 100/360 | Loss: 0.0021
  Epoch 97 | Batch 150/360 | Loss: 0.0055
  Epoch 97 | Batch 200/360 | Loss: 0.0040
  Epoch 97 | Batch 250/360 | Loss: 0.0063
  Epoch 97 | Batch 300/360 | Loss: 0.0057
  Epoch 97 | Batch 350/360 | Loss: 0.0138
Epoch 97 | Train: 0.0069 | Val: 0.5035 (α=0.0047, ζ=0.9757) | LR: 2.25e-04
  -> New best val loss: 0.5035
  Epoch 98 | Batch 0/360 | Loss: 0.0134
  Epoch 98 | Batch 50/360 | Loss: 0.0037
  Epoch 98 | Batch 100/360 | Loss: 0.0069
  Epoch 98 | Batch 150/360 | Loss: 0.0050
  Epoch 98 | Batch 200/360 | Loss: 0.0037
  Epoch 98 | Batch 250/360 | Loss: 0.0091
  Epoch 98 | Batch 300/360 | Loss: 0.0077
  Epoch 98 | Batch 350/360 | Loss: 0.0042
Epoch 98 | Train: 0.0054 | Val: 0.4661 (α=0.0046, ζ=0.9032) | LR: 2.24e-04
  -> New best val loss: 0.4661
  Epoch 99 | Batch 0/360 | Loss: 0.0075
  Epoch 99 | Batch 50/360 | Loss: 0.0023
  Epoch 99 | Batch 100/360 | Loss: 0.0029
  Epoch 99 | Batch 150/360 | Loss: 0.0023
  Epoch 99 | Batch 200/360 | Loss: 0.0111
  Epoch 99 | Batch 250/360 | Loss: 0.0077
  Epoch 99 | Batch 300/360 | Loss: 0.0056
  Epoch 99 | Batch 350/360 | Loss: 0.0084
Epoch 99 | Train: 0.0053 | Val: 0.5242 (α=0.0079, ζ=1.0282) | LR: 2.24e-04
wandb: updating run metadata
wandb: uploading wandb-summary.json
wandb: 
wandb: Run history:
wandb:         epoch ▁▅█
wandb:            lr █▅▁
wandb:    train/loss █▁▁
wandb:      val/loss ▆▁█
wandb: val/mse_alpha ▁▁█
wandb:  val/mse_zeta ▅▁█
wandb: 
wandb: Run summary:
wandb:         epoch 99
wandb:            lr 0.00022
wandb:    train/loss 0.00526
wandb:      val/loss 0.52423
wandb: val/mse_alpha 0.0079
wandb:  val/mse_zeta 1.02823
wandb: 
wandb: 🚀 View run supervised_small at: https://wandb.ai/psp8502-new-york-university/dl-active-matter/runs/j3rh9g69
wandb: ⭐️ View project at: https://wandb.ai/psp8502-new-york-university/dl-active-matter
wandb: Synced 5 W&B file(s), 0 media file(s), 0 artifact file(s) and 0 other file(s)
wandb: Find logs at: ./wandb/run-20260502_130102-j3rh9g69/logs
  -> Saved checkpoint: epoch_100.pt
Training complete. Best val loss: 0.4661
=== Job finished at $(date) ===
