=== Eval started at Sun May  3 08:59:27 EDT 2026 ===
Checkpoint: /scratch/psp8502/checkpoints/jepa_small/best_eval.pt | Split: test | Extra: 
Sun May  3 08:59:27 2026       
+-----------------------------------------------------------------------------------------+
| NVIDIA-SMI 580.159.03             Driver Version: 580.159.03     CUDA Version: 13.0     |
+-----------------------------------------+------------------------+----------------------+
| GPU  Name                 Persistence-M | Bus-Id          Disp.A | Volatile Uncorr. ECC |
| Fan  Temp   Perf          Pwr:Usage/Cap |           Memory-Usage | GPU-Util  Compute M. |
|                                         |                        |               MIG M. |
|=========================================+========================+======================|
|   0  NVIDIA A100-SXM4-40GB          On  |   00000000:00:04.0 Off |                    0 |
| N/A   28C    P0             43W /  400W |       0MiB /  40960MiB |      0%      Default |
|                                         |                        |             Disabled |
+-----------------------------------------+------------------------+----------------------+

+-----------------------------------------------------------------------------------------+
| Processes:                                                                              |
|  GPU   GI   CI              PID   Type   Process name                        GPU Memory |
|        ID   ID                                                               Usage      |
|=========================================================================================|
|  No running processes found                                                             |
+-----------------------------------------------------------------------------------------+
Random seed set to 42 (cudnn.benchmark=True)
Loading online encoder weights (77 keys)
Encoder parameters: 13,412,736
[train] 45 HDF5 files → 8750 samples (32 frames, 224×224 crop, stride=1)
[test] 21 HDF5 files → 1300 samples (32 frames, 224×224 crop, stride=1)
Extracting train features...
    Processed batch 0/547
    Processed batch 50/547
    Processed batch 100/547
    Processed batch 150/547
    Processed batch 200/547
    Processed batch 250/547
    Processed batch 300/547
    Processed batch 350/547
    Processed batch 400/547
    Processed batch 450/547
    Processed batch 500/547
Extracting eval features...
    Processed batch 0/82
    Processed batch 50/82

Feature stats (raw):
  Train — mean: -0.0014, std: 0.1443, min: -1.8567, max: 1.2759
  Eval  — mean: -0.0012, std: 0.1381, min: -1.6691, max: 1.0147

=== Linear Probe ===
  Probe epoch 0 | Train MSE: 1.2994 | Val MSE: 0.9366
  Probe epoch 10 | Train MSE: 0.3835 | Val MSE: 0.2709
  Probe epoch 20 | Train MSE: 0.1877 | Val MSE: 0.1647
  Probe epoch 30 | Train MSE: 0.1421 | Val MSE: 0.1380
  Probe epoch 40 | Train MSE: 0.1077 | Val MSE: 0.1034
  Probe epoch 50 | Train MSE: 0.0918 | Val MSE: 0.0839
  Probe epoch 60 | Train MSE: 0.0827 | Val MSE: 0.0769
  Probe epoch 70 | Train MSE: 0.0767 | Val MSE: 0.0742
  Probe epoch 80 | Train MSE: 0.0725 | Val MSE: 0.0712
  Probe epoch 90 | Train MSE: 0.0694 | Val MSE: 0.0681
  Probe epoch 100 | Train MSE: 0.0671 | Val MSE: 0.0660
  Probe epoch 110 | Train MSE: 0.0653 | Val MSE: 0.0645
  Probe epoch 120 | Train MSE: 0.0639 | Val MSE: 0.0635
  Probe epoch 130 | Train MSE: 0.0629 | Val MSE: 0.0628
  Probe epoch 140 | Train MSE: 0.0621 | Val MSE: 0.0622
  Probe epoch 150 | Train MSE: 0.0616 | Val MSE: 0.0618
  Probe epoch 160 | Train MSE: 0.0612 | Val MSE: 0.0615
  Probe epoch 170 | Train MSE: 0.0610 | Val MSE: 0.0613
  Probe epoch 180 | Train MSE: 0.0608 | Val MSE: 0.0613
  Probe epoch 190 | Train MSE: 0.0608 | Val MSE: 0.0612
Linear Probe — Total MSE: 0.0612 | α MSE: 0.0266 | ζ MSE: 0.0959

=== kNN (k=10) ===
kNN — Total MSE: 0.0891 | α MSE: 0.0381 | ζ MSE: 0.1402

=== kNN k-sweep ===
k      Total MSE    α MSE        ζ MSE       
1      0.1153       0.0520       0.1785      
3      0.1047       0.0468       0.1626      
5      0.0988       0.0434       0.1541      
10     0.0891       0.0381       0.1402      
20     0.0770       0.0326       0.1214      
50     0.0684       0.0283       0.1086      

=== Linear Probe LR sweep (epochs=200) ===
LR           Total MSE    α MSE        ζ MSE       
  Probe epoch 0 | Train MSE: 1.3959 | Val MSE: 0.3450
  Probe epoch 10 | Train MSE: 0.2358 | Val MSE: 0.2027
  Probe epoch 20 | Train MSE: 0.0933 | Val MSE: 0.0938
  Probe epoch 30 | Train MSE: 0.0643 | Val MSE: 0.0707
  Probe epoch 40 | Train MSE: 0.0515 | Val MSE: 0.0614
  Probe epoch 50 | Train MSE: 0.0456 | Val MSE: 0.0621
  Probe epoch 60 | Train MSE: 0.0428 | Val MSE: 0.0568
  Probe epoch 70 | Train MSE: 0.0412 | Val MSE: 0.0558
  Probe epoch 80 | Train MSE: 0.0401 | Val MSE: 0.0555
  Probe epoch 90 | Train MSE: 0.0393 | Val MSE: 0.0554
  Probe epoch 100 | Train MSE: 0.0387 | Val MSE: 0.0553
  Probe epoch 110 | Train MSE: 0.0383 | Val MSE: 0.0552
  Probe epoch 120 | Train MSE: 0.0379 | Val MSE: 0.0551
  Probe epoch 130 | Train MSE: 0.0376 | Val MSE: 0.0551
  Probe epoch 140 | Train MSE: 0.0374 | Val MSE: 0.0550
  Probe epoch 150 | Train MSE: 0.0372 | Val MSE: 0.0550
  Probe epoch 160 | Train MSE: 0.0371 | Val MSE: 0.0550
  Probe epoch 170 | Train MSE: 0.0371 | Val MSE: 0.0549
  Probe epoch 180 | Train MSE: 0.0370 | Val MSE: 0.0549
  Probe epoch 190 | Train MSE: 0.0370 | Val MSE: 0.0549
1e-02        0.0549       0.0114       0.0984      
  Probe epoch 0 | Train MSE: 1.1896 | Val MSE: 0.9437
  Probe epoch 10 | Train MSE: 0.3419 | Val MSE: 0.2402
  Probe epoch 20 | Train MSE: 0.1732 | Val MSE: 0.1615
  Probe epoch 30 | Train MSE: 0.1223 | Val MSE: 0.1229
  Probe epoch 40 | Train MSE: 0.0927 | Val MSE: 0.0959
  Probe epoch 50 | Train MSE: 0.0806 | Val MSE: 0.0853
  Probe epoch 60 | Train MSE: 0.0732 | Val MSE: 0.0792
  Probe epoch 70 | Train MSE: 0.0687 | Val MSE: 0.0763
  Probe epoch 80 | Train MSE: 0.0654 | Val MSE: 0.0745
  Probe epoch 90 | Train MSE: 0.0630 | Val MSE: 0.0729
  Probe epoch 100 | Train MSE: 0.0612 | Val MSE: 0.0715
  Probe epoch 110 | Train MSE: 0.0598 | Val MSE: 0.0705
  Probe epoch 120 | Train MSE: 0.0587 | Val MSE: 0.0698
  Probe epoch 130 | Train MSE: 0.0578 | Val MSE: 0.0692
  Probe epoch 140 | Train MSE: 0.0572 | Val MSE: 0.0688
  Probe epoch 150 | Train MSE: 0.0568 | Val MSE: 0.0685
  Probe epoch 160 | Train MSE: 0.0565 | Val MSE: 0.0683
  Probe epoch 170 | Train MSE: 0.0563 | Val MSE: 0.0681
  Probe epoch 180 | Train MSE: 0.0562 | Val MSE: 0.0681
  Probe epoch 190 | Train MSE: 0.0561 | Val MSE: 0.0681
1e-03        0.0680       0.0229       0.1132      
  Probe epoch 0 | Train MSE: 1.2775 | Val MSE: 1.0831
  Probe epoch 10 | Train MSE: 1.1390 | Val MSE: 0.9588
  Probe epoch 20 | Train MSE: 1.0146 | Val MSE: 0.8481
  Probe epoch 30 | Train MSE: 0.9056 | Val MSE: 0.7515
  Probe epoch 40 | Train MSE: 0.8119 | Val MSE: 0.6688
  Probe epoch 50 | Train MSE: 0.7325 | Val MSE: 0.5989
  Probe epoch 60 | Train MSE: 0.6659 | Val MSE: 0.5405
  Probe epoch 70 | Train MSE: 0.6107 | Val MSE: 0.4924
  Probe epoch 80 | Train MSE: 0.5652 | Val MSE: 0.4531
  Probe epoch 90 | Train MSE: 0.5280 | Val MSE: 0.4211
  Probe epoch 100 | Train MSE: 0.4979 | Val MSE: 0.3954
  Probe epoch 110 | Train MSE: 0.4738 | Val MSE: 0.3750
  Probe epoch 120 | Train MSE: 0.4547 | Val MSE: 0.3590
  Probe epoch 130 | Train MSE: 0.4399 | Val MSE: 0.3466
  Probe epoch 140 | Train MSE: 0.4287 | Val MSE: 0.3373
  Probe epoch 150 | Train MSE: 0.4206 | Val MSE: 0.3306
  Probe epoch 160 | Train MSE: 0.4150 | Val MSE: 0.3260
  Probe epoch 170 | Train MSE: 0.4113 | Val MSE: 0.3230
  Probe epoch 180 | Train MSE: 0.4092 | Val MSE: 0.3214
  Probe epoch 190 | Train MSE: 0.4081 | Val MSE: 0.3205
1e-04        0.3201       0.2871       0.3531      

==================================================
RESULTS SUMMARY
==================================================
Method               Total MSE    α MSE        ζ MSE       
LP (lr=1e-3)         0.0612       0.0266       0.0959      
kNN (k=10)           0.0891       0.0381       0.1402      

★ BEST RESULTS (from sweeps)
Best LP (lr=1e-02)   0.0549       0.0114       0.0984      
Best kNN (k=50)      0.0684       0.0283       0.1086      
=== Eval finished at $(date) ===
