=== Eval started at Sun May  3 08:55:56 EDT 2026 ===
Checkpoint: /scratch/psp8502/checkpoints/videomae_base/best_eval.pt | Split: test | Extra: 
Sun May  3 08:55:56 2026       
+-----------------------------------------------------------------------------------------+
| NVIDIA-SMI 580.159.03             Driver Version: 580.159.03     CUDA Version: 13.0     |
+-----------------------------------------+------------------------+----------------------+
| GPU  Name                 Persistence-M | Bus-Id          Disp.A | Volatile Uncorr. ECC |
| Fan  Temp   Perf          Pwr:Usage/Cap |           Memory-Usage | GPU-Util  Compute M. |
|                                         |                        |               MIG M. |
|=========================================+========================+======================|
|   0  NVIDIA A100-SXM4-40GB          On  |   00000000:00:04.0 Off |                    0 |
| N/A   30C    P0             43W /  400W |       0MiB /  40960MiB |      0%      Default |
|                                         |                        |             Disabled |
+-----------------------------------------+------------------------+----------------------+

+-----------------------------------------------------------------------------------------+
| Processes:                                                                              |
|  GPU   GI   CI              PID   Type   Process name                        GPU Memory |
|        ID   ID                                                               Usage      |
|=========================================================================================|
|  No running processes found                                                             |
+-----------------------------------------------------------------------------------------+
Random seed set to 42 (cudnn.benchmark=True)
Loading online encoder weights (149 keys)
Encoder parameters: 90,586,368
[train] 45 HDF5 files → 11550 samples (16 frames, 224×224 crop, stride=1)
[test] 21 HDF5 files → 1716 samples (16 frames, 224×224 crop, stride=1)
Extracting train features...
    Processed batch 0/722
    Processed batch 50/722
    Processed batch 100/722
    Processed batch 150/722
    Processed batch 200/722
    Processed batch 250/722
    Processed batch 300/722
    Processed batch 350/722
    Processed batch 400/722
    Processed batch 450/722
    Processed batch 500/722
    Processed batch 550/722
    Processed batch 600/722
    Processed batch 650/722
    Processed batch 700/722
Extracting eval features...
    Processed batch 0/108
    Processed batch 50/108
    Processed batch 100/108

Feature stats (raw):
  Train — mean: 0.0010, std: 0.3173, min: -2.5981, max: 2.4485
  Eval  — mean: 0.0008, std: 0.3031, min: -2.6776, max: 2.4640

=== Linear Probe ===
  Probe epoch 0 | Train MSE: 1.3291 | Val MSE: 0.9944
  Probe epoch 10 | Train MSE: 0.3196 | Val MSE: 0.2316
  Probe epoch 20 | Train MSE: 0.2070 | Val MSE: 0.1606
  Probe epoch 30 | Train MSE: 0.1532 | Val MSE: 0.1067
  Probe epoch 40 | Train MSE: 0.1310 | Val MSE: 0.0982
  Probe epoch 50 | Train MSE: 0.1182 | Val MSE: 0.0984
  Probe epoch 60 | Train MSE: 0.1095 | Val MSE: 0.0915
  Probe epoch 70 | Train MSE: 0.1037 | Val MSE: 0.0890
  Probe epoch 80 | Train MSE: 0.0995 | Val MSE: 0.0877
  Probe epoch 90 | Train MSE: 0.0962 | Val MSE: 0.0856
  Probe epoch 100 | Train MSE: 0.0936 | Val MSE: 0.0846
  Probe epoch 110 | Train MSE: 0.0916 | Val MSE: 0.0843
  Probe epoch 120 | Train MSE: 0.0901 | Val MSE: 0.0840
  Probe epoch 130 | Train MSE: 0.0889 | Val MSE: 0.0838
  Probe epoch 140 | Train MSE: 0.0879 | Val MSE: 0.0836
  Probe epoch 150 | Train MSE: 0.0873 | Val MSE: 0.0835
  Probe epoch 160 | Train MSE: 0.0868 | Val MSE: 0.0834
  Probe epoch 170 | Train MSE: 0.0866 | Val MSE: 0.0833
  Probe epoch 180 | Train MSE: 0.0864 | Val MSE: 0.0833
  Probe epoch 190 | Train MSE: 0.0863 | Val MSE: 0.0833
Linear Probe — Total MSE: 0.0833 | α MSE: 0.0371 | ζ MSE: 0.1296

=== kNN (k=10) ===
kNN — Total MSE: 0.1485 | α MSE: 0.0775 | ζ MSE: 0.2196

=== kNN k-sweep ===
k      Total MSE    α MSE        ζ MSE       
1      0.2067       0.1103       0.3030      
3      0.1800       0.0957       0.2642      
5      0.1658       0.0879       0.2437      
10     0.1485       0.0775       0.2196      
20     0.1329       0.0690       0.1969      
50     0.1254       0.0621       0.1888      

=== Linear Probe LR sweep (epochs=200) ===
LR           Total MSE    α MSE        ζ MSE       
  Probe epoch 0 | Train MSE: 1.3946 | Val MSE: 0.8172
  Probe epoch 10 | Train MSE: 0.2784 | Val MSE: 0.1849
  Probe epoch 20 | Train MSE: 0.1538 | Val MSE: 0.1051
  Probe epoch 30 | Train MSE: 0.0981 | Val MSE: 0.0939
  Probe epoch 40 | Train MSE: 0.0843 | Val MSE: 0.0928
  Probe epoch 50 | Train MSE: 0.0739 | Val MSE: 0.0862
  Probe epoch 60 | Train MSE: 0.0690 | Val MSE: 0.0834
  Probe epoch 70 | Train MSE: 0.0656 | Val MSE: 0.0831
  Probe epoch 80 | Train MSE: 0.0633 | Val MSE: 0.0841
  Probe epoch 90 | Train MSE: 0.0615 | Val MSE: 0.0846
  Probe epoch 100 | Train MSE: 0.0601 | Val MSE: 0.0850
  Probe epoch 110 | Train MSE: 0.0590 | Val MSE: 0.0852
  Probe epoch 120 | Train MSE: 0.0581 | Val MSE: 0.0855
  Probe epoch 130 | Train MSE: 0.0574 | Val MSE: 0.0858
  Probe epoch 140 | Train MSE: 0.0568 | Val MSE: 0.0860
  Probe epoch 150 | Train MSE: 0.0564 | Val MSE: 0.0862
  Probe epoch 160 | Train MSE: 0.0562 | Val MSE: 0.0863
  Probe epoch 170 | Train MSE: 0.0560 | Val MSE: 0.0863
  Probe epoch 180 | Train MSE: 0.0559 | Val MSE: 0.0864
  Probe epoch 190 | Train MSE: 0.0559 | Val MSE: 0.0864
1e-02        0.0801       0.0316       0.1286      
  Probe epoch 0 | Train MSE: 1.6536 | Val MSE: 1.1519
  Probe epoch 10 | Train MSE: 0.3359 | Val MSE: 0.2357
  Probe epoch 20 | Train MSE: 0.2306 | Val MSE: 0.2172
  Probe epoch 30 | Train MSE: 0.1602 | Val MSE: 0.1412
  Probe epoch 40 | Train MSE: 0.1353 | Val MSE: 0.1087
  Probe epoch 50 | Train MSE: 0.1200 | Val MSE: 0.0954
  Probe epoch 60 | Train MSE: 0.1112 | Val MSE: 0.0938
  Probe epoch 70 | Train MSE: 0.1052 | Val MSE: 0.0894
  Probe epoch 80 | Train MSE: 0.1011 | Val MSE: 0.0871
  Probe epoch 90 | Train MSE: 0.0979 | Val MSE: 0.0862
  Probe epoch 100 | Train MSE: 0.0955 | Val MSE: 0.0858
  Probe epoch 110 | Train MSE: 0.0935 | Val MSE: 0.0855
  Probe epoch 120 | Train MSE: 0.0920 | Val MSE: 0.0852
  Probe epoch 130 | Train MSE: 0.0909 | Val MSE: 0.0849
  Probe epoch 140 | Train MSE: 0.0900 | Val MSE: 0.0847
  Probe epoch 150 | Train MSE: 0.0893 | Val MSE: 0.0846
  Probe epoch 160 | Train MSE: 0.0889 | Val MSE: 0.0845
  Probe epoch 170 | Train MSE: 0.0886 | Val MSE: 0.0844
  Probe epoch 180 | Train MSE: 0.0885 | Val MSE: 0.0844
  Probe epoch 190 | Train MSE: 0.0884 | Val MSE: 0.0844
1e-03        0.0844       0.0415       0.1273      
  Probe epoch 0 | Train MSE: 1.1929 | Val MSE: 0.9021
  Probe epoch 10 | Train MSE: 0.9719 | Val MSE: 0.7283
  Probe epoch 20 | Train MSE: 0.7976 | Val MSE: 0.5923
  Probe epoch 30 | Train MSE: 0.6656 | Val MSE: 0.4903
  Probe epoch 40 | Train MSE: 0.5676 | Val MSE: 0.4150
  Probe epoch 50 | Train MSE: 0.4950 | Val MSE: 0.3596
  Probe epoch 60 | Train MSE: 0.4407 | Val MSE: 0.3186
  Probe epoch 70 | Train MSE: 0.3996 | Val MSE: 0.2879
  Probe epoch 80 | Train MSE: 0.3682 | Val MSE: 0.2648
  Probe epoch 90 | Train MSE: 0.3439 | Val MSE: 0.2472
  Probe epoch 100 | Train MSE: 0.3250 | Val MSE: 0.2338
  Probe epoch 110 | Train MSE: 0.3103 | Val MSE: 0.2236
  Probe epoch 120 | Train MSE: 0.2991 | Val MSE: 0.2158
  Probe epoch 130 | Train MSE: 0.2904 | Val MSE: 0.2099
  Probe epoch 140 | Train MSE: 0.2840 | Val MSE: 0.2055
  Probe epoch 150 | Train MSE: 0.2794 | Val MSE: 0.2024
  Probe epoch 160 | Train MSE: 0.2762 | Val MSE: 0.2003
  Probe epoch 170 | Train MSE: 0.2741 | Val MSE: 0.1989
  Probe epoch 180 | Train MSE: 0.2729 | Val MSE: 0.1981
  Probe epoch 190 | Train MSE: 0.2723 | Val MSE: 0.1977
1e-04        0.1976       0.1166       0.2785      

==================================================
RESULTS SUMMARY
==================================================
Method               Total MSE    α MSE        ζ MSE       
LP (lr=1e-3)         0.0833       0.0371       0.1296      
kNN (k=10)           0.1485       0.0775       0.2196      

★ BEST RESULTS (from sweeps)
Best LP (lr=1e-02)   0.0801       0.0316       0.1286      
Best kNN (k=50)      0.1254       0.0621       0.1888      
=== Eval finished at $(date) ===
