=== Eval started at Sun May  3 09:21:56 EDT 2026 ===
Checkpoint: /scratch/psp8502/checkpoints/supervised_small/best_eval.pt | Split: test | Extra: 
Sun May  3 09:21:56 2026       
+-----------------------------------------------------------------------------------------+
| NVIDIA-SMI 580.159.03             Driver Version: 580.159.03     CUDA Version: 13.0     |
+-----------------------------------------+------------------------+----------------------+
| GPU  Name                 Persistence-M | Bus-Id          Disp.A | Volatile Uncorr. ECC |
| Fan  Temp   Perf          Pwr:Usage/Cap |           Memory-Usage | GPU-Util  Compute M. |
|                                         |                        |               MIG M. |
|=========================================+========================+======================|
|   0  NVIDIA A100-SXM4-40GB          On  |   00000000:00:04.0 Off |                    0 |
| N/A   31C    P0             46W /  400W |       0MiB /  40960MiB |      0%      Default |
|                                         |                        |             Disabled |
+-----------------------------------------+------------------------+----------------------+

+-----------------------------------------------------------------------------------------+
| Processes:                                                                              |
|  GPU   GI   CI              PID   Type   Process name                        GPU Memory |
|        ID   ID                                                               Usage      |
|=========================================================================================|
|  No running processes found                                                             |
+-----------------------------------------------------------------------------------------+
Random seed set to 42 (cudnn.benchmark=True)
Loading online encoder weights (77 keys)
Encoder parameters: 13,412,736
[train] 45 HDF5 files → 11550 samples (16 frames, 224×224 crop, stride=1)
[test] 21 HDF5 files → 1716 samples (16 frames, 224×224 crop, stride=1)
Extracting train features...
    Processed batch 0/722
    Processed batch 50/722
    Processed batch 100/722
    Processed batch 150/722
    Processed batch 200/722
    Processed batch 250/722
    Processed batch 300/722
    Processed batch 350/722
    Processed batch 400/722
    Processed batch 450/722
    Processed batch 500/722
    Processed batch 550/722
    Processed batch 600/722
    Processed batch 650/722
    Processed batch 700/722
Extracting eval features...
    Processed batch 0/108
    Processed batch 50/108
    Processed batch 100/108

Feature stats (raw):
  Train — mean: -0.0012, std: 0.7384, min: -3.3718, max: 3.0825
  Eval  — mean: -0.0011, std: 0.7374, min: -3.3631, max: 3.0600

=== Linear Probe ===
  Probe epoch 0 | Train MSE: 1.1331 | Val MSE: 0.7423
  Probe epoch 10 | Train MSE: 0.1490 | Val MSE: 0.1123
  Probe epoch 20 | Train MSE: 0.0816 | Val MSE: 0.0814
  Probe epoch 30 | Train MSE: 0.0274 | Val MSE: 0.0376
  Probe epoch 40 | Train MSE: 0.0207 | Val MSE: 0.0273
  Probe epoch 50 | Train MSE: 0.0148 | Val MSE: 0.0231
  Probe epoch 60 | Train MSE: 0.0127 | Val MSE: 0.0222
  Probe epoch 70 | Train MSE: 0.0113 | Val MSE: 0.0212
  Probe epoch 80 | Train MSE: 0.0102 | Val MSE: 0.0201
  Probe epoch 90 | Train MSE: 0.0094 | Val MSE: 0.0194
  Probe epoch 100 | Train MSE: 0.0088 | Val MSE: 0.0190
  Probe epoch 110 | Train MSE: 0.0083 | Val MSE: 0.0187
  Probe epoch 120 | Train MSE: 0.0079 | Val MSE: 0.0184
  Probe epoch 130 | Train MSE: 0.0076 | Val MSE: 0.0182
  Probe epoch 140 | Train MSE: 0.0074 | Val MSE: 0.0180
  Probe epoch 150 | Train MSE: 0.0073 | Val MSE: 0.0179
  Probe epoch 160 | Train MSE: 0.0072 | Val MSE: 0.0179
  Probe epoch 170 | Train MSE: 0.0071 | Val MSE: 0.0178
  Probe epoch 180 | Train MSE: 0.0070 | Val MSE: 0.0178
  Probe epoch 190 | Train MSE: 0.0070 | Val MSE: 0.0178
Linear Probe — Total MSE: 0.0178 | α MSE: 0.0090 | ζ MSE: 0.0266

=== kNN (k=10) ===
kNN — Total MSE: 0.0152 | α MSE: 0.0050 | ζ MSE: 0.0254

=== kNN k-sweep ===
k      Total MSE    α MSE        ζ MSE       
1      0.0174       0.0072       0.0276      
3      0.0167       0.0068       0.0266      
5      0.0162       0.0064       0.0259      
10     0.0152       0.0050       0.0254      
20     0.0142       0.0036       0.0247      
50     0.0145       0.0047       0.0243      

=== Linear Probe LR sweep (epochs=200) ===
LR           Total MSE    α MSE        ζ MSE       
  Probe epoch 0 | Train MSE: 2.7944 | Val MSE: 1.3192
  Probe epoch 10 | Train MSE: 0.3057 | Val MSE: 0.5967
  Probe epoch 20 | Train MSE: 0.1219 | Val MSE: 0.2298
  Probe epoch 30 | Train MSE: 0.0637 | Val MSE: 0.0633
  Probe epoch 40 | Train MSE: 0.0127 | Val MSE: 0.0316
  Probe epoch 50 | Train MSE: 0.0108 | Val MSE: 0.0260
  Probe epoch 60 | Train MSE: 0.0079 | Val MSE: 0.0191
  Probe epoch 70 | Train MSE: 0.0053 | Val MSE: 0.0173
  Probe epoch 80 | Train MSE: 0.0045 | Val MSE: 0.0165
  Probe epoch 90 | Train MSE: 0.0037 | Val MSE: 0.0158
  Probe epoch 100 | Train MSE: 0.0034 | Val MSE: 0.0156
  Probe epoch 110 | Train MSE: 0.0031 | Val MSE: 0.0153
  Probe epoch 120 | Train MSE: 0.0030 | Val MSE: 0.0151
  Probe epoch 130 | Train MSE: 0.0029 | Val MSE: 0.0150
  Probe epoch 140 | Train MSE: 0.0028 | Val MSE: 0.0148
  Probe epoch 150 | Train MSE: 0.0027 | Val MSE: 0.0148
  Probe epoch 160 | Train MSE: 0.0027 | Val MSE: 0.0147
  Probe epoch 170 | Train MSE: 0.0026 | Val MSE: 0.0147
  Probe epoch 180 | Train MSE: 0.0026 | Val MSE: 0.0147
  Probe epoch 190 | Train MSE: 0.0026 | Val MSE: 0.0146
1e-02        0.0146       0.0050       0.0243      
  Probe epoch 0 | Train MSE: 1.4364 | Val MSE: 0.7723
  Probe epoch 10 | Train MSE: 0.1927 | Val MSE: 0.1578
  Probe epoch 20 | Train MSE: 0.0895 | Val MSE: 0.1008
  Probe epoch 30 | Train MSE: 0.0311 | Val MSE: 0.0478
  Probe epoch 40 | Train MSE: 0.0179 | Val MSE: 0.0236
  Probe epoch 50 | Train MSE: 0.0128 | Val MSE: 0.0233
  Probe epoch 60 | Train MSE: 0.0113 | Val MSE: 0.0264
  Probe epoch 70 | Train MSE: 0.0101 | Val MSE: 0.0230
  Probe epoch 80 | Train MSE: 0.0095 | Val MSE: 0.0216
  Probe epoch 90 | Train MSE: 0.0089 | Val MSE: 0.0214
  Probe epoch 100 | Train MSE: 0.0086 | Val MSE: 0.0211
  Probe epoch 110 | Train MSE: 0.0083 | Val MSE: 0.0206
  Probe epoch 120 | Train MSE: 0.0081 | Val MSE: 0.0204
  Probe epoch 130 | Train MSE: 0.0079 | Val MSE: 0.0202
  Probe epoch 140 | Train MSE: 0.0077 | Val MSE: 0.0200
  Probe epoch 150 | Train MSE: 0.0076 | Val MSE: 0.0199
  Probe epoch 160 | Train MSE: 0.0076 | Val MSE: 0.0198
  Probe epoch 170 | Train MSE: 0.0075 | Val MSE: 0.0197
  Probe epoch 180 | Train MSE: 0.0075 | Val MSE: 0.0197
  Probe epoch 190 | Train MSE: 0.0075 | Val MSE: 0.0197
1e-03        0.0197       0.0145       0.0248      
  Probe epoch 0 | Train MSE: 1.0166 | Val MSE: 0.9166
  Probe epoch 10 | Train MSE: 0.6796 | Val MSE: 0.6118
  Probe epoch 20 | Train MSE: 0.4439 | Val MSE: 0.4034
  Probe epoch 30 | Train MSE: 0.2966 | Val MSE: 0.2751
  Probe epoch 40 | Train MSE: 0.2105 | Val MSE: 0.1992
  Probe epoch 50 | Train MSE: 0.1585 | Val MSE: 0.1519
  Probe epoch 60 | Train MSE: 0.1237 | Val MSE: 0.1200
  Probe epoch 70 | Train MSE: 0.0989 | Val MSE: 0.0975
  Probe epoch 80 | Train MSE: 0.0809 | Val MSE: 0.0814
  Probe epoch 90 | Train MSE: 0.0679 | Val MSE: 0.0699
  Probe epoch 100 | Train MSE: 0.0585 | Val MSE: 0.0617
  Probe epoch 110 | Train MSE: 0.0517 | Val MSE: 0.0559
  Probe epoch 120 | Train MSE: 0.0468 | Val MSE: 0.0517
  Probe epoch 130 | Train MSE: 0.0433 | Val MSE: 0.0487
  Probe epoch 140 | Train MSE: 0.0408 | Val MSE: 0.0466
  Probe epoch 150 | Train MSE: 0.0391 | Val MSE: 0.0452
  Probe epoch 160 | Train MSE: 0.0379 | Val MSE: 0.0442
  Probe epoch 170 | Train MSE: 0.0372 | Val MSE: 0.0436
  Probe epoch 180 | Train MSE: 0.0368 | Val MSE: 0.0433
  Probe epoch 190 | Train MSE: 0.0365 | Val MSE: 0.0431
1e-04        0.0430       0.0490       0.0371      

==================================================
RESULTS SUMMARY
==================================================
Method               Total MSE    α MSE        ζ MSE       
LP (lr=1e-3)         0.0178       0.0090       0.0266      
kNN (k=10)           0.0152       0.0050       0.0254      

★ BEST RESULTS (from sweeps)
Best LP (lr=1e-02)   0.0146       0.0050       0.0243      
Best kNN (k=20)      0.0142       0.0036       0.0247      
=== Eval finished at $(date) ===
