=== Eval started at Sun May  3 09:20:56 EDT 2026 ===
Checkpoint: /scratch/psp8502/checkpoints/jepa_v3_strongvar/best_eval.pt | Split: test | Extra: --use_target_encoder
Sun May  3 09:20:56 2026       
+-----------------------------------------------------------------------------------------+
| NVIDIA-SMI 580.159.03             Driver Version: 580.159.03     CUDA Version: 13.0     |
+-----------------------------------------+------------------------+----------------------+
| GPU  Name                 Persistence-M | Bus-Id          Disp.A | Volatile Uncorr. ECC |
| Fan  Temp   Perf          Pwr:Usage/Cap |           Memory-Usage | GPU-Util  Compute M. |
|                                         |                        |               MIG M. |
|=========================================+========================+======================|
|   0  NVIDIA A100-SXM4-40GB          On  |   00000000:00:04.0 Off |                    0 |
| N/A   31C    P0             43W /  400W |       0MiB /  40960MiB |      0%      Default |
|                                         |                        |             Disabled |
+-----------------------------------------+------------------------+----------------------+

+-----------------------------------------------------------------------------------------+
| Processes:                                                                              |
|  GPU   GI   CI              PID   Type   Process name                        GPU Memory |
|        ID   ID                                                               Usage      |
|=========================================================================================|
|  No running processes found                                                             |
+-----------------------------------------------------------------------------------------+
Random seed set to 42 (cudnn.benchmark=True)
Loading target (EMA) encoder weights (77 keys)
Encoder parameters: 13,412,736
[train] 45 HDF5 files → 8750 samples (32 frames, 224×224 crop, stride=1)
[test] 21 HDF5 files → 1300 samples (32 frames, 224×224 crop, stride=1)
Extracting train features...
    Processed batch 0/547
    Processed batch 50/547
    Processed batch 100/547
    Processed batch 150/547
    Processed batch 200/547
    Processed batch 250/547
    Processed batch 300/547
    Processed batch 350/547
    Processed batch 400/547
    Processed batch 450/547
    Processed batch 500/547
Extracting eval features...
    Processed batch 0/82
    Processed batch 50/82

Feature stats (raw):
  Train — mean: -0.0002, std: 0.6022, min: -3.2681, max: 3.5382
  Eval  — mean: -0.0002, std: 0.6203, min: -3.1104, max: 2.9752

=== Linear Probe ===
  Probe epoch 0 | Train MSE: 1.3878 | Val MSE: 1.0422
  Probe epoch 10 | Train MSE: 0.3483 | Val MSE: 0.3906
  Probe epoch 20 | Train MSE: 0.2453 | Val MSE: 0.2341
  Probe epoch 30 | Train MSE: 0.1539 | Val MSE: 0.1454
  Probe epoch 40 | Train MSE: 0.1237 | Val MSE: 0.1237
  Probe epoch 50 | Train MSE: 0.1065 | Val MSE: 0.1185
  Probe epoch 60 | Train MSE: 0.0969 | Val MSE: 0.1126
  Probe epoch 70 | Train MSE: 0.0905 | Val MSE: 0.1055
  Probe epoch 80 | Train MSE: 0.0856 | Val MSE: 0.1036
  Probe epoch 90 | Train MSE: 0.0819 | Val MSE: 0.1008
  Probe epoch 100 | Train MSE: 0.0790 | Val MSE: 0.0981
  Probe epoch 110 | Train MSE: 0.0768 | Val MSE: 0.0962
  Probe epoch 120 | Train MSE: 0.0750 | Val MSE: 0.0947
  Probe epoch 130 | Train MSE: 0.0737 | Val MSE: 0.0936
  Probe epoch 140 | Train MSE: 0.0726 | Val MSE: 0.0928
  Probe epoch 150 | Train MSE: 0.0719 | Val MSE: 0.0921
  Probe epoch 160 | Train MSE: 0.0714 | Val MSE: 0.0917
  Probe epoch 170 | Train MSE: 0.0711 | Val MSE: 0.0915
  Probe epoch 180 | Train MSE: 0.0709 | Val MSE: 0.0913
  Probe epoch 190 | Train MSE: 0.0708 | Val MSE: 0.0913
Linear Probe — Total MSE: 0.0913 | α MSE: 0.0536 | ζ MSE: 0.1289

=== kNN (k=10) ===
kNN — Total MSE: 0.0749 | α MSE: 0.0058 | ζ MSE: 0.1440

=== kNN k-sweep ===
k      Total MSE    α MSE        ζ MSE       
1      0.0893       0.0051       0.1736      
3      0.0804       0.0044       0.1565      
5      0.0772       0.0051       0.1492      
10     0.0749       0.0058       0.1440      
20     0.0735       0.0068       0.1402      
50     0.0792       0.0102       0.1482      

=== Linear Probe LR sweep (epochs=200) ===
LR           Total MSE    α MSE        ζ MSE       
  Probe epoch 0 | Train MSE: 1.2267 | Val MSE: 0.8059
  Probe epoch 10 | Train MSE: 0.1919 | Val MSE: 0.1707
  Probe epoch 20 | Train MSE: 0.1142 | Val MSE: 0.1100
  Probe epoch 30 | Train MSE: 0.0822 | Val MSE: 0.0790
  Probe epoch 40 | Train MSE: 0.0589 | Val MSE: 0.0782
  Probe epoch 50 | Train MSE: 0.0517 | Val MSE: 0.0712
  Probe epoch 60 | Train MSE: 0.0474 | Val MSE: 0.0686
  Probe epoch 70 | Train MSE: 0.0448 | Val MSE: 0.0693
  Probe epoch 80 | Train MSE: 0.0429 | Val MSE: 0.0690
  Probe epoch 90 | Train MSE: 0.0415 | Val MSE: 0.0687
  Probe epoch 100 | Train MSE: 0.0405 | Val MSE: 0.0685
  Probe epoch 110 | Train MSE: 0.0396 | Val MSE: 0.0682
  Probe epoch 120 | Train MSE: 0.0390 | Val MSE: 0.0680
  Probe epoch 130 | Train MSE: 0.0385 | Val MSE: 0.0679
  Probe epoch 140 | Train MSE: 0.0381 | Val MSE: 0.0679
  Probe epoch 150 | Train MSE: 0.0378 | Val MSE: 0.0678
  Probe epoch 160 | Train MSE: 0.0376 | Val MSE: 0.0678
  Probe epoch 170 | Train MSE: 0.0375 | Val MSE: 0.0678
  Probe epoch 180 | Train MSE: 0.0374 | Val MSE: 0.0678
  Probe epoch 190 | Train MSE: 0.0374 | Val MSE: 0.0678
1e-02        0.0678       0.0207       0.1149      
  Probe epoch 0 | Train MSE: 1.1107 | Val MSE: 0.6584
  Probe epoch 10 | Train MSE: 0.3705 | Val MSE: 0.3887
  Probe epoch 20 | Train MSE: 0.2121 | Val MSE: 0.1895
  Probe epoch 30 | Train MSE: 0.1645 | Val MSE: 0.1539
  Probe epoch 40 | Train MSE: 0.1328 | Val MSE: 0.1339
  Probe epoch 50 | Train MSE: 0.1148 | Val MSE: 0.1100
  Probe epoch 60 | Train MSE: 0.1040 | Val MSE: 0.1061
  Probe epoch 70 | Train MSE: 0.0959 | Val MSE: 0.0988
  Probe epoch 80 | Train MSE: 0.0899 | Val MSE: 0.0949
  Probe epoch 90 | Train MSE: 0.0854 | Val MSE: 0.0912
  Probe epoch 100 | Train MSE: 0.0818 | Val MSE: 0.0880
  Probe epoch 110 | Train MSE: 0.0791 | Val MSE: 0.0860
  Probe epoch 120 | Train MSE: 0.0770 | Val MSE: 0.0842
  Probe epoch 130 | Train MSE: 0.0754 | Val MSE: 0.0829
  Probe epoch 140 | Train MSE: 0.0741 | Val MSE: 0.0820
  Probe epoch 150 | Train MSE: 0.0733 | Val MSE: 0.0814
  Probe epoch 160 | Train MSE: 0.0727 | Val MSE: 0.0810
  Probe epoch 170 | Train MSE: 0.0723 | Val MSE: 0.0807
  Probe epoch 180 | Train MSE: 0.0721 | Val MSE: 0.0806
  Probe epoch 190 | Train MSE: 0.0720 | Val MSE: 0.0805
1e-03        0.0805       0.0409       0.1201      
  Probe epoch 0 | Train MSE: 1.4739 | Val MSE: 1.1963
  Probe epoch 10 | Train MSE: 1.1999 | Val MSE: 0.9630
  Probe epoch 20 | Train MSE: 0.9733 | Val MSE: 0.7750
  Probe epoch 30 | Train MSE: 0.7950 | Val MSE: 0.6315
  Probe epoch 40 | Train MSE: 0.6602 | Val MSE: 0.5262
  Probe epoch 50 | Train MSE: 0.5607 | Val MSE: 0.4509
  Probe epoch 60 | Train MSE: 0.4882 | Val MSE: 0.3976
  Probe epoch 70 | Train MSE: 0.4353 | Val MSE: 0.3598
  Probe epoch 80 | Train MSE: 0.3965 | Val MSE: 0.3327
  Probe epoch 90 | Train MSE: 0.3676 | Val MSE: 0.3128
  Probe epoch 100 | Train MSE: 0.3460 | Val MSE: 0.2981
  Probe epoch 110 | Train MSE: 0.3297 | Val MSE: 0.2870
  Probe epoch 120 | Train MSE: 0.3174 | Val MSE: 0.2787
  Probe epoch 130 | Train MSE: 0.3081 | Val MSE: 0.2724
  Probe epoch 140 | Train MSE: 0.3013 | Val MSE: 0.2678
  Probe epoch 150 | Train MSE: 0.2965 | Val MSE: 0.2646
  Probe epoch 160 | Train MSE: 0.2931 | Val MSE: 0.2623
  Probe epoch 170 | Train MSE: 0.2910 | Val MSE: 0.2609
  Probe epoch 180 | Train MSE: 0.2897 | Val MSE: 0.2601
  Probe epoch 190 | Train MSE: 0.2891 | Val MSE: 0.2597
1e-04        0.2595       0.2231       0.2959      

==================================================
RESULTS SUMMARY
==================================================
Method               Total MSE    α MSE        ζ MSE       
LP (lr=1e-3)         0.0913       0.0536       0.1289      
kNN (k=10)           0.0749       0.0058       0.1440      

★ BEST RESULTS (from sweeps)
Best LP (lr=1e-02)   0.0678       0.0207       0.1149      
Best kNN (k=20)      0.0735       0.0068       0.1402      
=== Eval finished at $(date) ===
