=== Job started at Thu Apr 16 22:43:27 EDT 2026 ===
Node: b-19-44 | GPU: 0
Config: configs/videomae_small.yaml
Thu Apr 16 22:43:27 2026       
+-----------------------------------------------------------------------------------------+
| NVIDIA-SMI 580.126.09             Driver Version: 580.126.09     CUDA Version: 13.0     |
+-----------------------------------------+------------------------+----------------------+
| GPU  Name                 Persistence-M | Bus-Id          Disp.A | Volatile Uncorr. ECC |
| Fan  Temp   Perf          Pwr:Usage/Cap |           Memory-Usage | GPU-Util  Compute M. |
|                                         |                        |               MIG M. |
|=========================================+========================+======================|
|   0  NVIDIA A100-SXM4-40GB          On  |   00000000:00:04.0 Off |                    0 |
| N/A   31C    P0             51W /  400W |       0MiB /  40960MiB |      0%      Default |
|                                         |                        |             Disabled |
+-----------------------------------------+------------------------+----------------------+

+-----------------------------------------------------------------------------------------+
| Processes:                                                                              |
|  GPU   GI   CI              PID   Type   Process name                        GPU Memory |
|        ID   ID                                                               Usage      |
|=========================================================================================|
|  No running processes found                                                             |
+-----------------------------------------------------------------------------------------+
wandb: [wandb.login()] Loaded credentials for https://api.wandb.ai from WANDB_API_KEY.
wandb: Currently logged in as: psp8502 (psp8502-new-york-university) to https://api.wandb.ai. Use `wandb login --relogin` to force relogin
wandb: setting up run 3zultlnm
wandb: Tracking run with wandb version 0.25.1
wandb: Run data is saved locally in /scratch/psp8502/dl-active-matter/wandb/run-20260416_224400-3zultlnm
wandb: Run `wandb offline` to turn off syncing.
wandb: Syncing run cerulean-terrain-1
wandb: ⭐️ View project at https://wandb.ai/psp8502-new-york-university/dl-active-matter
wandb: 🚀 View run at https://wandb.ai/psp8502-new-york-university/dl-active-matter/runs/3zultlnm
============================================================
EXPERIMENT: videomae_small
Checkpoints → /scratch/psp8502/checkpoints/videomae_small
============================================================
[train] 45 HDF5 files → 11550 samples (16 frames, 224×224 crop, stride=1)
[val] 16 HDF5 files → 1584 samples (16 frames, 224×224 crop, stride=1)
Total parameters: 15,764,992 (15.76M)
  Epoch 0 | Batch 0 | Loss: 0.6328
  Epoch 0 | Batch 50 | Loss: 0.0687
  Epoch 0 | Batch 100 | Loss: 0.1483
  Epoch 0 | Batch 150 | Loss: 0.2096
  Epoch 0 | Batch 200 | Loss: 0.1403
  Epoch 0 | Batch 250 | Loss: 0.2652
  Epoch 0 | Batch 300 | Loss: 0.1351
  Epoch 0 | Batch 350 | Loss: 0.1557
  Epoch 0 | Batch 400 | Loss: 0.1966
  Epoch 0 | Batch 450 | Loss: 0.1130
  Epoch 0 | Batch 500 | Loss: 0.1802
  Epoch 0 | Batch 550 | Loss: 0.1869
  Epoch 0 | Batch 600 | Loss: 0.1726
  Epoch 0 | Batch 650 | Loss: 0.1087
  Epoch 0 | Batch 700 | Loss: 0.1005
  Epoch 0 | Batch 750 | Loss: 0.1454
  Epoch 0 | Batch 800 | Loss: 0.1752
  Epoch 0 | Batch 850 | Loss: 0.2022
  Epoch 0 | Batch 900 | Loss: 0.2742
  Epoch 0 | Batch 950 | Loss: 0.1750
  Epoch 0 | Batch 1000 | Loss: 0.1741
  Epoch 0 | Batch 1050 | Loss: 0.1437
  Epoch 0 | Batch 1100 | Loss: 0.2005
  Epoch 0 | Batch 1150 | Loss: 0.1570
  Epoch 0 | Batch 1200 | Loss: 0.2282
  Epoch 0 | Batch 1250 | Loss: 0.1146
  Epoch 0 | Batch 1300 | Loss: 0.1976
  Epoch 0 | Batch 1350 | Loss: 0.0932
  Epoch 0 | Batch 1400 | Loss: 0.2018
  Epoch 0 | Batch 1450 | Loss: 0.1728
  Epoch 0 | Batch 1500 | Loss: 0.1460
  Epoch 0 | Batch 1550 | Loss: 0.2007
  Epoch 0 | Batch 1600 | Loss: 0.1113
  Epoch 0 | Batch 1650 | Loss: 0.1590
  Epoch 0 | Batch 1700 | Loss: 0.0615
  Epoch 0 | Batch 1750 | Loss: 0.1285
  Epoch 0 | Batch 1800 | Loss: 0.0846
  Epoch 0 | Batch 1850 | Loss: 0.2241
  Epoch 0 | Batch 1900 | Loss: 0.1175
  Epoch 0 | Batch 1950 | Loss: 0.1450
  Epoch 0 | Batch 2000 | Loss: 0.0925
  Epoch 0 | Batch 2050 | Loss: 0.1870
  Epoch 0 | Batch 2100 | Loss: 0.1252
  Epoch 0 | Batch 2150 | Loss: 0.2471
  Epoch 0 | Batch 2200 | Loss: 0.0804
  Epoch 0 | Batch 2250 | Loss: 0.2138
  Epoch 0 | Batch 2300 | Loss: 0.1608
  Epoch 0 | Batch 2350 | Loss: 0.1144
  Epoch 0 | Batch 2400 | Loss: 0.0685
  Epoch 0 | Batch 2450 | Loss: 0.1240
  Epoch 0 | Batch 2500 | Loss: 0.0765
  Epoch 0 | Batch 2550 | Loss: 0.0979
  Epoch 0 | Batch 2600 | Loss: 0.0967
  Epoch 0 | Batch 2650 | Loss: 0.0973
  Epoch 0 | Batch 2700 | Loss: 0.0917
  Epoch 0 | Batch 2750 | Loss: 0.1056
  Epoch 0 | Batch 2800 | Loss: 0.1201
  Epoch 0 | Batch 2850 | Loss: 0.2144
Epoch 0 | Train Loss: 0.1664 | Val Loss: 0.1416
  -> New best val loss: 0.1416
  Epoch 1 | Batch 0 | Loss: 0.1499
  Epoch 1 | Batch 50 | Loss: 0.0607
  Epoch 1 | Batch 100 | Loss: 0.0550
  Epoch 1 | Batch 150 | Loss: 0.1403
  Epoch 1 | Batch 200 | Loss: 0.0874
  Epoch 1 | Batch 250 | Loss: 0.1469
  Epoch 1 | Batch 300 | Loss: 0.1501
  Epoch 1 | Batch 350 | Loss: 0.1045
  Epoch 1 | Batch 400 | Loss: 0.1430
  Epoch 1 | Batch 450 | Loss: 0.2177
  Epoch 1 | Batch 500 | Loss: 0.0891
  Epoch 1 | Batch 550 | Loss: 0.1352
  Epoch 1 | Batch 600 | Loss: 0.1696
  Epoch 1 | Batch 650 | Loss: 0.1073
  Epoch 1 | Batch 700 | Loss: 0.1071
  Epoch 1 | Batch 750 | Loss: 0.1506
  Epoch 1 | Batch 800 | Loss: 0.0995
  Epoch 1 | Batch 850 | Loss: 0.2288
  Epoch 1 | Batch 900 | Loss: 0.0493
  Epoch 1 | Batch 950 | Loss: 0.1503
  Epoch 1 | Batch 1000 | Loss: 0.0991
  Epoch 1 | Batch 1050 | Loss: 0.1781
  Epoch 1 | Batch 1100 | Loss: 0.0985
  Epoch 1 | Batch 1150 | Loss: 0.2369
  Epoch 1 | Batch 1200 | Loss: 0.0627
  Epoch 1 | Batch 1250 | Loss: 0.2340
  Epoch 1 | Batch 1300 | Loss: 0.2171
  Epoch 1 | Batch 1350 | Loss: 0.2768
  Epoch 1 | Batch 1400 | Loss: 0.1444
  Epoch 1 | Batch 1450 | Loss: 0.0637
  Epoch 1 | Batch 1500 | Loss: 0.1233
  Epoch 1 | Batch 1550 | Loss: 0.1498
  Epoch 1 | Batch 1600 | Loss: 0.1843
  Epoch 1 | Batch 1650 | Loss: 0.1605
  Epoch 1 | Batch 1700 | Loss: 0.2038
  Epoch 1 | Batch 1750 | Loss: 0.2319
  Epoch 1 | Batch 1800 | Loss: 0.2395
  Epoch 1 | Batch 1850 | Loss: 0.0915
  Epoch 1 | Batch 1900 | Loss: 0.1719
  Epoch 1 | Batch 1950 | Loss: 0.1553
  Epoch 1 | Batch 2000 | Loss: 0.1449
  Epoch 1 | Batch 2050 | Loss: 0.2741
  Epoch 1 | Batch 2100 | Loss: 0.1381
  Epoch 1 | Batch 2150 | Loss: 0.0439
  Epoch 1 | Batch 2200 | Loss: 0.1279
  Epoch 1 | Batch 2250 | Loss: 0.1080
  Epoch 1 | Batch 2300 | Loss: 0.0790
  Epoch 1 | Batch 2350 | Loss: 0.1457
  Epoch 1 | Batch 2400 | Loss: 0.2056
  Epoch 1 | Batch 2450 | Loss: 0.2049
  Epoch 1 | Batch 2500 | Loss: 0.0568
  Epoch 1 | Batch 2550 | Loss: 0.1848
  Epoch 1 | Batch 2600 | Loss: 0.1353
  Epoch 1 | Batch 2650 | Loss: 0.1704
  Epoch 1 | Batch 2700 | Loss: 0.2312
  Epoch 1 | Batch 2750 | Loss: 0.1826
  Epoch 1 | Batch 2800 | Loss: 0.1195
  Epoch 1 | Batch 2850 | Loss: 0.1719
Epoch 1 | Train Loss: 0.1568 | Val Loss: 0.1381
  -> New best val loss: 0.1381
  Epoch 2 | Batch 0 | Loss: 0.1012
  Epoch 2 | Batch 50 | Loss: 0.1732
  Epoch 2 | Batch 100 | Loss: 0.0722
  Epoch 2 | Batch 150 | Loss: 0.1761
  Epoch 2 | Batch 200 | Loss: 0.2120
  Epoch 2 | Batch 250 | Loss: 0.1042
  Epoch 2 | Batch 300 | Loss: 0.1423
  Epoch 2 | Batch 350 | Loss: 0.1982
  Epoch 2 | Batch 400 | Loss: 0.1732
  Epoch 2 | Batch 450 | Loss: 0.1940
  Epoch 2 | Batch 500 | Loss: 0.1117
  Epoch 2 | Batch 550 | Loss: 0.2925
  Epoch 2 | Batch 600 | Loss: 0.1894
  Epoch 2 | Batch 650 | Loss: 0.0969
  Epoch 2 | Batch 700 | Loss: 0.1487
  Epoch 2 | Batch 750 | Loss: 0.1257
  Epoch 2 | Batch 800 | Loss: 0.2083
  Epoch 2 | Batch 850 | Loss: 0.1921
  Epoch 2 | Batch 900 | Loss: 0.1933
  Epoch 2 | Batch 950 | Loss: 0.1085
  Epoch 2 | Batch 1000 | Loss: 0.1568
  Epoch 2 | Batch 1050 | Loss: 0.1721
  Epoch 2 | Batch 1100 | Loss: 0.1480
  Epoch 2 | Batch 1150 | Loss: 0.1789
  Epoch 2 | Batch 1200 | Loss: 0.1619
  Epoch 2 | Batch 1250 | Loss: 0.2688
  Epoch 2 | Batch 1300 | Loss: 0.2108
  Epoch 2 | Batch 1350 | Loss: 0.1295
  Epoch 2 | Batch 1400 | Loss: 0.0552
  Epoch 2 | Batch 1450 | Loss: 0.1366
  Epoch 2 | Batch 1500 | Loss: 0.1532
  Epoch 2 | Batch 1550 | Loss: 0.1956
  Epoch 2 | Batch 1600 | Loss: 0.2095
  Epoch 2 | Batch 1650 | Loss: 0.1401
  Epoch 2 | Batch 1700 | Loss: 0.2342
  Epoch 2 | Batch 1750 | Loss: 0.1864
  Epoch 2 | Batch 1800 | Loss: 0.1860
  Epoch 2 | Batch 1850 | Loss: 0.1792
  Epoch 2 | Batch 1900 | Loss: 0.1741
  Epoch 2 | Batch 1950 | Loss: 0.1431
  Epoch 2 | Batch 2000 | Loss: 0.1708
  Epoch 2 | Batch 2050 | Loss: 0.0795
  Epoch 2 | Batch 2100 | Loss: 0.1145
  Epoch 2 | Batch 2150 | Loss: 0.1678
  Epoch 2 | Batch 2200 | Loss: 0.1198
  Epoch 2 | Batch 2250 | Loss: 0.1921
  Epoch 2 | Batch 2300 | Loss: 0.0811
  Epoch 2 | Batch 2350 | Loss: 0.1363
  Epoch 2 | Batch 2400 | Loss: 0.1565
  Epoch 2 | Batch 2450 | Loss: 0.1418
  Epoch 2 | Batch 2500 | Loss: 0.1121
  Epoch 2 | Batch 2550 | Loss: 0.1448
  Epoch 2 | Batch 2600 | Loss: 0.1992
  Epoch 2 | Batch 2650 | Loss: 0.2010
  Epoch 2 | Batch 2700 | Loss: 0.0786
  Epoch 2 | Batch 2750 | Loss: 0.1141
  Epoch 2 | Batch 2800 | Loss: 0.1191
  Epoch 2 | Batch 2850 | Loss: 0.1704
Epoch 2 | Train Loss: 0.1545 | Val Loss: 0.1372
  -> New best val loss: 0.1372
  Epoch 3 | Batch 0 | Loss: 0.1539
  Epoch 3 | Batch 50 | Loss: 0.1203
  Epoch 3 | Batch 100 | Loss: 0.1909
  Epoch 3 | Batch 150 | Loss: 0.1304
  Epoch 3 | Batch 200 | Loss: 0.1361
  Epoch 3 | Batch 250 | Loss: 0.1786
  Epoch 3 | Batch 300 | Loss: 0.1562
  Epoch 3 | Batch 350 | Loss: 0.1164
  Epoch 3 | Batch 400 | Loss: 0.2068
  Epoch 3 | Batch 450 | Loss: 0.2542
  Epoch 3 | Batch 500 | Loss: 0.1513
  Epoch 3 | Batch 550 | Loss: 0.1937
  Epoch 3 | Batch 600 | Loss: 0.1208
  Epoch 3 | Batch 650 | Loss: 0.1158
  Epoch 3 | Batch 700 | Loss: 0.0628
  Epoch 3 | Batch 750 | Loss: 0.1512
  Epoch 3 | Batch 800 | Loss: 0.1622
  Epoch 3 | Batch 850 | Loss: 0.0801
  Epoch 3 | Batch 900 | Loss: 0.1104
  Epoch 3 | Batch 950 | Loss: 0.0891
  Epoch 3 | Batch 1000 | Loss: 0.1240
  Epoch 3 | Batch 1050 | Loss: 0.1544
  Epoch 3 | Batch 1100 | Loss: 0.1759
  Epoch 3 | Batch 1150 | Loss: 0.2553
  Epoch 3 | Batch 1200 | Loss: 0.1137
  Epoch 3 | Batch 1250 | Loss: 0.1350
  Epoch 3 | Batch 1300 | Loss: 0.1652
  Epoch 3 | Batch 1350 | Loss: 0.1445
  Epoch 3 | Batch 1400 | Loss: 0.2499
  Epoch 3 | Batch 1450 | Loss: 0.2137
  Epoch 3 | Batch 1500 | Loss: 0.2422
  Epoch 3 | Batch 1550 | Loss: 0.2031
  Epoch 3 | Batch 1600 | Loss: 0.1383
  Epoch 3 | Batch 1650 | Loss: 0.1215
  Epoch 3 | Batch 1700 | Loss: 0.0951
  Epoch 3 | Batch 1750 | Loss: 0.2063
  Epoch 3 | Batch 1800 | Loss: 0.0986
  Epoch 3 | Batch 1850 | Loss: 0.1799
  Epoch 3 | Batch 1900 | Loss: 0.1985
  Epoch 3 | Batch 1950 | Loss: 0.1547
  Epoch 3 | Batch 2000 | Loss: 0.1957
  Epoch 3 | Batch 2050 | Loss: 0.1300
  Epoch 3 | Batch 2100 | Loss: 0.1471
  Epoch 3 | Batch 2150 | Loss: 0.2013
  Epoch 3 | Batch 2200 | Loss: 0.0894
  Epoch 3 | Batch 2250 | Loss: 0.0892
  Epoch 3 | Batch 2300 | Loss: 0.1875
  Epoch 3 | Batch 2350 | Loss: 0.1415
  Epoch 3 | Batch 2400 | Loss: 0.1067
  Epoch 3 | Batch 2450 | Loss: 0.0685
  Epoch 3 | Batch 2500 | Loss: 0.1180
  Epoch 3 | Batch 2550 | Loss: 0.1914
  Epoch 3 | Batch 2600 | Loss: 0.1703
  Epoch 3 | Batch 2650 | Loss: 0.1798
  Epoch 3 | Batch 2700 | Loss: 0.1401
  Epoch 3 | Batch 2750 | Loss: 0.1764
  Epoch 3 | Batch 2800 | Loss: 0.0897
  Epoch 3 | Batch 2850 | Loss: 0.1323
Epoch 3 | Train Loss: 0.1523 | Val Loss: 0.1352
  -> New best val loss: 0.1352
  Epoch 4 | Batch 0 | Loss: 0.1213
  Epoch 4 | Batch 50 | Loss: 0.1333
  Epoch 4 | Batch 100 | Loss: 0.0825
  Epoch 4 | Batch 150 | Loss: 0.1606
  Epoch 4 | Batch 200 | Loss: 0.1008
  Epoch 4 | Batch 250 | Loss: 0.0980
  Epoch 4 | Batch 300 | Loss: 0.1626
  Epoch 4 | Batch 350 | Loss: 0.1286
  Epoch 4 | Batch 400 | Loss: 0.1059
  Epoch 4 | Batch 450 | Loss: 0.2084
  Epoch 4 | Batch 500 | Loss: 0.2018
  Epoch 4 | Batch 550 | Loss: 0.1167
  Epoch 4 | Batch 600 | Loss: 0.1440
  Epoch 4 | Batch 650 | Loss: 0.0529
  Epoch 4 | Batch 700 | Loss: 0.1286
  Epoch 4 | Batch 750 | Loss: 0.1207
  Epoch 4 | Batch 800 | Loss: 0.1281
  Epoch 4 | Batch 850 | Loss: 0.0552
  Epoch 4 | Batch 900 | Loss: 0.2046
  Epoch 4 | Batch 950 | Loss: 0.1086
  Epoch 4 | Batch 1000 | Loss: 0.1260
  Epoch 4 | Batch 1050 | Loss: 0.1545
  Epoch 4 | Batch 1100 | Loss: 0.0938
  Epoch 4 | Batch 1150 | Loss: 0.0697
  Epoch 4 | Batch 1200 | Loss: 0.1065
  Epoch 4 | Batch 1250 | Loss: 0.1466
  Epoch 4 | Batch 1300 | Loss: 0.1378
  Epoch 4 | Batch 1350 | Loss: 0.1446
  Epoch 4 | Batch 1400 | Loss: 0.1671
  Epoch 4 | Batch 1450 | Loss: 0.1151
  Epoch 4 | Batch 1500 | Loss: 0.1190
  Epoch 4 | Batch 1550 | Loss: 0.2368
  Epoch 4 | Batch 1600 | Loss: 0.1393
  Epoch 4 | Batch 1650 | Loss: 0.2067
  Epoch 4 | Batch 1700 | Loss: 0.2118
  Epoch 4 | Batch 1750 | Loss: 0.0971
  Epoch 4 | Batch 1800 | Loss: 0.2599
  Epoch 4 | Batch 1850 | Loss: 0.0950
  Epoch 4 | Batch 1900 | Loss: 0.2270
  Epoch 4 | Batch 1950 | Loss: 0.1809
  Epoch 4 | Batch 2000 | Loss: 0.1511
  Epoch 4 | Batch 2050 | Loss: 0.2353
  Epoch 4 | Batch 2100 | Loss: 0.0894
  Epoch 4 | Batch 2150 | Loss: 0.0730
  Epoch 4 | Batch 2200 | Loss: 0.1610
  Epoch 4 | Batch 2250 | Loss: 0.1613
  Epoch 4 | Batch 2300 | Loss: 0.0948
  Epoch 4 | Batch 2350 | Loss: 0.1868
  Epoch 4 | Batch 2400 | Loss: 0.1496
  Epoch 4 | Batch 2450 | Loss: 0.1644
  Epoch 4 | Batch 2500 | Loss: 0.1142
  Epoch 4 | Batch 2550 | Loss: 0.2183
  Epoch 4 | Batch 2600 | Loss: 0.1042
  Epoch 4 | Batch 2650 | Loss: 0.1078
  Epoch 4 | Batch 2700 | Loss: 0.0646
  Epoch 4 | Batch 2750 | Loss: 0.1644
  Epoch 4 | Batch 2800 | Loss: 0.1570
  Epoch 4 | Batch 2850 | Loss: 0.0870
Epoch 4 | Train Loss: 0.1506 | Val Loss: 0.1351
  -> New best val loss: 0.1351
slurmstepd: error: *** JOB 167543 ON b-19-44 CANCELLED AT 2026-04-17T01:01:02 ***
