=== Job started at Fri Apr 17 02:02:04 EDT 2026 ===
Node: b-19-18 | GPU: 0
Config: configs/videomae_small.yaml
Fri Apr 17 02:02:04 2026       
+-----------------------------------------------------------------------------------------+
| NVIDIA-SMI 580.126.09             Driver Version: 580.126.09     CUDA Version: 13.0     |
+-----------------------------------------+------------------------+----------------------+
| GPU  Name                 Persistence-M | Bus-Id          Disp.A | Volatile Uncorr. ECC |
| Fan  Temp   Perf          Pwr:Usage/Cap |           Memory-Usage | GPU-Util  Compute M. |
|                                         |                        |               MIG M. |
|=========================================+========================+======================|
|   0  NVIDIA A100-SXM4-40GB          On  |   00000000:00:04.0 Off |                    0 |
| N/A   35C    P0             45W /  400W |       0MiB /  40960MiB |      0%      Default |
|                                         |                        |             Disabled |
+-----------------------------------------+------------------------+----------------------+

+-----------------------------------------------------------------------------------------+
| Processes:                                                                              |
|  GPU   GI   CI              PID   Type   Process name                        GPU Memory |
|        ID   ID                                                               Usage      |
|=========================================================================================|
|  No running processes found                                                             |
+-----------------------------------------------------------------------------------------+
wandb: [wandb.login()] Loaded credentials for https://api.wandb.ai from WANDB_API_KEY.
wandb: Currently logged in as: psp8502 (psp8502-new-york-university) to https://api.wandb.ai. Use `wandb login --relogin` to force relogin
wandb: setting up run f5gx2hyf
wandb: Tracking run with wandb version 0.25.1
wandb: Run data is saved locally in /scratch/psp8502/dl-active-matter/wandb/run-20260417_020238-f5gx2hyf
wandb: Run `wandb offline` to turn off syncing.
wandb: Syncing run comic-haze-4
wandb: ⭐️ View project at https://wandb.ai/psp8502-new-york-university/dl-active-matter
wandb: 🚀 View run at https://wandb.ai/psp8502-new-york-university/dl-active-matter/runs/f5gx2hyf
============================================================
EXPERIMENT: videomae_small
Checkpoints → /scratch/psp8502/checkpoints/videomae_small
============================================================
[train] 45 HDF5 files → 11550 samples (16 frames, 224×224 crop, stride=1)
[val] 16 HDF5 files → 1584 samples (16 frames, 224×224 crop, stride=1)
Total parameters: 15,764,992 (15.76M)
Auto-resumed from epoch 5
  Epoch 5 | Batch 0 | Loss: 0.1613
  Epoch 5 | Batch 50 | Loss: 0.0514
  Epoch 5 | Batch 100 | Loss: 0.1329
  Epoch 5 | Batch 150 | Loss: 0.1767
  Epoch 5 | Batch 200 | Loss: 0.1237
  Epoch 5 | Batch 250 | Loss: 0.2208
  Epoch 5 | Batch 300 | Loss: 0.1121
  Epoch 5 | Batch 350 | Loss: 0.1108
  Epoch 5 | Batch 400 | Loss: 0.1610
  Epoch 5 | Batch 450 | Loss: 0.0992
  Epoch 5 | Batch 500 | Loss: 0.1709
  Epoch 5 | Batch 550 | Loss: 0.1786
  Epoch 5 | Batch 600 | Loss: 0.1430
  Epoch 5 | Batch 650 | Loss: 0.0958
  Epoch 5 | Batch 700 | Loss: 0.0957
  Epoch 5 | Batch 750 | Loss: 0.0940
  Epoch 5 | Batch 800 | Loss: 0.1614
  Epoch 5 | Batch 850 | Loss: 0.1845
  Epoch 5 | Batch 900 | Loss: 0.2459
  Epoch 5 | Batch 950 | Loss: 0.1666
  Epoch 5 | Batch 1000 | Loss: 0.1685
  Epoch 5 | Batch 1050 | Loss: 0.1152
  Epoch 5 | Batch 1100 | Loss: 0.1717
  Epoch 5 | Batch 1150 | Loss: 0.1500
  Epoch 5 | Batch 1200 | Loss: 0.2219
  Epoch 5 | Batch 1250 | Loss: 0.1070
  Epoch 5 | Batch 1300 | Loss: 0.1809
  Epoch 5 | Batch 1350 | Loss: 0.0862
  Epoch 5 | Batch 1400 | Loss: 0.1698
  Epoch 5 | Batch 1450 | Loss: 0.1518
  Epoch 5 | Batch 1500 | Loss: 0.1396
  Epoch 5 | Batch 1550 | Loss: 0.1966
  Epoch 5 | Batch 1600 | Loss: 0.0929
  Epoch 5 | Batch 1650 | Loss: 0.1417
  Epoch 5 | Batch 1700 | Loss: 0.0579
  Epoch 5 | Batch 1750 | Loss: 0.1243
  Epoch 5 | Batch 1800 | Loss: 0.0734
  Epoch 5 | Batch 1850 | Loss: 0.1874
  Epoch 5 | Batch 1900 | Loss: 0.1090
  Epoch 5 | Batch 1950 | Loss: 0.1254
  Epoch 5 | Batch 2000 | Loss: 0.0877
  Epoch 5 | Batch 2050 | Loss: 0.1849
  Epoch 5 | Batch 2100 | Loss: 0.1177
  Epoch 5 | Batch 2150 | Loss: 0.2383
  Epoch 5 | Batch 2200 | Loss: 0.0762
  Epoch 5 | Batch 2250 | Loss: 0.2112
  Epoch 5 | Batch 2300 | Loss: 0.1550
  Epoch 5 | Batch 2350 | Loss: 0.1111
  Epoch 5 | Batch 2400 | Loss: 0.0610
  Epoch 5 | Batch 2450 | Loss: 0.1207
  Epoch 5 | Batch 2500 | Loss: 0.0698
  Epoch 5 | Batch 2550 | Loss: 0.0901
  Epoch 5 | Batch 2600 | Loss: 0.0879
  Epoch 5 | Batch 2650 | Loss: 0.0897
  Epoch 5 | Batch 2700 | Loss: 0.0885
  Epoch 5 | Batch 2750 | Loss: 0.0936
  Epoch 5 | Batch 2800 | Loss: 0.1108
  Epoch 5 | Batch 2850 | Loss: 0.2074
Epoch 5 | Train Loss: 0.1488 | Val Loss: 0.1351
  -> New best val loss: 0.1351
  Epoch 6 | Batch 0 | Loss: 0.1432
  Epoch 6 | Batch 50 | Loss: 0.0519
  Epoch 6 | Batch 100 | Loss: 0.0520
  Epoch 6 | Batch 150 | Loss: 0.1264
  Epoch 6 | Batch 200 | Loss: 0.0559
  Epoch 6 | Batch 250 | Loss: 0.1338
  Epoch 6 | Batch 300 | Loss: 0.1396
  Epoch 6 | Batch 350 | Loss: 0.1045
  Epoch 6 | Batch 400 | Loss: 0.1348
  Epoch 6 | Batch 450 | Loss: 0.2051
  Epoch 6 | Batch 500 | Loss: 0.0772
  Epoch 6 | Batch 550 | Loss: 0.1229
  Epoch 6 | Batch 600 | Loss: 0.1610
  Epoch 6 | Batch 650 | Loss: 0.0992
  Epoch 6 | Batch 700 | Loss: 0.1061
  Epoch 6 | Batch 750 | Loss: 0.1375
  Epoch 6 | Batch 800 | Loss: 0.0908
  Epoch 6 | Batch 850 | Loss: 0.2211
  Epoch 6 | Batch 900 | Loss: 0.0457
  Epoch 6 | Batch 950 | Loss: 0.1146
  Epoch 6 | Batch 1000 | Loss: 0.0900
  Epoch 6 | Batch 1050 | Loss: 0.1693
  Epoch 6 | Batch 1100 | Loss: 0.0942
  Epoch 6 | Batch 1150 | Loss: 0.2329
  Epoch 6 | Batch 1200 | Loss: 0.0566
  Epoch 6 | Batch 1250 | Loss: 0.2305
  Epoch 6 | Batch 1300 | Loss: 0.2232
  Epoch 6 | Batch 1350 | Loss: 0.2462
  Epoch 6 | Batch 1400 | Loss: 0.1313
  Epoch 6 | Batch 1450 | Loss: 0.0581
  Epoch 6 | Batch 1500 | Loss: 0.1209
  Epoch 6 | Batch 1550 | Loss: 0.1492
  Epoch 6 | Batch 1600 | Loss: 0.1739
  Epoch 6 | Batch 1650 | Loss: 0.1537
  Epoch 6 | Batch 1700 | Loss: 0.1999
  Epoch 6 | Batch 1750 | Loss: 0.2189
  Epoch 6 | Batch 1800 | Loss: 0.2132
  Epoch 6 | Batch 1850 | Loss: 0.0859
  Epoch 6 | Batch 1900 | Loss: 0.1651
  Epoch 6 | Batch 1950 | Loss: 0.1500
  Epoch 6 | Batch 2000 | Loss: 0.1432
  Epoch 6 | Batch 2050 | Loss: 0.2710
  Epoch 6 | Batch 2100 | Loss: 0.1275
  Epoch 6 | Batch 2150 | Loss: 0.0383
  Epoch 6 | Batch 2200 | Loss: 0.1152
  Epoch 6 | Batch 2250 | Loss: 0.1011
  Epoch 6 | Batch 2300 | Loss: 0.0765
  Epoch 6 | Batch 2350 | Loss: 0.1347
  Epoch 6 | Batch 2400 | Loss: 0.2005
  Epoch 6 | Batch 2450 | Loss: 0.1949
  Epoch 6 | Batch 2500 | Loss: 0.0485
  Epoch 6 | Batch 2550 | Loss: 0.1632
  Epoch 6 | Batch 2600 | Loss: 0.1302
  Epoch 6 | Batch 2650 | Loss: 0.1600
  Epoch 6 | Batch 2700 | Loss: 0.2221
  Epoch 6 | Batch 2750 | Loss: 0.1750
  Epoch 6 | Batch 2800 | Loss: 0.1144
  Epoch 6 | Batch 2850 | Loss: 0.1648
Epoch 6 | Train Loss: 0.1473 | Val Loss: 0.1332
  -> New best val loss: 0.1332
  Epoch 7 | Batch 0 | Loss: 0.0936
  Epoch 7 | Batch 50 | Loss: 0.1682
  Epoch 7 | Batch 100 | Loss: 0.0623
  Epoch 7 | Batch 150 | Loss: 0.1750
  Epoch 7 | Batch 200 | Loss: 0.2042
  Epoch 7 | Batch 250 | Loss: 0.0930
  Epoch 7 | Batch 300 | Loss: 0.1373
  Epoch 7 | Batch 350 | Loss: 0.1847
  Epoch 7 | Batch 400 | Loss: 0.1592
  Epoch 7 | Batch 450 | Loss: 0.1786
  Epoch 7 | Batch 500 | Loss: 0.0998
  Epoch 7 | Batch 550 | Loss: 0.2860
  Epoch 7 | Batch 600 | Loss: 0.1736
  Epoch 7 | Batch 650 | Loss: 0.0874
  Epoch 7 | Batch 700 | Loss: 0.1383
  Epoch 7 | Batch 750 | Loss: 0.1076
  Epoch 7 | Batch 800 | Loss: 0.2035
  Epoch 7 | Batch 850 | Loss: 0.1820
  Epoch 7 | Batch 900 | Loss: 0.1908
  Epoch 7 | Batch 950 | Loss: 0.1009
  Epoch 7 | Batch 1000 | Loss: 0.1562
  Epoch 7 | Batch 1050 | Loss: 0.1616
  Epoch 7 | Batch 1100 | Loss: 0.1370
  Epoch 7 | Batch 1150 | Loss: 0.1532
  Epoch 7 | Batch 1200 | Loss: 0.1553
  Epoch 7 | Batch 1250 | Loss: 0.2639
  Epoch 7 | Batch 1300 | Loss: 0.1904
  Epoch 7 | Batch 1350 | Loss: 0.1233
  Epoch 7 | Batch 1400 | Loss: 0.0474
  Epoch 7 | Batch 1450 | Loss: 0.1285
  Epoch 7 | Batch 1500 | Loss: 0.1411
  Epoch 7 | Batch 1550 | Loss: 0.1889
  Epoch 7 | Batch 1600 | Loss: 0.1703
  Epoch 7 | Batch 1650 | Loss: 0.1262
  Epoch 7 | Batch 1700 | Loss: 0.2145
  Epoch 7 | Batch 1750 | Loss: 0.1830
  Epoch 7 | Batch 1800 | Loss: 0.1796
  Epoch 7 | Batch 1850 | Loss: 0.1768
  Epoch 7 | Batch 1900 | Loss: 0.1668
  Epoch 7 | Batch 1950 | Loss: 0.1352
  Epoch 7 | Batch 2000 | Loss: 0.1512
  Epoch 7 | Batch 2050 | Loss: 0.0712
  Epoch 7 | Batch 2100 | Loss: 0.1068
  Epoch 7 | Batch 2150 | Loss: 0.1541
  Epoch 7 | Batch 2200 | Loss: 0.1092
  Epoch 7 | Batch 2250 | Loss: 0.1907
  Epoch 7 | Batch 2300 | Loss: 0.0764
  Epoch 7 | Batch 2350 | Loss: 0.1295
  Epoch 7 | Batch 2400 | Loss: 0.1397
  Epoch 7 | Batch 2450 | Loss: 0.1402
  Epoch 7 | Batch 2500 | Loss: 0.1102
  Epoch 7 | Batch 2550 | Loss: 0.1344
  Epoch 7 | Batch 2600 | Loss: 0.1928
  Epoch 7 | Batch 2650 | Loss: 0.2007
  Epoch 7 | Batch 2700 | Loss: 0.0719
  Epoch 7 | Batch 2750 | Loss: 0.1061
  Epoch 7 | Batch 2800 | Loss: 0.1138
  Epoch 7 | Batch 2850 | Loss: 0.1548
Epoch 7 | Train Loss: 0.1458 | Val Loss: 0.1331
  -> New best val loss: 0.1331
  Epoch 8 | Batch 0 | Loss: 0.1475
  Epoch 8 | Batch 50 | Loss: 0.1112
  Epoch 8 | Batch 100 | Loss: 0.1732
  Epoch 8 | Batch 150 | Loss: 0.1259
  Epoch 8 | Batch 200 | Loss: 0.1345
  Epoch 8 | Batch 250 | Loss: 0.1734
  Epoch 8 | Batch 300 | Loss: 0.1560
  Epoch 8 | Batch 350 | Loss: 0.1018
  Epoch 8 | Batch 400 | Loss: 0.2029
  Epoch 8 | Batch 450 | Loss: 0.2538
  Epoch 8 | Batch 500 | Loss: 0.1474
  Epoch 8 | Batch 550 | Loss: 0.1912
  Epoch 8 | Batch 600 | Loss: 0.1031
  Epoch 8 | Batch 650 | Loss: 0.1082
  Epoch 8 | Batch 700 | Loss: 0.0505
  Epoch 8 | Batch 750 | Loss: 0.1467
  Epoch 8 | Batch 800 | Loss: 0.1666
  Epoch 8 | Batch 850 | Loss: 0.0723
  Epoch 8 | Batch 900 | Loss: 0.1020
  Epoch 8 | Batch 950 | Loss: 0.0766
  Epoch 8 | Batch 1000 | Loss: 0.1143
  Epoch 8 | Batch 1050 | Loss: 0.1497
  Epoch 8 | Batch 1100 | Loss: 0.1721
  Epoch 8 | Batch 1150 | Loss: 0.2481
  Epoch 8 | Batch 1200 | Loss: 0.0920
  Epoch 8 | Batch 1250 | Loss: 0.1335
  Epoch 8 | Batch 1300 | Loss: 0.1538
  Epoch 8 | Batch 1350 | Loss: 0.1319
  Epoch 8 | Batch 1400 | Loss: 0.2294
  Epoch 8 | Batch 1450 | Loss: 0.2130
  Epoch 8 | Batch 1500 | Loss: 0.2327
  Epoch 8 | Batch 1550 | Loss: 0.2014
  Epoch 8 | Batch 1600 | Loss: 0.1294
  Epoch 8 | Batch 1650 | Loss: 0.1078
  Epoch 8 | Batch 1700 | Loss: 0.0909
  Epoch 8 | Batch 1750 | Loss: 0.1981
  Epoch 8 | Batch 1800 | Loss: 0.0912
  Epoch 8 | Batch 1850 | Loss: 0.1739
  Epoch 8 | Batch 1900 | Loss: 0.1953
  Epoch 8 | Batch 1950 | Loss: 0.1480
  Epoch 8 | Batch 2000 | Loss: 0.1861
  Epoch 8 | Batch 2050 | Loss: 0.1212
  Epoch 8 | Batch 2100 | Loss: 0.1408
  Epoch 8 | Batch 2150 | Loss: 0.1993
  Epoch 8 | Batch 2200 | Loss: 0.0845
  Epoch 8 | Batch 2250 | Loss: 0.0730
  Epoch 8 | Batch 2300 | Loss: 0.1702
  Epoch 8 | Batch 2350 | Loss: 0.1393
  Epoch 8 | Batch 2400 | Loss: 0.0992
  Epoch 8 | Batch 2450 | Loss: 0.0595
  Epoch 8 | Batch 2500 | Loss: 0.1090
  Epoch 8 | Batch 2550 | Loss: 0.1862
  Epoch 8 | Batch 2600 | Loss: 0.1583
  Epoch 8 | Batch 2650 | Loss: 0.1717
  Epoch 8 | Batch 2700 | Loss: 0.1355
  Epoch 8 | Batch 2750 | Loss: 0.1748
  Epoch 8 | Batch 2800 | Loss: 0.0766
  Epoch 8 | Batch 2850 | Loss: 0.1304
Epoch 8 | Train Loss: 0.1441 | Val Loss: 0.1320
  -> New best val loss: 0.1320
  Epoch 9 | Batch 0 | Loss: 0.1165
  Epoch 9 | Batch 50 | Loss: 0.1321
  Epoch 9 | Batch 100 | Loss: 0.0723
  Epoch 9 | Batch 150 | Loss: 0.1522
  Epoch 9 | Batch 200 | Loss: 0.0902
  Epoch 9 | Batch 250 | Loss: 0.0884
  Epoch 9 | Batch 300 | Loss: 0.1607
  Epoch 9 | Batch 350 | Loss: 0.1193
  Epoch 9 | Batch 400 | Loss: 0.1007
  Epoch 9 | Batch 450 | Loss: 0.2035
  Epoch 9 | Batch 500 | Loss: 0.1887
  Epoch 9 | Batch 550 | Loss: 0.1124
  Epoch 9 | Batch 600 | Loss: 0.1446
  Epoch 9 | Batch 650 | Loss: 0.0453
  Epoch 9 | Batch 700 | Loss: 0.1269
  Epoch 9 | Batch 750 | Loss: 0.1113
  Epoch 9 | Batch 800 | Loss: 0.1233
  Epoch 9 | Batch 850 | Loss: 0.0462
  Epoch 9 | Batch 900 | Loss: 0.1926
  Epoch 9 | Batch 950 | Loss: 0.1041
  Epoch 9 | Batch 1000 | Loss: 0.1179
  Epoch 9 | Batch 1050 | Loss: 0.1506
  Epoch 9 | Batch 1100 | Loss: 0.0927
  Epoch 9 | Batch 1150 | Loss: 0.0635
  Epoch 9 | Batch 1200 | Loss: 0.1037
  Epoch 9 | Batch 1250 | Loss: 0.1340
  Epoch 9 | Batch 1300 | Loss: 0.1302
  Epoch 9 | Batch 1350 | Loss: 0.1395
  Epoch 9 | Batch 1400 | Loss: 0.1386
  Epoch 9 | Batch 1450 | Loss: 0.1090
  Epoch 9 | Batch 1500 | Loss: 0.1090
  Epoch 9 | Batch 1550 | Loss: 0.2339
  Epoch 9 | Batch 1600 | Loss: 0.1345
  Epoch 9 | Batch 1650 | Loss: 0.1953
  Epoch 9 | Batch 1700 | Loss: 0.2128
  Epoch 9 | Batch 1750 | Loss: 0.0936
  Epoch 9 | Batch 1800 | Loss: 0.2492
  Epoch 9 | Batch 1850 | Loss: 0.0873
  Epoch 9 | Batch 1900 | Loss: 0.2205
  Epoch 9 | Batch 1950 | Loss: 0.1618
  Epoch 9 | Batch 2000 | Loss: 0.1500
  Epoch 9 | Batch 2050 | Loss: 0.2246
  Epoch 9 | Batch 2100 | Loss: 0.0832
  Epoch 9 | Batch 2150 | Loss: 0.0641
  Epoch 9 | Batch 2200 | Loss: 0.1508
  Epoch 9 | Batch 2250 | Loss: 0.1461
  Epoch 9 | Batch 2300 | Loss: 0.0883
  Epoch 9 | Batch 2350 | Loss: 0.1771
  Epoch 9 | Batch 2400 | Loss: 0.1359
  Epoch 9 | Batch 2450 | Loss: 0.1628
  Epoch 9 | Batch 2500 | Loss: 0.1065
  Epoch 9 | Batch 2550 | Loss: 0.2124
  Epoch 9 | Batch 2600 | Loss: 0.0947
  Epoch 9 | Batch 2650 | Loss: 0.0967
  Epoch 9 | Batch 2700 | Loss: 0.0562
  Epoch 9 | Batch 2750 | Loss: 0.1599
  Epoch 9 | Batch 2800 | Loss: 0.1497
  Epoch 9 | Batch 2850 | Loss: 0.0804
Epoch 9 | Train Loss: 0.1426 | Val Loss: 0.1316
  -> New best val loss: 0.1316
  -> Saved periodic checkpoint: epoch_10.pt
  Epoch 10 | Batch 0 | Loss: 0.1283
  Epoch 10 | Batch 50 | Loss: 0.1768
  Epoch 10 | Batch 100 | Loss: 0.1648
  Epoch 10 | Batch 150 | Loss: 0.0487
  Epoch 10 | Batch 200 | Loss: 0.1545
  Epoch 10 | Batch 250 | Loss: 0.0876
  Epoch 10 | Batch 300 | Loss: 0.1716
  Epoch 10 | Batch 350 | Loss: 0.0882
  Epoch 10 | Batch 400 | Loss: 0.0917
  Epoch 10 | Batch 450 | Loss: 0.1799
  Epoch 10 | Batch 500 | Loss: 0.1153
  Epoch 10 | Batch 550 | Loss: 0.1847
  Epoch 10 | Batch 600 | Loss: 0.1198
  Epoch 10 | Batch 650 | Loss: 0.1261
  Epoch 10 | Batch 700 | Loss: 0.0561
  Epoch 10 | Batch 750 | Loss: 0.2209
  Epoch 10 | Batch 800 | Loss: 0.1639
  Epoch 10 | Batch 850 | Loss: 0.1343
  Epoch 10 | Batch 900 | Loss: 0.2419
  Epoch 10 | Batch 950 | Loss: 0.0947
  Epoch 10 | Batch 1000 | Loss: 0.1143
  Epoch 10 | Batch 1050 | Loss: 0.1293
  Epoch 10 | Batch 1100 | Loss: 0.2446
  Epoch 10 | Batch 1150 | Loss: 0.1615
  Epoch 10 | Batch 1200 | Loss: 0.1433
  Epoch 10 | Batch 1250 | Loss: 0.0718
  Epoch 10 | Batch 1300 | Loss: 0.1772
  Epoch 10 | Batch 1350 | Loss: 0.1778
  Epoch 10 | Batch 1400 | Loss: 0.1639
  Epoch 10 | Batch 1450 | Loss: 0.1170
  Epoch 10 | Batch 1500 | Loss: 0.2527
  Epoch 10 | Batch 1550 | Loss: 0.1020
  Epoch 10 | Batch 1600 | Loss: 0.1243
  Epoch 10 | Batch 1650 | Loss: 0.1752
  Epoch 10 | Batch 1700 | Loss: 0.1868
  Epoch 10 | Batch 1750 | Loss: 0.0972
  Epoch 10 | Batch 1800 | Loss: 0.1513
  Epoch 10 | Batch 1850 | Loss: 0.1403
  Epoch 10 | Batch 1900 | Loss: 0.0877
  Epoch 10 | Batch 1950 | Loss: 0.0990
  Epoch 10 | Batch 2000 | Loss: 0.1533
  Epoch 10 | Batch 2050 | Loss: 0.1150
  Epoch 10 | Batch 2100 | Loss: 0.1215
  Epoch 10 | Batch 2150 | Loss: 0.0803
  Epoch 10 | Batch 2200 | Loss: 0.0591
  Epoch 10 | Batch 2250 | Loss: 0.1713
  Epoch 10 | Batch 2300 | Loss: 0.1026
  Epoch 10 | Batch 2350 | Loss: 0.1936
  Epoch 10 | Batch 2400 | Loss: 0.2422
  Epoch 10 | Batch 2450 | Loss: 0.2048
  Epoch 10 | Batch 2500 | Loss: 0.1832
  Epoch 10 | Batch 2550 | Loss: 0.1866
  Epoch 10 | Batch 2600 | Loss: 0.0798
  Epoch 10 | Batch 2650 | Loss: 0.0780
  Epoch 10 | Batch 2700 | Loss: 0.1215
  Epoch 10 | Batch 2750 | Loss: 0.1728
  Epoch 10 | Batch 2800 | Loss: 0.0666
  Epoch 10 | Batch 2850 | Loss: 0.0483
Epoch 10 | Train Loss: 0.1413 | Val Loss: 0.1307
  -> New best val loss: 0.1307
  Epoch 11 | Batch 0 | Loss: 0.1512
  Epoch 11 | Batch 50 | Loss: 0.2483
  Epoch 11 | Batch 100 | Loss: 0.1139
  Epoch 11 | Batch 150 | Loss: 0.1794
  Epoch 11 | Batch 200 | Loss: 0.1497
  Epoch 11 | Batch 250 | Loss: 0.2180
  Epoch 11 | Batch 300 | Loss: 0.1562
  Epoch 11 | Batch 350 | Loss: 0.2044
  Epoch 11 | Batch 400 | Loss: 0.0857
  Epoch 11 | Batch 450 | Loss: 0.0813
  Epoch 11 | Batch 500 | Loss: 0.1905
  Epoch 11 | Batch 550 | Loss: 0.2281
  Epoch 11 | Batch 600 | Loss: 0.2230
  Epoch 11 | Batch 650 | Loss: 0.0896
  Epoch 11 | Batch 700 | Loss: 0.1152
  Epoch 11 | Batch 750 | Loss: 0.1498
  Epoch 11 | Batch 800 | Loss: 0.0637
  Epoch 11 | Batch 850 | Loss: 0.1017
  Epoch 11 | Batch 900 | Loss: 0.2100
  Epoch 11 | Batch 950 | Loss: 0.1184
  Epoch 11 | Batch 1000 | Loss: 0.1109
  Epoch 11 | Batch 1050 | Loss: 0.0750
  Epoch 11 | Batch 1100 | Loss: 0.1216
  Epoch 11 | Batch 1150 | Loss: 0.1204
  Epoch 11 | Batch 1200 | Loss: 0.1218
  Epoch 11 | Batch 1250 | Loss: 0.1499
  Epoch 11 | Batch 1300 | Loss: 0.0931
  Epoch 11 | Batch 1350 | Loss: 0.2400
  Epoch 11 | Batch 1400 | Loss: 0.1605
  Epoch 11 | Batch 1450 | Loss: 0.0960
  Epoch 11 | Batch 1500 | Loss: 0.0794
  Epoch 11 | Batch 1550 | Loss: 0.0821
  Epoch 11 | Batch 1600 | Loss: 0.1113
  Epoch 11 | Batch 1650 | Loss: 0.1141
  Epoch 11 | Batch 1700 | Loss: 0.1346
  Epoch 11 | Batch 1750 | Loss: 0.1306
  Epoch 11 | Batch 1800 | Loss: 0.0981
  Epoch 11 | Batch 1850 | Loss: 0.1304
  Epoch 11 | Batch 1900 | Loss: 0.1772
  Epoch 11 | Batch 1950 | Loss: 0.1336
  Epoch 11 | Batch 2000 | Loss: 0.0987
  Epoch 11 | Batch 2050 | Loss: 0.2376
  Epoch 11 | Batch 2100 | Loss: 0.0727
  Epoch 11 | Batch 2150 | Loss: 0.1448
  Epoch 11 | Batch 2200 | Loss: 0.1984
  Epoch 11 | Batch 2250 | Loss: 0.1588
  Epoch 11 | Batch 2300 | Loss: 0.1865
  Epoch 11 | Batch 2350 | Loss: 0.0897
  Epoch 11 | Batch 2400 | Loss: 0.1609
  Epoch 11 | Batch 2450 | Loss: 0.1357
  Epoch 11 | Batch 2500 | Loss: 0.0316
  Epoch 11 | Batch 2550 | Loss: 0.1138
  Epoch 11 | Batch 2600 | Loss: 0.0811
  Epoch 11 | Batch 2650 | Loss: 0.1863
  Epoch 11 | Batch 2700 | Loss: 0.2497
  Epoch 11 | Batch 2750 | Loss: 0.1572
  Epoch 11 | Batch 2800 | Loss: 0.1002
  Epoch 11 | Batch 2850 | Loss: 0.1509
Epoch 11 | Train Loss: 0.1397 | Val Loss: 0.1305
  -> New best val loss: 0.1305
  Epoch 12 | Batch 0 | Loss: 0.0981
  Epoch 12 | Batch 50 | Loss: 0.1048
  Epoch 12 | Batch 100 | Loss: 0.1159
slurmstepd: error: *** JOB 167662 ON b-19-18 CANCELLED AT 2026-04-17T04:51:02 ***
